[ 2014-06-17T23:06:54+08:00 ] 120.204.200.21 /
INFO: [ app_begin ] --START--
INFO: Run ReadHtmlCache Behavior [ RunTime:0.000468s ]
INFO: [ app_begin ] --END-- [ RunTime:0.000551s ]
NOTIC: [2] Cannot use a scalar value as an array /home/wwwroot/www.wx-bang.com/PigCms/_Core/Lib/Core/View.class.php 第 69 行.
INFO: [ view_template ] --START--
INFO: Run LocationTemplate Behavior [ RunTime:-0.001606s ]
INFO: [ view_template ] --END-- [ RunTime:0.000473s ]
INFO: [ view_parse ] --START--
NOTIC: [8] Use of undefined constant uid - assumed 'uid' /home/wwwroot/www.wx-bang.com/PigData/logs/Cache/Home/921d53177c151344e729eca7c171fe97.php 第 31 行.
NOTIC: [8] Undefined index: uid /home/wwwroot/www.wx-bang.com/PigData/logs/Cache/Home/921d53177c151344e729eca7c171fe97.php 第 31 行.
INFO: Run ParseTemplate Behavior [ RunTime:-0.002149s ]
INFO: [ view_parse ] --END-- [ RunTime:0.037322s ]
INFO: [ view_filter ] --START--
INFO: Run ContentReplace Behavior [ RunTime:-0.039512s ]
INFO: Run TokenBuild Behavior [ RunTime:-0.039992s ]
INFO: Run WriteHtmlCache Behavior [ RunTime:-0.040379s ]
INFO: Run ShowRuntime Behavior [ RunTime:-0.040664s ]
INFO: [ view_filter ] --END-- [ RunTime:0.001819s ]
INFO: [ view_end ] --START--
INFO: Run ShowPageTrace Behavior [ RunTime:-0.041395s ]
INFO: [ view_end ] --END-- [ RunTime:0.000596s ]

[ 2014-06-17T23:06:54+08:00 ] 112.90.82.139 /
INFO: [ app_begin ] --START--
INFO: Run ReadHtmlCache Behavior [ RunTime:0.000441s ]
INFO: [ app_begin ] --END-- [ RunTime:0.000511s ]
NOTIC: [2] Cannot use a scalar value as an array /home/wwwroot/www.wx-bang.com/PigCms/_Core/Lib/Core/View.class.php 第 69 行.
INFO: [ view_template ] --START--
INFO: Run LocationTemplate Behavior [ RunTime:-0.001770s ]
INFO: [ view_template ] --END-- [ RunTime:0.000471s ]
INFO: [ view_parse ] --START--
NOTIC: [8] Use of undefined constant uid - assumed 'uid' /home/wwwroot/www.wx-bang.com/PigData/logs/Cache/Home/921d53177c151344e729eca7c171fe97.php 第 31 行.
NOTIC: [8] Undefined index: uid /home/wwwroot/www.wx-bang.com/PigData/logs/Cache/Home/921d53177c151344e729eca7c171fe97.php 第 31 行.
INFO: Run ParseTemplate Behavior [ RunTime:-0.002322s ]
INFO: [ view_parse ] --END-- [ RunTime:0.012825s ]
INFO: [ view_filter ] --START--
INFO: Run ContentReplace Behavior [ RunTime:-0.015202s ]
INFO: Run TokenBuild Behavior [ RunTime:-0.015551s ]
INFO: Run WriteHtmlCache Behavior [ RunTime:-0.015935s ]
INFO: Run ShowRuntime Behavior [ RunTime:-0.016313s ]
INFO: [ view_filter ] --END-- [ RunTime:0.001574s ]
INFO: [ view_end ] --START--
INFO: Run ShowPageTrace Behavior [ RunTime:-0.016864s ]
INFO: [ view_end ] --END-- [ RunTime:0.000653s ]

[ 2014-06-17T23:06:54+08:00 ] 180.153.81.158 /
INFO: [ app_begin ] --START--
INFO: Run ReadHtmlCache Behavior [ RunTime:0.000430s ]
INFO: [ app_begin ] --END-- [ RunTime:0.000505s ]
NOTIC: [2] Cannot use a scalar value as an array /home/wwwroot/www.wx-bang.com/PigCms/_Core/Lib/Core/View.class.php 第 69 行.
INFO: [ view_template ] --START--
INFO: Run LocationTemplate Behavior [ RunTime:-0.001524s ]
INFO: [ view_template ] --END-- [ RunTime:0.000391s ]
INFO: [ view_parse ] --START--
NOTIC: [8] Use of undefined constant uid - assumed 'uid' /home/wwwroot/www.wx-bang.com/PigData/logs/Cache/Home/921d53177c151344e729eca7c171fe97.php 第 31 行.
NOTIC: [8] Undefined index: uid /home/wwwroot/www.wx-bang.com/PigData/logs/Cache/Home/921d53177c151344e729eca7c171fe97.php 第 31 行.
INFO: Run ParseTemplate Behavior [ RunTime:-0.001982s ]
INFO: [ view_parse ] --END-- [ RunTime:0.012533s ]
INFO: [ view_filter ] --START--
INFO: Run ContentReplace Behavior [ RunTime:-0.014553s ]
INFO: Run TokenBuild Behavior [ RunTime:-0.014915s ]
INFO: Run WriteHtmlCache Behavior [ RunTime:-0.015303s ]
INFO: Run ShowRuntime Behavior [ RunTime:-0.015553s ]
INFO: [ view_filter ] --END-- [ RunTime:0.001417s ]
INFO: [ view_end ] --START--
INFO: Run ShowPageTrace Behavior [ RunTime:-0.016032s ]
INFO: [ view_end ] --END-- [ RunTime:0.000508s ]

[ 2014-06-17T23:10:16+08:00 ] 112.90.82.164 /
INFO: [ app_begin ] --START--
INFO: Run ReadHtmlCache Behavior [ RunTime:0.000428s ]
INFO: [ app_begin ] --END-- [ RunTime:0.000493s ]
NOTIC: [2] Cannot use a scalar value as an array /home/wwwroot/www.wx-bang.com/PigCms/_Core/Lib/Core/View.class.php 第 69 行.
INFO: [ view_template ] --START--
INFO: Run LocationTemplate Behavior [ RunTime:-0.001667s ]
INFO: [ view_template ] --END-- [ RunTime:0.000645s ]
INFO: [ view_parse ] --START--
NOTIC: [8] Use of undefined constant uid - assumed 'uid' /home/wwwroot/www.wx-bang.com/PigData/logs/Cache/Home/921d53177c151344e729eca7c171fe97.php 第 31 行.
NOTIC: [8] Undefined index: uid /home/wwwroot/www.wx-bang.com/PigData/logs/Cache/Home/921d53177c151344e729eca7c171fe97.php 第 31 行.
INFO: Run ParseTemplate Behavior [ RunTime:-0.002380s ]
INFO: [ view_parse ] --END-- [ RunTime:0.016440s ]
INFO: [ view_filter ] --START--
INFO: Run ContentReplace Behavior [ RunTime:-0.018869s ]
INFO: Run TokenBuild Behavior [ RunTime:-0.019284s ]
INFO: Run WriteHtmlCache Behavior [ RunTime:-0.019712s ]
INFO: Run ShowRuntime Behavior [ RunTime:-0.020005s ]
INFO: [ view_filter ] --END-- [ RunTime:0.001596s ]
INFO: [ view_end ] --START--
INFO: Run ShowPageTrace Behavior [ RunTime:-0.020531s ]
INFO: [ view_end ] --END-- [ RunTime:0.000578s ]

[ 2014-06-17T23:10:45+08:00 ] 120.204.200.21 /
INFO: [ app_begin ] --START--
INFO: Run ReadHtmlCache Behavior [ RunTime:0.000435s ]
INFO: [ app_begin ] --END-- [ RunTime:0.000500s ]
NOTIC: [2] Cannot use a scalar value as an array /home/wwwroot/www.wx-bang.com/PigCms/_Core/Lib/Core/View.class.php 第 69 行.
INFO: [ view_template ] --START--
INFO: Run LocationTemplate Behavior [ RunTime:-0.001530s ]
INFO: [ view_template ] --END-- [ RunTime:0.000392s ]
INFO: [ view_parse ] --START--
NOTIC: [8] Use of undefined constant uid - assumed 'uid' /home/wwwroot/www.wx-bang.com/PigData/logs/Cache/Home/921d53177c151344e729eca7c171fe97.php 第 31 行.
NOTIC: [8] Undefined index: uid /home/wwwroot/www.wx-bang.com/PigData/logs/Cache/Home/921d53177c151344e729eca7c171fe97.php 第 31 行.
INFO: Run ParseTemplate Behavior [ RunTime:-0.001991s ]
INFO: [ view_parse ] --END-- [ RunTime:0.037725s ]
INFO: [ view_filter ] --START--
INFO: Run ContentReplace Behavior [ RunTime:-0.039771s ]
INFO: Run TokenBuild Behavior [ RunTime:-0.040228s ]
INFO: Run WriteHtmlCache Behavior [ RunTime:-0.040684s ]
INFO: Run ShowRuntime Behavior [ RunTime:-0.040984s ]
INFO: [ view_filter ] --END-- [ RunTime:0.001683s ]
INFO: [ view_end ] --START--
INFO: Run ShowPageTrace Behavior [ RunTime:-0.041521s ]
INFO: [ view_end ] --END-- [ RunTime:0.000620s ]

[ 2014-06-17T23:12:53+08:00 ] 120.204.200.21 /
INFO: [ app_begin ] --START--
INFO: Run ReadHtmlCache Behavior [ RunTime:0.000405s ]
INFO: [ app_begin ] --END-- [ RunTime:0.000467s ]
NOTIC: [2] Cannot use a scalar value as an array /home/wwwroot/www.wx-bang.com/PigCms/_Core/Lib/Core/View.class.php 第 69 行.
INFO: [ view_template ] --START--
INFO: Run LocationTemplate Behavior [ RunTime:-0.001464s ]
INFO: [ view_template ] --END-- [ RunTime:0.000373s ]
INFO: [ view_parse ] --START--
NOTIC: [8] Use of undefined constant uid - assumed 'uid' /home/wwwroot/www.wx-bang.com/PigData/logs/Cache/Home/921d53177c151344e729eca7c171fe97.php 第 31 行.
NOTIC: [8] Undefined index: uid /home/wwwroot/www.wx-bang.com/PigData/logs/Cache/Home/921d53177c151344e729eca7c171fe97.php 第 31 行.
INFO: Run ParseTemplate Behavior [ RunTime:-0.001904s ]
INFO: [ view_parse ] --END-- [ RunTime:0.013812s ]
INFO: [ view_filter ] --START--
INFO: Run ContentReplace Behavior [ RunTime:-0.015751s ]
INFO: Run TokenBuild Behavior [ RunTime:-0.016093s ]
INFO: Run WriteHtmlCache Behavior [ RunTime:-0.016476s ]
INFO: Run ShowRuntime Behavior [ RunTime:-0.016729s ]
INFO: [ view_filter ] --END-- [ RunTime:0.001366s ]
INFO: [ view_end ] --START--
INFO: Run ShowPageTrace Behavior [ RunTime:-0.017165s ]
INFO: [ view_end ] --END-- [ RunTime:0.000502s ]

[ 2014-06-17T23:14:41+08:00 ] 120.204.200.21 /
INFO: [ app_begin ] --START--
INFO: Run ReadHtmlCache Behavior [ RunTime:0.000438s ]
INFO: [ app_begin ] --END-- [ RunTime:0.000503s ]
NOTIC: [2] Cannot use a scalar value as an array /home/wwwroot/www.wx-bang.com/PigCms/_Core/Lib/Core/View.class.php 第 69 行.
INFO: [ view_template ] --START--
INFO: Run LocationTemplate Behavior [ RunTime:-0.001558s ]
INFO: [ view_template ] --END-- [ RunTime:0.000494s ]
INFO: [ view_parse ] --START--
NOTIC: [8] Use of undefined constant uid - assumed 'uid' /home/wwwroot/www.wx-bang.com/PigData/logs/Cache/Home/921d53177c151344e729eca7c171fe97.php 第 31 行.
NOTIC: [8] Undefined index: uid /home/wwwroot/www.wx-bang.com/PigData/logs/Cache/Home/921d53177c151344e729eca7c171fe97.php 第 31 行.
INFO: Run ParseTemplate Behavior [ RunTime:-0.002121s ]
INFO: [ view_parse ] --END-- [ RunTime:0.033854s ]
INFO: [ view_filter ] --START--
INFO: Run ContentReplace Behavior [ RunTime:-0.036021s ]
INFO: Run TokenBuild Behavior [ RunTime:-0.036428s ]
INFO: Run WriteHtmlCache Behavior [ RunTime:-0.036826s ]
INFO: Run ShowRuntime Behavior [ RunTime:-0.037092s ]
INFO: [ view_filter ] --END-- [ RunTime:0.001701s ]
INFO: [ view_end ] --START--
INFO: Run ShowPageTrace Behavior [ RunTime:-0.037772s ]
INFO: [ view_end ] --END-- [ RunTime:0.000561s ]

[ 2014-06-17T23:18:11+08:00 ] 112.90.82.164 /
INFO: [ app_begin ] --START--
INFO: Run ReadHtmlCache Behavior [ RunTime:0.000438s ]
INFO: [ app_begin ] --END-- [ RunTime:0.000501s ]
NOTIC: [2] Cannot use a scalar value as an array /home/wwwroot/www.wx-bang.com/PigCms/_Core/Lib/Core/View.class.php 第 69 行.
INFO: [ view_template ] --START--
INFO: Run LocationTemplate Behavior [ RunTime:-0.001673s ]
INFO: [ view_template ] --END-- [ RunTime:0.000380s ]
INFO: [ view_parse ] --START--
NOTIC: [8] Use of undefined constant uid - assumed 'uid' /home/wwwroot/www.wx-bang.com/PigData/logs/Cache/Home/921d53177c151344e729eca7c171fe97.php 第 31 行.
NOTIC: [8] Undefined index: uid /home/wwwroot/www.wx-bang.com/PigData/logs/Cache/Home/921d53177c151344e729eca7c171fe97.php 第 31 行.
INFO: Run ParseTemplate Behavior [ RunTime:-0.002119s ]
INFO: [ view_parse ] --END-- [ RunTime:0.014825s ]
INFO: [ view_filter ] --START--
INFO: Run ContentReplace Behavior [ RunTime:-0.016980s ]
INFO: Run TokenBuild Behavior [ RunTime:-0.017329s ]
INFO: Run WriteHtmlCache Behavior [ RunTime:-0.017739s ]
INFO: Run ShowRuntime Behavior [ RunTime:-0.017991s ]
INFO: [ view_filter ] --END-- [ RunTime:0.001416s ]
INFO: [ view_end ] --START--
INFO: Run ShowPageTrace Behavior [ RunTime:-0.018446s ]
INFO: [ view_end ] --END-- [ RunTime:0.000542s ]

[ 2014-06-17T23:18:41+08:00 ] 120.204.200.21 /
INFO: [ app_begin ] --START--
INFO: Run ReadHtmlCache Behavior [ RunTime:0.000565s ]
INFO: [ app_begin ] --END-- [ RunTime:0.000644s ]
NOTIC: [2] Cannot use a scalar value as an array /home/wwwroot/www.wx-bang.com/PigCms/_Core/Lib/Core/View.class.php 第 69 行.
INFO: [ view_template ] --START--
INFO: Run LocationTemplate Behavior [ RunTime:-0.001883s ]
INFO: [ view_template ] --END-- [ RunTime:0.000393s ]
INFO: [ view_parse ] --START--
NOTIC: [8] Use of undefined constant uid - assumed 'uid' /home/wwwroot/www.wx-bang.com/PigData/logs/Cache/Home/921d53177c151344e729eca7c171fe97.php 第 31 行.
NOTIC: [8] Undefined index: uid /home/wwwroot/www.wx-bang.com/PigData/logs/Cache/Home/921d53177c151344e729eca7c171fe97.php 第 31 行.
INFO: Run ParseTemplate Behavior [ RunTime:-0.002386s ]
INFO: [ view_parse ] --END-- [ RunTime:0.043797s ]
INFO: [ view_filter ] --START--
INFO: Run ContentReplace Behavior [ RunTime:-0.046223s ]
INFO: Run TokenBuild Behavior [ RunTime:-0.046652s ]
INFO: Run WriteHtmlCache Behavior [ RunTime:-0.047077s ]
INFO: Run ShowRuntime Behavior [ RunTime:-0.047334s ]
INFO: [ view_filter ] --END-- [ RunTime:0.001513s ]
INFO: [ view_end ] --START--
INFO: Run ShowPageTrace Behavior [ RunTime:-0.047787s ]
INFO: [ view_end ] --END-- [ RunTime:0.000535s ]

[ 2014-06-17T23:18:51+08:00 ] 183.195.233.189 /
INFO: [ app_begin ] --START--
INFO: Run ReadHtmlCache Behavior [ RunTime:0.000473s ]
INFO: [ app_begin ] --END-- [ RunTime:0.000542s ]
NOTIC: [2] Cannot use a scalar value as an array /home/wwwroot/www.wx-bang.com/PigCms/_Core/Lib/Core/View.class.php 第 69 行.
INFO: [ view_template ] --START--
INFO: Run LocationTemplate Behavior [ RunTime:-0.001714s ]
INFO: [ view_template ] --END-- [ RunTime:0.000463s ]
INFO: [ view_parse ] --START--
NOTIC: [8] Use of undefined constant uid - assumed 'uid' /home/wwwroot/www.wx-bang.com/PigData/logs/Cache/Home/921d53177c151344e729eca7c171fe97.php 第 31 行.
NOTIC: [8] Undefined index: uid /home/wwwroot/www.wx-bang.com/PigData/logs/Cache/Home/921d53177c151344e729eca7c171fe97.php 第 31 行.
INFO: Run ParseTemplate Behavior [ RunTime:-0.002245s ]
INFO: [ view_parse ] --END-- [ RunTime:0.041252s ]
INFO: [ view_filter ] --START--
INFO: Run ContentReplace Behavior [ RunTime:-0.043535s ]
INFO: Run TokenBuild Behavior [ RunTime:-0.043897s ]
INFO: Run WriteHtmlCache Behavior [ RunTime:-0.044283s ]
INFO: Run ShowRuntime Behavior [ RunTime:-0.044551s ]
INFO: [ view_filter ] --END-- [ RunTime:0.001466s ]
INFO: [ view_end ] --START--
INFO: Run ShowPageTrace Behavior [ RunTime:-0.045051s ]
INFO: [ view_end ] --END-- [ RunTime:0.000560s ]

[ 2014-06-17T23:18:51+08:00 ] 101.226.73.30 /
INFO: [ app_begin ] --START--
INFO: Run ReadHtmlCache Behavior [ RunTime:0.000416s ]
INFO: [ app_begin ] --END-- [ RunTime:0.000477s ]
NOTIC: [2] Cannot use a scalar value as an array /home/wwwroot/www.wx-bang.com/PigCms/_Core/Lib/Core/View.class.php 第 69 行.
INFO: [ view_template ] --START--
INFO: Run LocationTemplate Behavior [ RunTime:-0.001610s ]
INFO: [ view_template ] --END-- [ RunTime:0.000374s ]
INFO: [ view_parse ] --START--
NOTIC: [8] Use of undefined constant uid - assumed 'uid' /home/wwwroot/www.wx-bang.com/PigData/logs/Cache/Home/921d53177c151344e729eca7c171fe97.php 第 31 行.
NOTIC: [8] Undefined index: uid /home/wwwroot/www.wx-bang.com/PigData/logs/Cache/Home/921d53177c151344e729eca7c171fe97.php 第 31 行.
INFO: Run ParseTemplate Behavior [ RunTime:-0.002052s ]
INFO: [ view_parse ] --END-- [ RunTime:0.018025s ]
INFO: [ view_filter ] --START--
INFO: Run ContentReplace Behavior [ RunTime:-0.020114s ]
INFO: Run TokenBuild Behavior [ RunTime:-0.020568s ]
INFO: Run WriteHtmlCache Behavior [ RunTime:-0.020947s ]
INFO: Run ShowRuntime Behavior [ RunTime:-0.021287s ]
INFO: [ view_filter ] --END-- [ RunTime:0.001577s ]
INFO: [ view_end ] --START--
INFO: Run ShowPageTrace Behavior [ RunTime:-0.021741s ]
INFO: [ view_end ] --END-- [ RunTime:0.000584s ]

[ 2014-06-17T23:18:53+08:00 ] 112.90.141.121 /
INFO: [ app_begin ] --START--
INFO: Run ReadHtmlCache Behavior [ RunTime:0.000614s ]
INFO: [ app_begin ] --END-- [ RunTime:0.000684s ]
NOTIC: [2] Cannot use a scalar value as an array /home/wwwroot/www.wx-bang.com/PigCms/_Core/Lib/Core/View.class.php 第 69 行.
INFO: [ view_template ] --START--
INFO: Run LocationTemplate Behavior [ RunTime:-0.001828s ]
INFO: [ view_template ] --END-- [ RunTime:0.000426s ]
INFO: [ view_parse ] --START--
NOTIC: [8] Use of undefined constant uid - assumed 'uid' /home/wwwroot/www.wx-bang.com/PigData/logs/Cache/Home/921d53177c151344e729eca7c171fe97.php 第 31 行.
NOTIC: [8] Undefined index: uid /home/wwwroot/www.wx-bang.com/PigData/logs/Cache/Home/921d53177c151344e729eca7c171fe97.php 第 31 行.
INFO: Run ParseTemplate Behavior [ RunTime:-0.002332s ]
INFO: [ view_parse ] --END-- [ RunTime:0.013572s ]
INFO: [ view_filter ] --START--
INFO: Run ContentReplace Behavior [ RunTime:-0.015960s ]
INFO: Run TokenBuild Behavior [ RunTime:-0.016457s ]
INFO: Run WriteHtmlCache Behavior [ RunTime:-0.017089s ]
INFO: Run ShowRuntime Behavior [ RunTime:-0.017441s ]
INFO: [ view_filter ] --END-- [ RunTime:0.002098s ]
INFO: [ view_end ] --START--
INFO: Run ShowPageTrace Behavior [ RunTime:-0.018138s ]
INFO: [ view_end ] --END-- [ RunTime:0.000753s ]

[ 2014-06-17T23:22:45+08:00 ] 120.204.200.21 /
INFO: [ app_begin ] --START--
INFO: Run ReadHtmlCache Behavior [ RunTime:0.000413s ]
INFO: [ app_begin ] --END-- [ RunTime:0.000474s ]
NOTIC: [2] Cannot use a scalar value as an array /home/wwwroot/www.wx-bang.com/PigCms/_Core/Lib/Core/View.class.php 第 69 行.
INFO: [ view_template ] --START--
INFO: Run LocationTemplate Behavior [ RunTime:-0.001554s ]
INFO: [ view_template ] --END-- [ RunTime:0.000379s ]
INFO: [ view_parse ] --START--
NOTIC: [8] Use of undefined constant uid - assumed 'uid' /home/wwwroot/www.wx-bang.com/PigData/logs/Cache/Home/921d53177c151344e729eca7c171fe97.php 第 31 行.
NOTIC: [8] Undefined index: uid /home/wwwroot/www.wx-bang.com/PigData/logs/Cache/Home/921d53177c151344e729eca7c171fe97.php 第 31 行.
INFO: Run ParseTemplate Behavior [ RunTime:-0.002000s ]
INFO: [ view_parse ] --END-- [ RunTime:0.012155s ]
INFO: [ view_filter ] --START--
INFO: Run ContentReplace Behavior [ RunTime:-0.014213s ]
INFO: Run TokenBuild Behavior [ RunTime:-0.014579s ]
INFO: Run WriteHtmlCache Behavior [ RunTime:-0.014971s ]
INFO: Run ShowRuntime Behavior [ RunTime:-0.015244s ]
INFO: [ view_filter ] --END-- [ RunTime:0.001441s ]
INFO: [ view_end ] --START--
INFO: Run ShowPageTrace Behavior [ RunTime:-0.015701s ]
INFO: [ view_end ] --END-- [ RunTime:0.000516s ]

[ 2014-06-17T23:24:51+08:00 ] 180.153.212.45 /
INFO: [ app_begin ] --START--
INFO: Run ReadHtmlCache Behavior [ RunTime:0.000419s ]
INFO: [ app_begin ] --END-- [ RunTime:0.000492s ]
NOTIC: [2] Cannot use a scalar value as an array /home/wwwroot/www.wx-bang.com/PigCms/_Core/Lib/Core/View.class.php 第 69 行.
INFO: [ view_template ] --START--
INFO: Run LocationTemplate Behavior [ RunTime:-0.001595s ]
INFO: [ view_template ] --END-- [ RunTime:0.000398s ]
INFO: [ view_parse ] --START--
NOTIC: [8] Use of undefined constant uid - assumed 'uid' /home/wwwroot/www.wx-bang.com/PigData/logs/Cache/Home/921d53177c151344e729eca7c171fe97.php 第 31 行.
NOTIC: [8] Undefined index: uid /home/wwwroot/www.wx-bang.com/PigData/logs/Cache/Home/921d53177c151344e729eca7c171fe97.php 第 31 行.
INFO: Run ParseTemplate Behavior [ RunTime:-0.002050s ]
INFO: [ view_parse ] --END-- [ RunTime:0.013233s ]
INFO: [ view_filter ] --START--
INFO: Run ContentReplace Behavior [ RunTime:-0.015320s ]
INFO: Run TokenBuild Behavior [ RunTime:-0.015675s ]
INFO: Run WriteHtmlCache Behavior [ RunTime:-0.016105s ]
INFO: Run ShowRuntime Behavior [ RunTime:-0.016437s ]
INFO: [ view_filter ] --END-- [ RunTime:0.001551s ]
INFO: [ view_end ] --START--
INFO: Run ShowPageTrace Behavior [ RunTime:-0.016920s ]
INFO: [ view_end ] --END-- [ RunTime:0.000552s ]

[ 2014-06-17T23:24:51+08:00 ] 183.195.233.188 /
INFO: [ app_begin ] --START--
INFO: Run ReadHtmlCache Behavior [ RunTime:0.000416s ]
INFO: [ app_begin ] --END-- [ RunTime:0.000475s ]
NOTIC: [2] Cannot use a scalar value as an array /home/wwwroot/www.wx-bang.com/PigCms/_Core/Lib/Core/View.class.php 第 69 行.
INFO: [ view_template ] --START--
INFO: Run LocationTemplate Behavior [ RunTime:-0.001548s ]
INFO: [ view_template ] --END-- [ RunTime:0.000377s ]
INFO: [ view_parse ] --START--
NOTIC: [8] Use of undefined constant uid - assumed 'uid' /home/wwwroot/www.wx-bang.com/PigData/logs/Cache/Home/921d53177c151344e729eca7c171fe97.php 第 31 行.
NOTIC: [8] Undefined index: uid /home/wwwroot/www.wx-bang.com/PigData/logs/Cache/Home/921d53177c151344e729eca7c171fe97.php 第 31 行.
INFO: Run ParseTemplate Behavior [ RunTime:-0.001991s ]
INFO: [ view_parse ] --END-- [ RunTime:0.013336s ]
INFO: [ view_filter ] --START--
INFO: Run ContentReplace Behavior [ RunTime:-0.015365s ]
INFO: Run TokenBuild Behavior [ RunTime:-0.015818s ]
INFO: Run WriteHtmlCache Behavior [ RunTime:-0.016196s ]
INFO: Run ShowRuntime Behavior [ RunTime:-0.016453s ]
INFO: [ view_filter ] --END-- [ RunTime:0.001492s ]
INFO: [ view_end ] --START--
INFO: Run ShowPageTrace Behavior [ RunTime:-0.016907s ]
INFO: [ view_end ] --END-- [ RunTime:0.000504s ]

[ 2014-06-17T23:26:12+08:00 ] 112.90.82.164 /
INFO: [ app_begin ] --START--
INFO: Run ReadHtmlCache Behavior [ RunTime:0.000435s ]
INFO: [ app_begin ] --END-- [ RunTime:0.000507s ]
NOTIC: [2] Cannot use a scalar value as an array /home/wwwroot/www.wx-bang.com/PigCms/_Core/Lib/Core/View.class.php 第 69 行.
INFO: [ view_template ] --START--
INFO: Run LocationTemplate Behavior [ RunTime:-0.001795s ]
INFO: [ view_template ] --END-- [ RunTime:0.000500s ]
INFO: [ view_parse ] --START--
NOTIC: [8] Use of undefined constant uid - assumed 'uid' /home/wwwroot/www.wx-bang.com/PigData/logs/Cache/Home/921d53177c151344e729eca7c171fe97.php 第 31 行.
NOTIC: [8] Undefined index: uid /home/wwwroot/www.wx-bang.com/PigData/logs/Cache/Home/921d53177c151344e729eca7c171fe97.php 第 31 行.
INFO: Run ParseTemplate Behavior [ RunTime:-0.002414s ]
INFO: [ view_parse ] --END-- [ RunTime:0.032083s ]
INFO: [ view_filter ] --START--
INFO: Run ContentReplace Behavior [ RunTime:-0.034572s ]
INFO: Run TokenBuild Behavior [ RunTime:-0.035009s ]
INFO: Run WriteHtmlCache Behavior [ RunTime:-0.035393s ]
INFO: Run ShowRuntime Behavior [ RunTime:-0.035767s ]
INFO: [ view_filter ] --END-- [ RunTime:0.001663s ]
INFO: [ view_end ] --START--
INFO: Run ShowPageTrace Behavior [ RunTime:-0.036386s ]
INFO: [ view_end ] --END-- [ RunTime:0.000718s ]

[ 2014-06-17T23:26:41+08:00 ] 120.204.200.21 /
INFO: [ app_begin ] --START--
INFO: Run ReadHtmlCache Behavior [ RunTime:0.001169s ]
INFO: [ app_begin ] --END-- [ RunTime:0.001255s ]
NOTIC: [2] Cannot use a scalar value as an array /home/wwwroot/www.wx-bang.com/PigCms/_Core/Lib/Core/View.class.php 第 69 行.
INFO: [ view_template ] --START--
INFO: Run LocationTemplate Behavior [ RunTime:-0.001546s ]
INFO: [ view_template ] --END-- [ RunTime:0.000385s ]
INFO: [ view_parse ] --START--
NOTIC: [8] Use of undefined constant uid - assumed 'uid' /home/wwwroot/www.wx-bang.com/PigData/logs/Cache/Home/921d53177c151344e729eca7c171fe97.php 第 31 行.
NOTIC: [8] Undefined index: uid /home/wwwroot/www.wx-bang.com/PigData/logs/Cache/Home/921d53177c151344e729eca7c171fe97.php 第 31 行.
INFO: Run ParseTemplate Behavior [ RunTime:-0.002011s ]
INFO: [ view_parse ] --END-- [ RunTime:0.012085s ]
INFO: [ view_filter ] --START--
INFO: Run ContentReplace Behavior [ RunTime:-0.014128s ]
INFO: Run TokenBuild Behavior [ RunTime:-0.014476s ]
INFO: Run WriteHtmlCache Behavior [ RunTime:-0.014869s ]
INFO: Run ShowRuntime Behavior [ RunTime:-0.015132s ]
INFO: [ view_filter ] --END-- [ RunTime:0.001397s ]
INFO: [ view_end ] --START--
INFO: Run ShowPageTrace Behavior [ RunTime:-0.015574s ]
INFO: [ view_end ] --END-- [ RunTime:0.000518s ]

[ 2014-06-17T23:27:04+08:00 ] 180.153.81.158 /
INFO: [ app_begin ] --START--
INFO: Run ReadHtmlCache Behavior [ RunTime:0.000432s ]
INFO: [ app_begin ] --END-- [ RunTime:0.000496s ]
NOTIC: [2] Cannot use a scalar value as an array /home/wwwroot/www.wx-bang.com/PigCms/_Core/Lib/Core/View.class.php 第 69 行.
INFO: [ view_template ] --START--
INFO: Run LocationTemplate Behavior [ RunTime:-0.001592s ]
INFO: [ view_template ] --END-- [ RunTime:0.000391s ]
INFO: [ view_parse ] --START--
NOTIC: [8] Use of undefined constant uid - assumed 'uid' /home/wwwroot/www.wx-bang.com/PigData/logs/Cache/Home/921d53177c151344e729eca7c171fe97.php 第 31 行.
NOTIC: [8] Undefined index: uid /home/wwwroot/www.wx-bang.com/PigData/logs/Cache/Home/921d53177c151344e729eca7c171fe97.php 第 31 行.
INFO: Run ParseTemplate Behavior [ RunTime:-0.002069s ]
INFO: [ view_parse ] --END-- [ RunTime:0.014717s ]
INFO: [ view_filter ] --START--
INFO: Run ContentReplace Behavior [ RunTime:-0.016820s ]
INFO: Run TokenBuild Behavior [ RunTime:-0.017166s ]
INFO: Run WriteHtmlCache Behavior [ RunTime:-0.017598s ]
INFO: Run ShowRuntime Behavior [ RunTime:-0.017879s ]
INFO: [ view_filter ] --END-- [ RunTime:0.001476s ]
INFO: [ view_end ] --START--
INFO: Run ShowPageTrace Behavior [ RunTime:-0.018355s ]
INFO: [ view_end ] --END-- [ RunTime:0.000518s ]

[ 2014-06-17T23:30:41+08:00 ] 120.204.200.21 /
INFO: [ app_begin ] --START--
INFO: Run ReadHtmlCache Behavior [ RunTime:0.000446s ]
INFO: [ app_begin ] --END-- [ RunTime:0.000535s ]
NOTIC: [2] Cannot use a scalar value as an array /home/wwwroot/www.wx-bang.com/PigCms/_Core/Lib/Core/View.class.php 第 69 行.
INFO: [ view_template ] --START--
INFO: Run LocationTemplate Behavior [ RunTime:-0.002063s ]
INFO: [ view_template ] --END-- [ RunTime:0.000422s ]
INFO: [ view_parse ] --START--
NOTIC: [8] Use of undefined constant uid - assumed 'uid' /home/wwwroot/www.wx-bang.com/PigData/logs/Cache/Home/921d53177c151344e729eca7c171fe97.php 第 31 行.
NOTIC: [8] Undefined index: uid /home/wwwroot/www.wx-bang.com/PigData/logs/Cache/Home/921d53177c151344e729eca7c171fe97.php 第 31 行.
INFO: Run ParseTemplate Behavior [ RunTime:-0.002554s ]
INFO: [ view_parse ] --END-- [ RunTime:0.033115s ]
INFO: [ view_filter ] --START--
INFO: Run ContentReplace Behavior [ RunTime:-0.035709s ]
INFO: Run TokenBuild Behavior [ RunTime:-0.036118s ]
INFO: Run WriteHtmlCache Behavior [ RunTime:-0.036677s ]
INFO: Run ShowRuntime Behavior [ RunTime:-0.037057s ]
INFO: [ view_filter ] --END-- [ RunTime:0.001978s ]
INFO: [ view_end ] --START--
INFO: Run ShowPageTrace Behavior [ RunTime:-0.037781s ]
INFO: [ view_end ] --END-- [ RunTime:0.000823s ]

[ 2014-06-17T23:30:49+08:00 ] 183.195.233.188 /
INFO: [ app_begin ] --START--
INFO: Run ReadHtmlCache Behavior [ RunTime:0.000491s ]
INFO: [ app_begin ] --END-- [ RunTime:0.000575s ]
NOTIC: [2] Cannot use a scalar value as an array /home/wwwroot/www.wx-bang.com/PigCms/_Core/Lib/Core/View.class.php 第 69 行.
INFO: [ view_template ] --START--
INFO: Run LocationTemplate Behavior [ RunTime:-0.001805s ]
INFO: [ view_template ] --END-- [ RunTime:0.000453s ]
INFO: [ view_parse ] --START--
NOTIC: [8] Use of undefined constant uid - assumed 'uid' /home/wwwroot/www.wx-bang.com/PigData/logs/Cache/Home/921d53177c151344e729eca7c171fe97.php 第 31 行.
NOTIC: [8] Undefined index: uid /home/wwwroot/www.wx-bang.com/PigData/logs/Cache/Home/921d53177c151344e729eca7c171fe97.php 第 31 行.
INFO: Run ParseTemplate Behavior [ RunTime:-0.002342s ]
INFO: [ view_parse ] --END-- [ RunTime:0.033146s ]
INFO: [ view_filter ] --START--
INFO: Run ContentReplace Behavior [ RunTime:-0.035539s ]
INFO: Run TokenBuild Behavior [ RunTime:-0.035973s ]
INFO: Run WriteHtmlCache Behavior [ RunTime:-0.036486s ]
INFO: Run ShowRuntime Behavior [ RunTime:-0.036772s ]
INFO: [ view_filter ] --END-- [ RunTime:0.001707s ]
INFO: [ view_end ] --START--
INFO: Run ShowPageTrace Behavior [ RunTime:-0.037316s ]
INFO: [ view_end ] --END-- [ RunTime:0.000582s ]

[ 2014-06-17T23:30:49+08:00 ] 180.153.212.45 /
INFO: [ app_begin ] --START--
INFO: Run ReadHtmlCache Behavior [ RunTime:0.000520s ]
INFO: [ app_begin ] --END-- [ RunTime:0.000613s ]
NOTIC: [2] Cannot use a scalar value as an array /home/wwwroot/www.wx-bang.com/PigCms/_Core/Lib/Core/View.class.php 第 69 行.
INFO: [ view_template ] --START--
INFO: Run LocationTemplate Behavior [ RunTime:-0.001585s ]
INFO: [ view_template ] --END-- [ RunTime:0.000385s ]
INFO: [ view_parse ] --START--
NOTIC: [8] Use of undefined constant uid - assumed 'uid' /home/wwwroot/www.wx-bang.com/PigData/logs/Cache/Home/921d53177c151344e729eca7c171fe97.php 第 31 行.
NOTIC: [8] Undefined index: uid /home/wwwroot/www.wx-bang.com/PigData/logs/Cache/Home/921d53177c151344e729eca7c171fe97.php 第 31 行.
INFO: Run ParseTemplate Behavior [ RunTime:-0.002037s ]
INFO: [ view_parse ] --END-- [ RunTime:0.013440s ]
INFO: [ view_filter ] --START--
INFO: Run ContentReplace Behavior [ RunTime:-0.015512s ]
INFO: Run TokenBuild Behavior [ RunTime:-0.015864s ]
INFO: Run WriteHtmlCache Behavior [ RunTime:-0.016343s ]
INFO: Run ShowRuntime Behavior [ RunTime:-0.016595s ]
INFO: [ view_filter ] --END-- [ RunTime:0.001518s ]
INFO: [ view_end ] --START--
INFO: Run ShowPageTrace Behavior [ RunTime:-0.017109s ]
INFO: [ view_end ] --END-- [ RunTime:0.000524s ]

[ 2014-06-17T23:31:01+08:00 ] 180.153.81.158 /
INFO: [ app_begin ] --START--
INFO: Run ReadHtmlCache Behavior [ RunTime:0.000671s ]
INFO: [ app_begin ] --END-- [ RunTime:0.000767s ]
NOTIC: [2] Cannot use a scalar value as an array /home/wwwroot/www.wx-bang.com/PigCms/_Core/Lib/Core/View.class.php 第 69 行.
INFO: [ view_template ] --START--
INFO: Run LocationTemplate Behavior [ RunTime:-0.002680s ]
INFO: [ view_template ] --END-- [ RunTime:0.000538s ]
INFO: [ view_parse ] --START--
NOTIC: [8] Use of undefined constant uid - assumed 'uid' /home/wwwroot/www.wx-bang.com/PigData/logs/Cache/Home/921d53177c151344e729eca7c171fe97.php 第 31 行.
NOTIC: [8] Undefined index: uid /home/wwwroot/www.wx-bang.com/PigData/logs/Cache/Home/921d53177c151344e729eca7c171fe97.php 第 31 行.
INFO: Run ParseTemplate Behavior [ RunTime:-0.003316s ]
INFO: [ view_parse ] --END-- [ RunTime:0.013609s ]
INFO: [ view_filter ] --START--
INFO: Run ContentReplace Behavior [ RunTime:-0.016956s ]
INFO: Run TokenBuild Behavior [ RunTime:-0.017331s ]
INFO: Run WriteHtmlCache Behavior [ RunTime:-0.017714s ]
INFO: Run ShowRuntime Behavior [ RunTime:-0.017975s ]
INFO: [ view_filter ] --END-- [ RunTime:0.001414s ]
INFO: [ view_end ] --START--
INFO: Run ShowPageTrace Behavior [ RunTime:-0.018422s ]
INFO: [ view_end ] --END-- [ RunTime:0.000507s ]

[ 2014-06-17T23:34:16+08:00 ] 112.90.82.164 /
INFO: [ app_begin ] --START--
INFO: Run ReadHtmlCache Behavior [ RunTime:0.000587s ]
INFO: [ app_begin ] --END-- [ RunTime:0.000667s ]
NOTIC: [2] Cannot use a scalar value as an array /home/wwwroot/www.wx-bang.com/PigCms/_Core/Lib/Core/View.class.php 第 69 行.
INFO: [ view_template ] --START--
INFO: Run LocationTemplate Behavior [ RunTime:-0.002062s ]
INFO: [ view_template ] --END-- [ RunTime:0.000526s ]
INFO: [ view_parse ] --START--
NOTIC: [8] Use of undefined constant uid - assumed 'uid' /home/wwwroot/www.wx-bang.com/PigData/logs/Cache/Home/921d53177c151344e729eca7c171fe97.php 第 31 行.
NOTIC: [8] Undefined index: uid /home/wwwroot/www.wx-bang.com/PigData/logs/Cache/Home/921d53177c151344e729eca7c171fe97.php 第 31 行.
INFO: Run ParseTemplate Behavior [ RunTime:-0.002712s ]
INFO: [ view_parse ] --END-- [ RunTime:0.121227s ]
INFO: [ view_filter ] --START--
INFO: Run ContentReplace Behavior [ RunTime:-0.123971s ]
INFO: Run TokenBuild Behavior [ RunTime:-0.124374s ]
INFO: Run WriteHtmlCache Behavior [ RunTime:-0.124763s ]
INFO: Run ShowRuntime Behavior [ RunTime:-0.125058s ]
INFO: [ view_filter ] --END-- [ RunTime:0.001513s ]
INFO: [ view_end ] --START--
INFO: Run ShowPageTrace Behavior [ RunTime:-0.125535s ]
INFO: [ view_end ] --END-- [ RunTime:0.000514s ]

[ 2014-06-17T23:34:45+08:00 ] 120.204.200.21 /
INFO: [ app_begin ] --START--
INFO: Run ReadHtmlCache Behavior [ RunTime:0.000419s ]
INFO: [ app_begin ] --END-- [ RunTime:0.000480s ]
NOTIC: [2] Cannot use a scalar value as an array /home/wwwroot/www.wx-bang.com/PigCms/_Core/Lib/Core/View.class.php 第 69 行.
INFO: [ view_template ] --START--
INFO: Run LocationTemplate Behavior [ RunTime:-0.001552s ]
INFO: [ view_template ] --END-- [ RunTime:0.000381s ]
INFO: [ view_parse ] --START--
NOTIC: [8] Use of undefined constant uid - assumed 'uid' /home/wwwroot/www.wx-bang.com/PigData/logs/Cache/Home/921d53177c151344e729eca7c171fe97.php 第 31 行.
NOTIC: [8] Undefined index: uid /home/wwwroot/www.wx-bang.com/PigData/logs/Cache/Home/921d53177c151344e729eca7c171fe97.php 第 31 行.
INFO: Run ParseTemplate Behavior [ RunTime:-0.002000s ]
INFO: [ view_parse ] --END-- [ RunTime:0.036759s ]
INFO: [ view_filter ] --START--
INFO: Run ContentReplace Behavior [ RunTime:-0.038802s ]
INFO: Run TokenBuild Behavior [ RunTime:-0.039188s ]
INFO: Run WriteHtmlCache Behavior [ RunTime:-0.039583s ]
INFO: Run ShowRuntime Behavior [ RunTime:-0.039849s ]
INFO: [ view_filter ] --END-- [ RunTime:0.001479s ]
INFO: [ view_end ] --START--
INFO: Run ShowPageTrace Behavior [ RunTime:-0.040331s ]
INFO: [ view_end ] --END-- [ RunTime:0.000507s ]

[ 2014-06-17T23:35:01+08:00 ] 180.153.81.158 /
INFO: [ app_begin ] --START--
INFO: Run ReadHtmlCache Behavior [ RunTime:0.000666s ]
INFO: [ app_begin ] --END-- [ RunTime:0.000766s ]
NOTIC: [2] Cannot use a scalar value as an array /home/wwwroot/www.wx-bang.com/PigCms/_Core/Lib/Core/View.class.php 第 69 行.
INFO: [ view_template ] --START--
INFO: Run LocationTemplate Behavior [ RunTime:-0.002324s ]
INFO: [ view_template ] --END-- [ RunTime:0.000603s ]
INFO: [ view_parse ] --START--
NOTIC: [8] Use of undefined constant uid - assumed 'uid' /home/wwwroot/www.wx-bang.com/PigData/logs/Cache/Home/921d53177c151344e729eca7c171fe97.php 第 31 行.
NOTIC: [8] Undefined index: uid /home/wwwroot/www.wx-bang.com/PigData/logs/Cache/Home/921d53177c151344e729eca7c171fe97.php 第 31 行.
INFO: Run ParseTemplate Behavior [ RunTime:-0.003044s ]
INFO: [ view_parse ] --END-- [ RunTime:0.036776s ]
INFO: [ view_filter ] --START--
INFO: Run ContentReplace Behavior [ RunTime:-0.039885s ]
INFO: Run TokenBuild Behavior [ RunTime:-0.041611s ]
INFO: Run WriteHtmlCache Behavior [ RunTime:-0.042267s ]
INFO: Run ShowRuntime Behavior [ RunTime:-0.042647s ]
INFO: [ view_filter ] --END-- [ RunTime:0.003389s ]
INFO: [ view_end ] --START--
INFO: Run ShowPageTrace Behavior [ RunTime:-0.043361s ]
INFO: [ view_end ] --END-- [ RunTime:0.000764s ]

[ 2014-06-17T23:36:49+08:00 ] 183.195.233.188 /
INFO: [ app_begin ] --START--
INFO: Run ReadHtmlCache Behavior [ RunTime:0.000433s ]
INFO: [ app_begin ] --END-- [ RunTime:0.000493s ]
NOTIC: [2] Cannot use a scalar value as an array /home/wwwroot/www.wx-bang.com/PigCms/_Core/Lib/Core/View.class.php 第 69 行.
INFO: [ view_template ] --START--
INFO: Run LocationTemplate Behavior [ RunTime:-0.001633s ]
INFO: [ view_template ] --END-- [ RunTime:0.000384s ]
INFO: [ view_parse ] --START--
NOTIC: [8] Use of undefined constant uid - assumed 'uid' /home/wwwroot/www.wx-bang.com/PigData/logs/Cache/Home/921d53177c151344e729eca7c171fe97.php 第 31 行.
NOTIC: [8] Undefined index: uid /home/wwwroot/www.wx-bang.com/PigData/logs/Cache/Home/921d53177c151344e729eca7c171fe97.php 第 31 行.
INFO: Run ParseTemplate Behavior [ RunTime:-0.002182s ]
INFO: [ view_parse ] --END-- [ RunTime:0.039339s ]
INFO: [ view_filter ] --START--
INFO: Run ContentReplace Behavior [ RunTime:-0.041560s ]
INFO: Run TokenBuild Behavior [ RunTime:-0.041962s ]
INFO: Run WriteHtmlCache Behavior [ RunTime:-0.042348s ]
INFO: Run ShowRuntime Behavior [ RunTime:-0.042603s ]
INFO: [ view_filter ] --END-- [ RunTime:0.001458s ]
INFO: [ view_end ] --START--
INFO: Run ShowPageTrace Behavior [ RunTime:-0.043068s ]
INFO: [ view_end ] --END-- [ RunTime:0.000650s ]

[ 2014-06-17T23:36:49+08:00 ] 101.226.73.30 /
INFO: [ app_begin ] --START--
INFO: Run ReadHtmlCache Behavior [ RunTime:0.000437s ]
INFO: [ app_begin ] --END-- [ RunTime:0.000502s ]
NOTIC: [2] Cannot use a scalar value as an array /home/wwwroot/www.wx-bang.com/PigCms/_Core/Lib/Core/View.class.php 第 69 行.
INFO: [ view_template ] --START--
INFO: Run LocationTemplate Behavior [ RunTime:-0.001575s ]
INFO: [ view_template ] --END-- [ RunTime:0.000377s ]
INFO: [ view_parse ] --START--
NOTIC: [8] Use of undefined constant uid - assumed 'uid' /home/wwwroot/www.wx-bang.com/PigData/logs/Cache/Home/921d53177c151344e729eca7c171fe97.php 第 31 行.
NOTIC: [8] Undefined index: uid /home/wwwroot/www.wx-bang.com/PigData/logs/Cache/Home/921d53177c151344e729eca7c171fe97.php 第 31 行.
INFO: Run ParseTemplate Behavior [ RunTime:-0.002021s ]
INFO: [ view_parse ] --END-- [ RunTime:0.012499s ]
INFO: [ view_filter ] --START--
INFO: Run ContentReplace Behavior [ RunTime:-0.014563s ]
INFO: Run TokenBuild Behavior [ RunTime:-0.014921s ]
INFO: Run WriteHtmlCache Behavior [ RunTime:-0.015293s ]
INFO: Run ShowRuntime Behavior [ RunTime:-0.015558s ]
INFO: [ view_filter ] --END-- [ RunTime:0.001420s ]
INFO: [ view_end ] --START--
INFO: Run ShowPageTrace Behavior [ RunTime:-0.016027s ]
INFO: [ view_end ] --END-- [ RunTime:0.000549s ]

[ 2014-06-17T23:36:51+08:00 ] 112.90.141.121 /
INFO: [ app_begin ] --START--
INFO: Run ReadHtmlCache Behavior [ RunTime:0.000721s ]
INFO: [ app_begin ] --END-- [ RunTime:0.000790s ]
NOTIC: [2] Cannot use a scalar value as an array /home/wwwroot/www.wx-bang.com/PigCms/_Core/Lib/Core/View.class.php 第 69 行.
INFO: [ view_template ] --START--
INFO: Run LocationTemplate Behavior [ RunTime:-0.001498s ]
INFO: [ view_template ] --END-- [ RunTime:0.000383s ]
INFO: [ view_parse ] --START--
NOTIC: [8] Use of undefined constant uid - assumed 'uid' /home/wwwroot/www.wx-bang.com/PigData/logs/Cache/Home/921d53177c151344e729eca7c171fe97.php 第 31 行.
NOTIC: [8] Undefined index: uid /home/wwwroot/www.wx-bang.com/PigData/logs/Cache/Home/921d53177c151344e729eca7c171fe97.php 第 31 行.
INFO: Run ParseTemplate Behavior [ RunTime:-0.001951s ]
INFO: [ view_parse ] --END-- [ RunTime:0.085076s ]
INFO: [ view_filter ] --START--
INFO: Run ContentReplace Behavior [ RunTime:-0.087071s ]
INFO: Run TokenBuild Behavior [ RunTime:-0.087471s ]
INFO: Run WriteHtmlCache Behavior [ RunTime:-0.087886s ]
INFO: Run ShowRuntime Behavior [ RunTime:-0.088154s ]
INFO: [ view_filter ] --END-- [ RunTime:0.001489s ]
INFO: [ view_end ] --START--
INFO: Run ShowPageTrace Behavior [ RunTime:-0.088610s ]
INFO: [ view_end ] --END-- [ RunTime:0.000527s ]

[ 2014-06-17T23:38:12+08:00 ] 112.90.82.164 /
INFO: [ app_begin ] --START--
INFO: Run ReadHtmlCache Behavior [ RunTime:0.000453s ]
INFO: [ app_begin ] --END-- [ RunTime:0.000579s ]
NOTIC: [2] Cannot use a scalar value as an array /home/wwwroot/www.wx-bang.com/PigCms/_Core/Lib/Core/View.class.php 第 69 行.
INFO: [ view_template ] --START--
INFO: Run LocationTemplate Behavior [ RunTime:-0.001673s ]
INFO: [ view_template ] --END-- [ RunTime:0.000384s ]
INFO: [ view_parse ] --START--
NOTIC: [8] Use of undefined constant uid - assumed 'uid' /home/wwwroot/www.wx-bang.com/PigData/logs/Cache/Home/921d53177c151344e729eca7c171fe97.php 第 31 行.
NOTIC: [8] Undefined index: uid /home/wwwroot/www.wx-bang.com/PigData/logs/Cache/Home/921d53177c151344e729eca7c171fe97.php 第 31 行.
INFO: Run ParseTemplate Behavior [ RunTime:-0.002164s ]
INFO: [ view_parse ] --END-- [ RunTime:0.014137s ]
INFO: [ view_filter ] --START--
INFO: Run ContentReplace Behavior [ RunTime:-0.016302s ]
INFO: Run TokenBuild Behavior [ RunTime:-0.016727s ]
INFO: Run WriteHtmlCache Behavior [ RunTime:-0.017161s ]
INFO: Run ShowRuntime Behavior [ RunTime:-0.017415s ]
INFO: [ view_filter ] --END-- [ RunTime:0.001582s ]
INFO: [ view_end ] --START--
INFO: Run ShowPageTrace Behavior [ RunTime:-0.017935s ]
INFO: [ view_end ] --END-- [ RunTime:0.000608s ]

[ 2014-06-17T23:38:41+08:00 ] 120.204.200.21 /
INFO: [ app_begin ] --START--
INFO: Run ReadHtmlCache Behavior [ RunTime:0.000448s ]
INFO: [ app_begin ] --END-- [ RunTime:0.000515s ]
NOTIC: [2] Cannot use a scalar value as an array /home/wwwroot/www.wx-bang.com/PigCms/_Core/Lib/Core/View.class.php 第 69 行.
INFO: [ view_template ] --START--
INFO: Run LocationTemplate Behavior [ RunTime:-0.001538s ]
INFO: [ view_template ] --END-- [ RunTime:0.000380s ]
INFO: [ view_parse ] --START--
NOTIC: [8] Use of undefined constant uid - assumed 'uid' /home/wwwroot/www.wx-bang.com/PigData/logs/Cache/Home/921d53177c151344e729eca7c171fe97.php 第 31 行.
NOTIC: [8] Undefined index: uid /home/wwwroot/www.wx-bang.com/PigData/logs/Cache/Home/921d53177c151344e729eca7c171fe97.php 第 31 行.
INFO: Run ParseTemplate Behavior [ RunTime:-0.002009s ]
INFO: [ view_parse ] --END-- [ RunTime:0.012190s ]
INFO: [ view_filter ] --START--
INFO: Run ContentReplace Behavior [ RunTime:-0.014245s ]
INFO: Run TokenBuild Behavior [ RunTime:-0.014601s ]
INFO: Run WriteHtmlCache Behavior [ RunTime:-0.014995s ]
INFO: Run ShowRuntime Behavior [ RunTime:-0.015257s ]
INFO: [ view_filter ] --END-- [ RunTime:0.001417s ]
INFO: [ view_end ] --START--
INFO: Run ShowPageTrace Behavior [ RunTime:-0.015708s ]
INFO: [ view_end ] --END-- [ RunTime:0.000532s ]

[ 2014-06-17T23:38:57+08:00 ] 180.153.81.158 /
INFO: [ app_begin ] --START--
INFO: Run ReadHtmlCache Behavior [ RunTime:0.000460s ]
INFO: [ app_begin ] --END-- [ RunTime:0.000529s ]
NOTIC: [2] Cannot use a scalar value as an array /home/wwwroot/www.wx-bang.com/PigCms/_Core/Lib/Core/View.class.php 第 69 行.
INFO: [ view_template ] --START--
INFO: Run LocationTemplate Behavior [ RunTime:-0.001556s ]
INFO: [ view_template ] --END-- [ RunTime:0.000393s ]
INFO: [ view_parse ] --START--
NOTIC: [8] Use of undefined constant uid - assumed 'uid' /home/wwwroot/www.wx-bang.com/PigData/logs/Cache/Home/921d53177c151344e729eca7c171fe97.php 第 31 行.
NOTIC: [8] Undefined index: uid /home/wwwroot/www.wx-bang.com/PigData/logs/Cache/Home/921d53177c151344e729eca7c171fe97.php 第 31 行.
INFO: Run ParseTemplate Behavior [ RunTime:-0.002016s ]
INFO: [ view_parse ] --END-- [ RunTime:0.038384s ]
INFO: [ view_filter ] --START--
INFO: Run ContentReplace Behavior [ RunTime:-0.040451s ]
INFO: Run TokenBuild Behavior [ RunTime:-0.040848s ]
INFO: Run WriteHtmlCache Behavior [ RunTime:-0.041236s ]
INFO: Run ShowRuntime Behavior [ RunTime:-0.041501s ]
INFO: [ view_filter ] --END-- [ RunTime:0.001462s ]
INFO: [ view_end ] --START--
INFO: Run ShowPageTrace Behavior [ RunTime:-0.041963s ]
INFO: [ view_end ] --END-- [ RunTime:0.000519s ]

[ 2014-06-17T23:42:12+08:00 ] 112.90.82.164 /
INFO: [ app_begin ] --START--
INFO: Run ReadHtmlCache Behavior [ RunTime:0.000486s ]
INFO: [ app_begin ] --END-- [ RunTime:0.000574s ]
NOTIC: [2] Cannot use a scalar value as an array /home/wwwroot/www.wx-bang.com/PigCms/_Core/Lib/Core/View.class.php 第 69 行.
INFO: [ view_template ] --START--
INFO: Run LocationTemplate Behavior [ RunTime:-0.001735s ]
INFO: [ view_template ] --END-- [ RunTime:0.000462s ]
INFO: [ view_parse ] --START--
NOTIC: [8] Use of undefined constant uid - assumed 'uid' /home/wwwroot/www.wx-bang.com/PigData/logs/Cache/Home/921d53177c151344e729eca7c171fe97.php 第 31 行.
NOTIC: [8] Undefined index: uid /home/wwwroot/www.wx-bang.com/PigData/logs/Cache/Home/921d53177c151344e729eca7c171fe97.php 第 31 行.
INFO: Run ParseTemplate Behavior [ RunTime:-0.002270s ]
INFO: [ view_parse ] --END-- [ RunTime:0.013755s ]
INFO: [ view_filter ] --START--
INFO: Run ContentReplace Behavior [ RunTime:-0.016087s ]
INFO: Run TokenBuild Behavior [ RunTime:-0.016472s ]
INFO: Run WriteHtmlCache Behavior [ RunTime:-0.016910s ]
INFO: Run ShowRuntime Behavior [ RunTime:-0.017213s ]
INFO: [ view_filter ] --END-- [ RunTime:0.001592s ]
INFO: [ view_end ] --START--
INFO: Run ShowPageTrace Behavior [ RunTime:-0.017729s ]
INFO: [ view_end ] --END-- [ RunTime:0.000597s ]

[ 2014-06-17T23:42:42+08:00 ] 120.204.200.21 /
INFO: [ app_begin ] --START--
INFO: Run ReadHtmlCache Behavior [ RunTime:0.000632s ]
INFO: [ app_begin ] --END-- [ RunTime:0.000742s ]
NOTIC: [2] Cannot use a scalar value as an array /home/wwwroot/www.wx-bang.com/PigCms/_Core/Lib/Core/View.class.php 第 69 行.
INFO: [ view_template ] --START--
INFO: Run LocationTemplate Behavior [ RunTime:-0.001546s ]
INFO: [ view_template ] --END-- [ RunTime:0.000445s ]
INFO: [ view_parse ] --START--
NOTIC: [8] Use of undefined constant uid - assumed 'uid' /home/wwwroot/www.wx-bang.com/PigData/logs/Cache/Home/921d53177c151344e729eca7c171fe97.php 第 31 行.
NOTIC: [8] Undefined index: uid /home/wwwroot/www.wx-bang.com/PigData/logs/Cache/Home/921d53177c151344e729eca7c171fe97.php 第 31 行.
INFO: Run ParseTemplate Behavior [ RunTime:-0.002141s ]
INFO: [ view_parse ] --END-- [ RunTime:0.016040s ]
INFO: [ view_filter ] --START--
INFO: Run ContentReplace Behavior [ RunTime:-0.018217s ]
INFO: Run TokenBuild Behavior [ RunTime:-0.018673s ]
INFO: Run WriteHtmlCache Behavior [ RunTime:-0.019060s ]
INFO: Run ShowRuntime Behavior [ RunTime:-0.019337s ]
INFO: [ view_filter ] --END-- [ RunTime:0.001696s ]
INFO: [ view_end ] --START--
INFO: Run ShowPageTrace Behavior [ RunTime:-0.019966s ]
INFO: [ view_end ] --END-- [ RunTime:0.000526s ]

[ 2014-06-17T23:42:48+08:00 ] 183.195.233.188 /
INFO: [ app_begin ] --START--
INFO: Run ReadHtmlCache Behavior [ RunTime:0.000414s ]
INFO: [ app_begin ] --END-- [ RunTime:0.000494s ]
NOTIC: [2] Cannot use a scalar value as an array /home/wwwroot/www.wx-bang.com/PigCms/_Core/Lib/Core/View.class.php 第 69 行.
INFO: [ view_template ] --START--
INFO: Run LocationTemplate Behavior [ RunTime:-0.001507s ]
INFO: [ view_template ] --END-- [ RunTime:0.000376s ]
INFO: [ view_parse ] --START--
NOTIC: [8] Use of undefined constant uid - assumed 'uid' /home/wwwroot/www.wx-bang.com/PigData/logs/Cache/Home/921d53177c151344e729eca7c171fe97.php 第 31 行.
NOTIC: [8] Undefined index: uid /home/wwwroot/www.wx-bang.com/PigData/logs/Cache/Home/921d53177c151344e729eca7c171fe97.php 第 31 行.
INFO: Run ParseTemplate Behavior [ RunTime:-0.001950s ]
INFO: [ view_parse ] --END-- [ RunTime:0.026158s ]
INFO: [ view_filter ] --START--
INFO: Run ContentReplace Behavior [ RunTime:-0.028185s ]
INFO: Run TokenBuild Behavior [ RunTime:-0.028649s ]
INFO: Run WriteHtmlCache Behavior [ RunTime:-0.029113s ]
INFO: Run ShowRuntime Behavior [ RunTime:-0.029423s ]
INFO: [ view_filter ] --END-- [ RunTime:0.001719s ]
INFO: [ view_end ] --START--
INFO: Run ShowPageTrace Behavior [ RunTime:-0.029956s ]
INFO: [ view_end ] --END-- [ RunTime:0.000690s ]

[ 2014-06-17T23:42:48+08:00 ] 101.226.73.30 /
INFO: [ app_begin ] --START--
INFO: Run ReadHtmlCache Behavior [ RunTime:0.000423s ]
INFO: [ app_begin ] --END-- [ RunTime:0.000530s ]
NOTIC: [2] Cannot use a scalar value as an array /home/wwwroot/www.wx-bang.com/PigCms/_Core/Lib/Core/View.class.php 第 69 行.
INFO: [ view_template ] --START--
INFO: Run LocationTemplate Behavior [ RunTime:-0.002302s ]
INFO: [ view_template ] --END-- [ RunTime:0.000561s ]
INFO: [ view_parse ] --START--
NOTIC: [8] Use of undefined constant uid - assumed 'uid' /home/wwwroot/www.wx-bang.com/PigData/logs/Cache/Home/921d53177c151344e729eca7c171fe97.php 第 31 行.
NOTIC: [8] Undefined index: uid /home/wwwroot/www.wx-bang.com/PigData/logs/Cache/Home/921d53177c151344e729eca7c171fe97.php 第 31 行.
INFO: Run ParseTemplate Behavior [ RunTime:-0.002968s ]
INFO: [ view_parse ] --END-- [ RunTime:0.013788s ]
INFO: [ view_filter ] --START--
INFO: Run ContentReplace Behavior [ RunTime:-0.016783s ]
INFO: Run TokenBuild Behavior [ RunTime:-0.017142s ]
INFO: Run WriteHtmlCache Behavior [ RunTime:-0.017532s ]
INFO: Run ShowRuntime Behavior [ RunTime:-0.017785s ]
INFO: [ view_filter ] --END-- [ RunTime:0.001396s ]
INFO: [ view_end ] --START--
INFO: Run ShowPageTrace Behavior [ RunTime:-0.018230s ]
INFO: [ view_end ] --END-- [ RunTime:0.000557s ]

[ 2014-06-17T23:46:16+08:00 ] 112.90.82.164 /
INFO: [ app_begin ] --START--
INFO: Run ReadHtmlCache Behavior [ RunTime:0.000524s ]
INFO: [ app_begin ] --END-- [ RunTime:0.000591s ]
NOTIC: [2] Cannot use a scalar value as an array /home/wwwroot/www.wx-bang.com/PigCms/_Core/Lib/Core/View.class.php 第 69 行.
INFO: [ view_template ] --START--
INFO: Run LocationTemplate Behavior [ RunTime:-0.001662s ]
INFO: [ view_template ] --END-- [ RunTime:0.000431s ]
INFO: [ view_parse ] --START--
NOTIC: [8] Use of undefined constant uid - assumed 'uid' /home/wwwroot/www.wx-bang.com/PigData/logs/Cache/Home/921d53177c151344e729eca7c171fe97.php 第 31 行.
NOTIC: [8] Undefined index: uid /home/wwwroot/www.wx-bang.com/PigData/logs/Cache/Home/921d53177c151344e729eca7c171fe97.php 第 31 行.
INFO: Run ParseTemplate Behavior [ RunTime:-0.002239s ]
INFO: [ view_parse ] --END-- [ RunTime:0.013620s ]
INFO: [ view_filter ] --START--
INFO: Run ContentReplace Behavior [ RunTime:-0.015907s ]
INFO: Run TokenBuild Behavior [ RunTime:-0.016302s ]
INFO: Run WriteHtmlCache Behavior [ RunTime:-0.016734s ]
INFO: Run ShowRuntime Behavior [ RunTime:-0.016985s ]
INFO: [ view_filter ] --END-- [ RunTime:0.001556s ]
INFO: [ view_end ] --START--
INFO: Run ShowPageTrace Behavior [ RunTime:-0.017522s ]
INFO: [ view_end ] --END-- [ RunTime:0.000778s ]

[ 2014-06-17T23:46:46+08:00 ] 120.204.200.21 /
INFO: [ app_begin ] --START--
INFO: Run ReadHtmlCache Behavior [ RunTime:0.000508s ]
INFO: [ app_begin ] --END-- [ RunTime:0.000572s ]
NOTIC: [2] Cannot use a scalar value as an array /home/wwwroot/www.wx-bang.com/PigCms/_Core/Lib/Core/View.class.php 第 69 行.
INFO: [ view_template ] --START--
INFO: Run LocationTemplate Behavior [ RunTime:-0.001573s ]
INFO: [ view_template ] --END-- [ RunTime:0.000403s ]
INFO: [ view_parse ] --START--
NOTIC: [8] Use of undefined constant uid - assumed 'uid' /home/wwwroot/www.wx-bang.com/PigData/logs/Cache/Home/921d53177c151344e729eca7c171fe97.php 第 31 行.
NOTIC: [8] Undefined index: uid /home/wwwroot/www.wx-bang.com/PigData/logs/Cache/Home/921d53177c151344e729eca7c171fe97.php 第 31 行.
INFO: Run ParseTemplate Behavior [ RunTime:-0.002046s ]
INFO: [ view_parse ] --END-- [ RunTime:0.012646s ]
INFO: [ view_filter ] --START--
INFO: Run ContentReplace Behavior [ RunTime:-0.014723s ]
INFO: Run TokenBuild Behavior [ RunTime:-0.015067s ]
INFO: Run WriteHtmlCache Behavior [ RunTime:-0.015443s ]
INFO: Run ShowRuntime Behavior [ RunTime:-0.015744s ]
INFO: [ view_filter ] --END-- [ RunTime:0.001427s ]
INFO: [ view_end ] --START--
INFO: Run ShowPageTrace Behavior [ RunTime:-0.016197s ]
INFO: [ view_end ] --END-- [ RunTime:0.000500s ]

[ 2014-06-17T23:46:56+08:00 ] 180.153.81.158 /
INFO: [ app_begin ] --START--
INFO: Run ReadHtmlCache Behavior [ RunTime:0.000475s ]
INFO: [ app_begin ] --END-- [ RunTime:0.000534s ]
NOTIC: [2] Cannot use a scalar value as an array /home/wwwroot/www.wx-bang.com/PigCms/_Core/Lib/Core/View.class.php 第 69 行.
INFO: [ view_template ] --START--
INFO: Run LocationTemplate Behavior [ RunTime:-0.001481s ]
INFO: [ view_template ] --END-- [ RunTime:0.000386s ]
INFO: [ view_parse ] --START--
NOTIC: [8] Use of undefined constant uid - assumed 'uid' /home/wwwroot/www.wx-bang.com/PigData/logs/Cache/Home/921d53177c151344e729eca7c171fe97.php 第 31 行.
NOTIC: [8] Undefined index: uid /home/wwwroot/www.wx-bang.com/PigData/logs/Cache/Home/921d53177c151344e729eca7c171fe97.php 第 31 行.
INFO: Run ParseTemplate Behavior [ RunTime:-0.001932s ]
INFO: [ view_parse ] --END-- [ RunTime:0.049365s ]
INFO: [ view_filter ] --START--
INFO: Run ContentReplace Behavior [ RunTime:-0.051341s ]
INFO: Run TokenBuild Behavior [ RunTime:-0.051740s ]
INFO: Run WriteHtmlCache Behavior [ RunTime:-0.052136s ]
INFO: Run ShowRuntime Behavior [ RunTime:-0.052390s ]
INFO: [ view_filter ] --END-- [ RunTime:0.001473s ]
INFO: [ view_end ] --START--
INFO: Run ShowPageTrace Behavior [ RunTime:-0.052865s ]
INFO: [ view_end ] --END-- [ RunTime:0.000511s ]

[ 2014-06-17T23:48:46+08:00 ] 180.153.212.45 /
INFO: [ app_begin ] --START--
INFO: Run ReadHtmlCache Behavior [ RunTime:0.000422s ]
INFO: [ app_begin ] --END-- [ RunTime:0.000487s ]
NOTIC: [2] Cannot use a scalar value as an array /home/wwwroot/www.wx-bang.com/PigCms/_Core/Lib/Core/View.class.php 第 69 行.
INFO: [ view_template ] --START--
INFO: Run LocationTemplate Behavior [ RunTime:-0.001568s ]
INFO: [ view_template ] --END-- [ RunTime:0.000443s ]
INFO: [ view_parse ] --START--
NOTIC: [8] Use of undefined constant uid - assumed 'uid' /home/wwwroot/www.wx-bang.com/PigData/logs/Cache/Home/921d53177c151344e729eca7c171fe97.php 第 31 行.
NOTIC: [8] Undefined index: uid /home/wwwroot/www.wx-bang.com/PigData/logs/Cache/Home/921d53177c151344e729eca7c171fe97.php 第 31 行.
INFO: Run ParseTemplate Behavior [ RunTime:-0.002110s ]
INFO: [ view_parse ] --END-- [ RunTime:0.034727s ]
INFO: [ view_filter ] --START--
INFO: Run ContentReplace Behavior [ RunTime:-0.036872s ]
INFO: Run TokenBuild Behavior [ RunTime:-0.037235s ]
INFO: Run WriteHtmlCache Behavior [ RunTime:-0.037679s ]
INFO: Run ShowRuntime Behavior [ RunTime:-0.037965s ]
INFO: [ view_filter ] --END-- [ RunTime:0.001494s ]
INFO: [ view_end ] --START--
INFO: Run ShowPageTrace Behavior [ RunTime:-0.038416s ]
INFO: [ view_end ] --END-- [ RunTime:0.000658s ]

[ 2014-06-17T23:48:46+08:00 ] 183.195.233.188 /
INFO: [ app_begin ] --START--
INFO: Run ReadHtmlCache Behavior [ RunTime:0.000486s ]
INFO: [ app_begin ] --END-- [ RunTime:0.000551s ]
NOTIC: [2] Cannot use a scalar value as an array /home/wwwroot/www.wx-bang.com/PigCms/_Core/Lib/Core/View.class.php 第 69 行.
INFO: [ view_template ] --START--
INFO: Run LocationTemplate Behavior [ RunTime:-0.001619s ]
INFO: [ view_template ] --END-- [ RunTime:0.000437s ]
INFO: [ view_parse ] --START--
NOTIC: [8] Use of undefined constant uid - assumed 'uid' /home/wwwroot/www.wx-bang.com/PigData/logs/Cache/Home/921d53177c151344e729eca7c171fe97.php 第 31 行.
NOTIC: [8] Undefined index: uid /home/wwwroot/www.wx-bang.com/PigData/logs/Cache/Home/921d53177c151344e729eca7c171fe97.php 第 31 行.
INFO: Run ParseTemplate Behavior [ RunTime:-0.002122s ]
INFO: [ view_parse ] --END-- [ RunTime:0.018921s ]
INFO: [ view_filter ] --START--
INFO: Run ContentReplace Behavior [ RunTime:-0.021079s ]
INFO: Run TokenBuild Behavior [ RunTime:-0.021425s ]
INFO: Run WriteHtmlCache Behavior [ RunTime:-0.021988s ]
INFO: Run ShowRuntime Behavior [ RunTime:-0.022325s ]
INFO: [ view_filter ] --END-- [ RunTime:0.001901s ]
INFO: [ view_end ] --START--
INFO: Run ShowPageTrace Behavior [ RunTime:-0.023037s ]
INFO: [ view_end ] --END-- [ RunTime:0.000503s ]

[ 2014-06-17T23:48:46+08:00 ] 112.90.82.139 /
INFO: [ app_begin ] --START--
INFO: Run ReadHtmlCache Behavior [ RunTime:0.000419s ]
INFO: [ app_begin ] --END-- [ RunTime:0.000479s ]
NOTIC: [2] Cannot use a scalar value as an array /home/wwwroot/www.wx-bang.com/PigCms/_Core/Lib/Core/View.class.php 第 69 行.
INFO: [ view_template ] --START--
INFO: Run LocationTemplate Behavior [ RunTime:-0.001472s ]
INFO: [ view_template ] --END-- [ RunTime:0.000381s ]
INFO: [ view_parse ] --START--
NOTIC: [8] Use of undefined constant uid - assumed 'uid' /home/wwwroot/www.wx-bang.com/PigData/logs/Cache/Home/921d53177c151344e729eca7c171fe97.php 第 31 行.
NOTIC: [8] Undefined index: uid /home/wwwroot/www.wx-bang.com/PigData/logs/Cache/Home/921d53177c151344e729eca7c171fe97.php 第 31 行.
INFO: Run ParseTemplate Behavior [ RunTime:-0.001920s ]
INFO: [ view_parse ] --END-- [ RunTime:0.011687s ]
INFO: [ view_filter ] --START--
INFO: Run ContentReplace Behavior [ RunTime:-0.013649s ]
INFO: Run TokenBuild Behavior [ RunTime:-0.013986s ]
INFO: Run WriteHtmlCache Behavior [ RunTime:-0.014357s ]
INFO: Run ShowRuntime Behavior [ RunTime:-0.014606s ]
INFO: [ view_filter ] --END-- [ RunTime:0.001356s ]
INFO: [ view_end ] --START--
INFO: Run ShowPageTrace Behavior [ RunTime:-0.015051s ]
INFO: [ view_end ] --END-- [ RunTime:0.000488s ]

[ 2014-06-17T23:50:12+08:00 ] 112.90.82.164 /
INFO: [ app_begin ] --START--
INFO: Run ReadHtmlCache Behavior [ RunTime:0.000434s ]
INFO: [ app_begin ] --END-- [ RunTime:0.000504s ]
NOTIC: [2] Cannot use a scalar value as an array /home/wwwroot/www.wx-bang.com/PigCms/_Core/Lib/Core/View.class.php 第 69 行.
INFO: [ view_template ] --START--
INFO: Run LocationTemplate Behavior [ RunTime:-0.001635s ]
INFO: [ view_template ] --END-- [ RunTime:0.000448s ]
INFO: [ view_parse ] --START--
NOTIC: [8] Use of undefined constant uid - assumed 'uid' /home/wwwroot/www.wx-bang.com/PigData/logs/Cache/Home/921d53177c151344e729eca7c171fe97.php 第 31 行.
NOTIC: [8] Undefined index: uid /home/wwwroot/www.wx-bang.com/PigData/logs/Cache/Home/921d53177c151344e729eca7c171fe97.php 第 31 行.
INFO: Run ParseTemplate Behavior [ RunTime:-0.002165s ]
INFO: [ view_parse ] --END-- [ RunTime:0.037055s ]
INFO: [ view_filter ] --START--
INFO: Run ContentReplace Behavior [ RunTime:-0.039269s ]
INFO: Run TokenBuild Behavior [ RunTime:-0.039707s ]
INFO: Run WriteHtmlCache Behavior [ RunTime:-0.040138s ]
INFO: Run ShowRuntime Behavior [ RunTime:-0.040448s ]
INFO: [ view_filter ] --END-- [ RunTime:0.001633s ]
INFO: [ view_end ] --START--
INFO: Run ShowPageTrace Behavior [ RunTime:-0.040961s ]
INFO: [ view_end ] --END-- [ RunTime:0.000597s ]

[ 2014-06-17T23:50:42+08:00 ] 120.204.200.21 /
INFO: [ app_begin ] --START--
INFO: Run ReadHtmlCache Behavior [ RunTime:0.000483s ]
INFO: [ app_begin ] --END-- [ RunTime:0.000557s ]
NOTIC: [2] Cannot use a scalar value as an array /home/wwwroot/www.wx-bang.com/PigCms/_Core/Lib/Core/View.class.php 第 69 行.
INFO: [ view_template ] --START--
INFO: Run LocationTemplate Behavior [ RunTime:-0.001548s ]
INFO: [ view_template ] --END-- [ RunTime:0.000417s ]
INFO: [ view_parse ] --START--
NOTIC: [8] Use of undefined constant uid - assumed 'uid' /home/wwwroot/www.wx-bang.com/PigData/logs/Cache/Home/921d53177c151344e729eca7c171fe97.php 第 31 行.
NOTIC: [8] Undefined index: uid /home/wwwroot/www.wx-bang.com/PigData/logs/Cache/Home/921d53177c151344e729eca7c171fe97.php 第 31 行.
INFO: Run ParseTemplate Behavior [ RunTime:-0.002034s ]
INFO: [ view_parse ] --END-- [ RunTime:0.012069s ]
INFO: [ view_filter ] --START--
INFO: Run ContentReplace Behavior [ RunTime:-0.014135s ]
INFO: Run TokenBuild Behavior [ RunTime:-0.014479s ]
INFO: Run WriteHtmlCache Behavior [ RunTime:-0.014888s ]
INFO: Run ShowRuntime Behavior [ RunTime:-0.015143s ]
INFO: [ view_filter ] --END-- [ RunTime:0.001401s ]
INFO: [ view_end ] --START--
INFO: Run ShowPageTrace Behavior [ RunTime:-0.015584s ]
INFO: [ view_end ] --END-- [ RunTime:0.000555s ]

[ 2014-06-17T23:50:59+08:00 ] 180.153.81.158 /
INFO: [ app_begin ] --START--
INFO: Run ReadHtmlCache Behavior [ RunTime:0.000450s ]
INFO: [ app_begin ] --END-- [ RunTime:0.000558s ]
NOTIC: [2] Cannot use a scalar value as an array /home/wwwroot/www.wx-bang.com/PigCms/_Core/Lib/Core/View.class.php 第 69 行.
INFO: [ view_template ] --START--
INFO: Run LocationTemplate Behavior [ RunTime:-0.001567s ]
INFO: [ view_template ] --END-- [ RunTime:0.000426s ]
INFO: [ view_parse ] --START--
NOTIC: [8] Use of undefined constant uid - assumed 'uid' /home/wwwroot/www.wx-bang.com/PigData/logs/Cache/Home/921d53177c151344e729eca7c171fe97.php 第 31 行.
NOTIC: [8] Undefined index: uid /home/wwwroot/www.wx-bang.com/PigData/logs/Cache/Home/921d53177c151344e729eca7c171fe97.php 第 31 行.
INFO: Run ParseTemplate Behavior [ RunTime:-0.002060s ]
INFO: [ view_parse ] --END-- [ RunTime:0.068310s ]
INFO: [ view_filter ] --START--
INFO: Run ContentReplace Behavior [ RunTime:-0.070438s ]
INFO: Run TokenBuild Behavior [ RunTime:-0.070855s ]
INFO: Run WriteHtmlCache Behavior [ RunTime:-0.071250s ]
INFO: Run ShowRuntime Behavior [ RunTime:-0.071526s ]
INFO: [ view_filter ] --END-- [ RunTime:0.001515s ]
INFO: [ view_end ] --START--
INFO: Run ShowPageTrace Behavior [ RunTime:-0.071998s ]
INFO: [ view_end ] --END-- [ RunTime:0.000529s ]

[ 2014-06-17T23:54:12+08:00 ] 112.90.82.164 /
INFO: [ app_begin ] --START--
INFO: Run ReadHtmlCache Behavior [ RunTime:0.000424s ]
INFO: [ app_begin ] --END-- [ RunTime:0.000485s ]
NOTIC: [2] Cannot use a scalar value as an array /home/wwwroot/www.wx-bang.com/PigCms/_Core/Lib/Core/View.class.php 第 69 行.
INFO: [ view_template ] --START--
INFO: Run LocationTemplate Behavior [ RunTime:-0.001613s ]
INFO: [ view_template ] --END-- [ RunTime:0.000468s ]
INFO: [ view_parse ] --START--
NOTIC: [8] Use of undefined constant uid - assumed 'uid' /home/wwwroot/www.wx-bang.com/PigData/logs/Cache/Home/921d53177c151344e729eca7c171fe97.php 第 31 行.
NOTIC: [8] Undefined index: uid /home/wwwroot/www.wx-bang.com/PigData/logs/Cache/Home/921d53177c151344e729eca7c171fe97.php 第 31 行.
INFO: Run ParseTemplate Behavior [ RunTime:-0.002180s ]
INFO: [ view_parse ] --END-- [ RunTime:0.012723s ]
INFO: [ view_filter ] --START--
INFO: Run ContentReplace Behavior [ RunTime:-0.014924s ]
INFO: Run TokenBuild Behavior [ RunTime:-0.015280s ]
INFO: Run WriteHtmlCache Behavior [ RunTime:-0.015699s ]
INFO: Run ShowRuntime Behavior [ RunTime:-0.015954s ]
INFO: [ view_filter ] --END-- [ RunTime:0.001464s ]
INFO: [ view_end ] --START--
INFO: Run ShowPageTrace Behavior [ RunTime:-0.016435s ]
INFO: [ view_end ] --END-- [ RunTime:0.000542s ]

[ 2014-06-17T23:54:42+08:00 ] 120.204.200.21 /
INFO: [ app_begin ] --START--
INFO: Run ReadHtmlCache Behavior [ RunTime:0.000415s ]
INFO: [ app_begin ] --END-- [ RunTime:0.000478s ]
NOTIC: [2] Cannot use a scalar value as an array /home/wwwroot/www.wx-bang.com/PigCms/_Core/Lib/Core/View.class.php 第 69 行.
INFO: [ view_template ] --START--
INFO: Run LocationTemplate Behavior [ RunTime:-0.001694s ]
INFO: [ view_template ] --END-- [ RunTime:0.000379s ]
INFO: [ view_parse ] --START--
NOTIC: [8] Use of undefined constant uid - assumed 'uid' /home/wwwroot/www.wx-bang.com/PigData/logs/Cache/Home/921d53177c151344e729eca7c171fe97.php 第 31 行.
NOTIC: [8] Undefined index: uid /home/wwwroot/www.wx-bang.com/PigData/logs/Cache/Home/921d53177c151344e729eca7c171fe97.php 第 31 行.
INFO: Run ParseTemplate Behavior [ RunTime:-0.002139s ]
INFO: [ view_parse ] --END-- [ RunTime:0.012639s ]
INFO: [ view_filter ] --START--
INFO: Run ContentReplace Behavior [ RunTime:-0.014811s ]
INFO: Run TokenBuild Behavior [ RunTime:-0.015150s ]
INFO: Run WriteHtmlCache Behavior [ RunTime:-0.015634s ]
INFO: Run ShowRuntime Behavior [ RunTime:-0.015955s ]
INFO: [ view_filter ] --END-- [ RunTime:0.001720s ]
INFO: [ view_end ] --START--
INFO: Run ShowPageTrace Behavior [ RunTime:-0.016606s ]
INFO: [ view_end ] --END-- [ RunTime:0.000537s ]

[ 2014-06-17T23:54:46+08:00 ] 183.195.233.189 /
INFO: [ app_begin ] --START--
INFO: Run ReadHtmlCache Behavior [ RunTime:0.000465s ]
INFO: [ app_begin ] --END-- [ RunTime:0.000558s ]
NOTIC: [2] Cannot use a scalar value as an array /home/wwwroot/www.wx-bang.com/PigCms/_Core/Lib/Core/View.class.php 第 69 行.
INFO: [ view_template ] --START--
INFO: Run LocationTemplate Behavior [ RunTime:-0.001794s ]
INFO: [ view_template ] --END-- [ RunTime:0.000502s ]
INFO: [ view_parse ] --START--
NOTIC: [8] Use of undefined constant uid - assumed 'uid' /home/wwwroot/www.wx-bang.com/PigData/logs/Cache/Home/921d53177c151344e729eca7c171fe97.php 第 31 行.
NOTIC: [8] Undefined index: uid /home/wwwroot/www.wx-bang.com/PigData/logs/Cache/Home/921d53177c151344e729eca7c171fe97.php 第 31 行.
INFO: Run ParseTemplate Behavior [ RunTime:-0.002357s ]
INFO: [ view_parse ] --END-- [ RunTime:0.012693s ]
INFO: [ view_filter ] --START--
INFO: Run ContentReplace Behavior [ RunTime:-0.015119s ]
INFO: Run TokenBuild Behavior [ RunTime:-0.015537s ]
INFO: Run WriteHtmlCache Behavior [ RunTime:-0.015921s ]
INFO: Run ShowRuntime Behavior [ RunTime:-0.016171s ]
INFO: [ view_filter ] --END-- [ RunTime:0.001590s ]
INFO: [ view_end ] --START--
INFO: Run ShowPageTrace Behavior [ RunTime:-0.016720s ]
INFO: [ view_end ] --END-- [ RunTime:0.000514s ]

[ 2014-06-17T23:54:46+08:00 ] 180.153.81.158 /
INFO: [ app_begin ] --START--
INFO: Run ReadHtmlCache Behavior [ RunTime:0.000498s ]
INFO: [ app_begin ] --END-- [ RunTime:0.000593s ]
NOTIC: [2] Cannot use a scalar value as an array /home/wwwroot/www.wx-bang.com/PigCms/_Core/Lib/Core/View.class.php 第 69 行.
INFO: [ view_template ] --START--
INFO: Run LocationTemplate Behavior [ RunTime:-0.001672s ]
INFO: [ view_template ] --END-- [ RunTime:0.000416s ]
INFO: [ view_parse ] --START--
NOTIC: [8] Use of undefined constant uid - assumed 'uid' /home/wwwroot/www.wx-bang.com/PigData/logs/Cache/Home/921d53177c151344e729eca7c171fe97.php 第 31 行.
NOTIC: [8] Undefined index: uid /home/wwwroot/www.wx-bang.com/PigData/logs/Cache/Home/921d53177c151344e729eca7c171fe97.php 第 31 行.
INFO: Run ParseTemplate Behavior [ RunTime:-0.002162s ]
INFO: [ view_parse ] --END-- [ RunTime:0.013371s ]
INFO: [ view_filter ] --START--
INFO: Run ContentReplace Behavior [ RunTime:-0.015565s ]
INFO: Run TokenBuild Behavior [ RunTime:-0.015907s ]
INFO: Run WriteHtmlCache Behavior [ RunTime:-0.016310s ]
INFO: Run ShowRuntime Behavior [ RunTime:-0.016558s ]
INFO: [ view_filter ] --END-- [ RunTime:0.001820s ]
INFO: [ view_end ] --START--
INFO: Run ShowPageTrace Behavior [ RunTime:-0.017434s ]
INFO: [ view_end ] --END-- [ RunTime:0.000660s ]

[ 2014-06-17T23:56:25+08:00 ] 123.125.71.58 /
INFO: [ app_begin ] --START--
INFO: Run ReadHtmlCache Behavior [ RunTime:0.000423s ]
INFO: [ app_begin ] --END-- [ RunTime:0.000484s ]
NOTIC: [2] Cannot use a scalar value as an array /home/wwwroot/www.wx-bang.com/PigCms/_Core/Lib/Core/View.class.php 第 69 行.
INFO: [ view_template ] --START--
INFO: Run LocationTemplate Behavior [ RunTime:-0.002008s ]
INFO: [ view_template ] --END-- [ RunTime:0.000393s ]
INFO: [ view_parse ] --START--
NOTIC: [8] Use of undefined constant uid - assumed 'uid' /home/wwwroot/www.wx-bang.com/PigData/logs/Cache/Home/921d53177c151344e729eca7c171fe97.php 第 31 行.
NOTIC: [8] Undefined index: uid /home/wwwroot/www.wx-bang.com/PigData/logs/Cache/Home/921d53177c151344e729eca7c171fe97.php 第 31 行.
INFO: Run ParseTemplate Behavior [ RunTime:-0.002470s ]
INFO: [ view_parse ] --END-- [ RunTime:0.012471s ]
INFO: [ view_filter ] --START--
INFO: Run ContentReplace Behavior [ RunTime:-0.014974s ]
INFO: Run TokenBuild Behavior [ RunTime:-0.015359s ]
INFO: Run WriteHtmlCache Behavior [ RunTime:-0.015739s ]
INFO: Run ShowRuntime Behavior [ RunTime:-0.016021s ]
INFO: [ view_filter ] --END-- [ RunTime:0.001514s ]
INFO: [ view_end ] --START--
INFO: Run ShowPageTrace Behavior [ RunTime:-0.016555s ]
INFO: [ view_end ] --END-- [ RunTime:0.000612s ]

[ 2014-06-17T23:56:40+08:00 ] 220.181.108.89 /
INFO: [ app_begin ] --START--
INFO: Run ReadHtmlCache Behavior [ RunTime:0.000435s ]
INFO: [ app_begin ] --END-- [ RunTime:0.000502s ]
NOTIC: [2] Cannot use a scalar value as an array /home/wwwroot/www.wx-bang.com/PigCms/_Core/Lib/Core/View.class.php 第 69 行.
INFO: [ view_template ] --START--
INFO: Run LocationTemplate Behavior [ RunTime:-0.001565s ]
INFO: [ view_template ] --END-- [ RunTime:0.000390s ]
INFO: [ view_parse ] --START--
NOTIC: [8] Use of undefined constant uid - assumed 'uid' /home/wwwroot/www.wx-bang.com/PigData/logs/Cache/Home/921d53177c151344e729eca7c171fe97.php 第 31 行.
NOTIC: [8] Undefined index: uid /home/wwwroot/www.wx-bang.com/PigData/logs/Cache/Home/921d53177c151344e729eca7c171fe97.php 第 31 行.
INFO: Run ParseTemplate Behavior [ RunTime:-0.002024s ]
INFO: [ view_parse ] --END-- [ RunTime:0.029509s ]
INFO: [ view_filter ] --START--
INFO: Run ContentReplace Behavior [ RunTime:-0.031576s ]
INFO: Run TokenBuild Behavior [ RunTime:-0.032021s ]
INFO: Run WriteHtmlCache Behavior [ RunTime:-0.032433s ]
INFO: Run ShowRuntime Behavior [ RunTime:-0.032714s ]
INFO: [ view_filter ] --END-- [ RunTime:0.001549s ]
INFO: [ view_end ] --START--
INFO: Run ShowPageTrace Behavior [ RunTime:-0.033175s ]
INFO: [ view_end ] --END-- [ RunTime:0.000549s ]

[ 2014-06-17T23:58:16+08:00 ] 112.90.82.164 /
INFO: [ app_begin ] --START--
INFO: Run ReadHtmlCache Behavior [ RunTime:0.000486s ]
INFO: [ app_begin ] --END-- [ RunTime:0.000553s ]
NOTIC: [2] Cannot use a scalar value as an array /home/wwwroot/www.wx-bang.com/PigCms/_Core/Lib/Core/View.class.php 第 69 行.
INFO: [ view_template ] --START--
INFO: Run LocationTemplate Behavior [ RunTime:-0.001626s ]
INFO: [ view_template ] --END-- [ RunTime:0.000451s ]
INFO: [ view_parse ] --START--
NOTIC: [8] Use of undefined constant uid - assumed 'uid' /home/wwwroot/www.wx-bang.com/PigData/logs/Cache/Home/921d53177c151344e729eca7c171fe97.php 第 31 行.
NOTIC: [8] Undefined index: uid /home/wwwroot/www.wx-bang.com/PigData/logs/Cache/Home/921d53177c151344e729eca7c171fe97.php 第 31 行.
INFO: Run ParseTemplate Behavior [ RunTime:-0.002175s ]
INFO: [ view_parse ] --END-- [ RunTime:0.031400s ]
INFO: [ view_filter ] --START--
INFO: Run ContentReplace Behavior [ RunTime:-0.033614s ]
INFO: Run TokenBuild Behavior [ RunTime:-0.034032s ]
INFO: Run WriteHtmlCache Behavior [ RunTime:-0.034422s ]
INFO: Run ShowRuntime Behavior [ RunTime:-0.034680s ]
INFO: [ view_filter ] --END-- [ RunTime:0.001501s ]
INFO: [ view_end ] --START--
INFO: Run ShowPageTrace Behavior [ RunTime:-0.035165s ]
INFO: [ view_end ] --END-- [ RunTime:0.000513s ]

[ 2014-06-17T23:58:46+08:00 ] 120.204.200.21 /
INFO: [ app_begin ] --START--
INFO: Run ReadHtmlCache Behavior [ RunTime:0.000463s ]
INFO: [ app_begin ] --END-- [ RunTime:0.000528s ]
NOTIC: [2] Cannot use a scalar value as an array /home/wwwroot/www.wx-bang.com/PigCms/_Core/Lib/Core/View.class.php 第 69 行.
INFO: [ view_template ] --START--
INFO: Run LocationTemplate Behavior [ RunTime:-0.001784s ]
INFO: [ view_template ] --END-- [ RunTime:0.000426s ]
INFO: [ view_parse ] --START--
NOTIC: [8] Use of undefined constant uid - assumed 'uid' /home/wwwroot/www.wx-bang.com/PigData/logs/Cache/Home/921d53177c151344e729eca7c171fe97.php 第 31 行.
NOTIC: [8] Undefined index: uid /home/wwwroot/www.wx-bang.com/PigData/logs/Cache/Home/921d53177c151344e729eca7c171fe97.php 第 31 行.
INFO: Run ParseTemplate Behavior [ RunTime:-0.002271s ]
INFO: [ view_parse ] --END-- [ RunTime:0.013114s ]
INFO: [ view_filter ] --START--
INFO: Run ContentReplace Behavior [ RunTime:-0.015424s ]
INFO: Run TokenBuild Behavior [ RunTime:-0.015917s ]
INFO: Run WriteHtmlCache Behavior [ RunTime:-0.016310s ]
INFO: Run ShowRuntime Behavior [ RunTime:-0.016630s ]
INFO: [ view_filter ] --END-- [ RunTime:0.001689s ]
INFO: [ view_end ] --START--
INFO: Run ShowPageTrace Behavior [ RunTime:-0.017163s ]
INFO: [ view_end ] --END-- [ RunTime:0.000740s ]

