[ 2014-04-22T23:37:39+08:00 ] 120.204.200.21 /
INFO: [ app_begin ] --START--
INFO: Run ReadHtmlCache Behavior [ RunTime:0.000434s ]
INFO: [ app_begin ] --END-- [ RunTime:0.000502s ]
NOTIC: [2] Cannot use a scalar value as an array /home/wwwroot/www.wx-bang.com/PigCms/_Core/Lib/Core/View.class.php 第 69 行.
INFO: [ view_template ] --START--
INFO: Run LocationTemplate Behavior [ RunTime:-0.001562s ]
INFO: [ view_template ] --END-- [ RunTime:0.000392s ]
INFO: [ view_parse ] --START--
NOTIC: [8] Use of undefined constant uid - assumed 'uid' /home/wwwroot/www.wx-bang.com/PigData/logs/Cache/Home/921d53177c151344e729eca7c171fe97.php 第 31 行.
NOTIC: [8] Undefined index: uid /home/wwwroot/www.wx-bang.com/PigData/logs/Cache/Home/921d53177c151344e729eca7c171fe97.php 第 31 行.
INFO: Run ParseTemplate Behavior [ RunTime:-0.002026s ]
INFO: [ view_parse ] --END-- [ RunTime:0.012462s ]
INFO: [ view_filter ] --START--
INFO: Run ContentReplace Behavior [ RunTime:-0.014520s ]
INFO: Run TokenBuild Behavior [ RunTime:-0.014872s ]
INFO: Run WriteHtmlCache Behavior [ RunTime:-0.015244s ]
INFO: Run ShowRuntime Behavior [ RunTime:-0.015596s ]
INFO: [ view_filter ] --END-- [ RunTime:0.001497s ]
INFO: [ view_end ] --START--
INFO: Run ShowPageTrace Behavior [ RunTime:-0.016070s ]
INFO: [ view_end ] --END-- [ RunTime:0.000508s ]

[ 2014-04-22T23:39:23+08:00 ] 112.90.82.164 /
INFO: [ app_begin ] --START--
INFO: Run ReadHtmlCache Behavior [ RunTime:0.000735s ]
INFO: [ app_begin ] --END-- [ RunTime:0.000823s ]
NOTIC: [2] Cannot use a scalar value as an array /home/wwwroot/www.wx-bang.com/PigCms/_Core/Lib/Core/View.class.php 第 69 行.
INFO: [ view_template ] --START--
INFO: Run LocationTemplate Behavior [ RunTime:-0.002286s ]
INFO: [ view_template ] --END-- [ RunTime:0.000529s ]
INFO: [ view_parse ] --START--
NOTIC: [8] Use of undefined constant uid - assumed 'uid' /home/wwwroot/www.wx-bang.com/PigData/logs/Cache/Home/921d53177c151344e729eca7c171fe97.php 第 31 行.
NOTIC: [8] Undefined index: uid /home/wwwroot/www.wx-bang.com/PigData/logs/Cache/Home/921d53177c151344e729eca7c171fe97.php 第 31 行.
INFO: Run ParseTemplate Behavior [ RunTime:-0.002906s ]
INFO: [ view_parse ] --END-- [ RunTime:0.038369s ]
INFO: [ view_filter ] --START--
INFO: Run ContentReplace Behavior [ RunTime:-0.041316s ]
INFO: Run TokenBuild Behavior [ RunTime:-0.041702s ]
INFO: Run WriteHtmlCache Behavior [ RunTime:-0.042086s ]
INFO: Run ShowRuntime Behavior [ RunTime:-0.042347s ]
INFO: [ view_filter ] --END-- [ RunTime:0.001433s ]
INFO: [ view_end ] --START--
INFO: Run ShowPageTrace Behavior [ RunTime:-0.042798s ]
INFO: [ view_end ] --END-- [ RunTime:0.000508s ]

[ 2014-04-22T23:39:55+08:00 ] 180.153.81.158 /
INFO: [ app_begin ] --START--
INFO: Run ReadHtmlCache Behavior [ RunTime:0.000451s ]
INFO: [ app_begin ] --END-- [ RunTime:0.000529s ]
NOTIC: [2] Cannot use a scalar value as an array /home/wwwroot/www.wx-bang.com/PigCms/_Core/Lib/Core/View.class.php 第 69 行.
INFO: [ view_template ] --START--
INFO: Run LocationTemplate Behavior [ RunTime:-0.001624s ]
INFO: [ view_template ] --END-- [ RunTime:0.000409s ]
INFO: [ view_parse ] --START--
NOTIC: [8] Use of undefined constant uid - assumed 'uid' /home/wwwroot/www.wx-bang.com/PigData/logs/Cache/Home/921d53177c151344e729eca7c171fe97.php 第 31 行.
NOTIC: [8] Undefined index: uid /home/wwwroot/www.wx-bang.com/PigData/logs/Cache/Home/921d53177c151344e729eca7c171fe97.php 第 31 行.
INFO: Run ParseTemplate Behavior [ RunTime:-0.002114s ]
INFO: [ view_parse ] --END-- [ RunTime:0.013192s ]
INFO: [ view_filter ] --START--
INFO: Run ContentReplace Behavior [ RunTime:-0.015334s ]
INFO: Run TokenBuild Behavior [ RunTime:-0.015696s ]
INFO: Run WriteHtmlCache Behavior [ RunTime:-0.016098s ]
INFO: Run ShowRuntime Behavior [ RunTime:-0.016406s ]
INFO: [ view_filter ] --END-- [ RunTime:0.001547s ]
INFO: [ view_end ] --START--
INFO: Run ShowPageTrace Behavior [ RunTime:-0.016932s ]
INFO: [ view_end ] --END-- [ RunTime:0.000498s ]

[ 2014-04-22T23:40:18+08:00 ] 180.153.212.27 /
INFO: [ app_begin ] --START--
INFO: Run ReadHtmlCache Behavior [ RunTime:0.000451s ]
INFO: [ app_begin ] --END-- [ RunTime:0.000514s ]
NOTIC: [2] Cannot use a scalar value as an array /home/wwwroot/www.wx-bang.com/PigCms/_Core/Lib/Core/View.class.php 第 69 行.
INFO: [ view_template ] --START--
INFO: Run LocationTemplate Behavior [ RunTime:-0.001917s ]
INFO: [ view_template ] --END-- [ RunTime:0.000396s ]
INFO: [ view_parse ] --START--
NOTIC: [8] Use of undefined constant uid - assumed 'uid' /home/wwwroot/www.wx-bang.com/PigData/logs/Cache/Home/921d53177c151344e729eca7c171fe97.php 第 31 行.
NOTIC: [8] Undefined index: uid /home/wwwroot/www.wx-bang.com/PigData/logs/Cache/Home/921d53177c151344e729eca7c171fe97.php 第 31 行.
INFO: Run ParseTemplate Behavior [ RunTime:-0.002396s ]
INFO: [ view_parse ] --END-- [ RunTime:0.014963s ]
INFO: [ view_filter ] --START--
INFO: Run ContentReplace Behavior [ RunTime:-0.017390s ]
INFO: Run TokenBuild Behavior [ RunTime:-0.017794s ]
INFO: Run WriteHtmlCache Behavior [ RunTime:-0.018170s ]
INFO: Run ShowRuntime Behavior [ RunTime:-0.018469s ]
INFO: [ view_filter ] --END-- [ RunTime:0.001496s ]
INFO: [ view_end ] --START--
INFO: Run ShowPageTrace Behavior [ RunTime:-0.018935s ]
INFO: [ view_end ] --END-- [ RunTime:0.000498s ]

[ 2014-04-22T23:41:35+08:00 ] 120.204.200.21 /
INFO: [ app_begin ] --START--
INFO: Run ReadHtmlCache Behavior [ RunTime:0.000452s ]
INFO: [ app_begin ] --END-- [ RunTime:0.000519s ]
NOTIC: [2] Cannot use a scalar value as an array /home/wwwroot/www.wx-bang.com/PigCms/_Core/Lib/Core/View.class.php 第 69 行.
INFO: [ view_template ] --START--
INFO: Run LocationTemplate Behavior [ RunTime:-0.001519s ]
INFO: [ view_template ] --END-- [ RunTime:0.000390s ]
INFO: [ view_parse ] --START--
NOTIC: [8] Use of undefined constant uid - assumed 'uid' /home/wwwroot/www.wx-bang.com/PigData/logs/Cache/Home/921d53177c151344e729eca7c171fe97.php 第 31 行.
NOTIC: [8] Undefined index: uid /home/wwwroot/www.wx-bang.com/PigData/logs/Cache/Home/921d53177c151344e729eca7c171fe97.php 第 31 行.
INFO: Run ParseTemplate Behavior [ RunTime:-0.001981s ]
INFO: [ view_parse ] --END-- [ RunTime:0.012492s ]
INFO: [ view_filter ] --START--
INFO: Run ContentReplace Behavior [ RunTime:-0.014503s ]
INFO: Run TokenBuild Behavior [ RunTime:-0.014856s ]
INFO: Run WriteHtmlCache Behavior [ RunTime:-0.015234s ]
INFO: Run ShowRuntime Behavior [ RunTime:-0.015542s ]
INFO: [ view_filter ] --END-- [ RunTime:0.001441s ]
INFO: [ view_end ] --START--
INFO: Run ShowPageTrace Behavior [ RunTime:-0.015996s ]
INFO: [ view_end ] --END-- [ RunTime:0.000543s ]

[ 2014-04-22T23:43:23+08:00 ] 112.90.82.164 /
INFO: [ app_begin ] --START--
INFO: Run ReadHtmlCache Behavior [ RunTime:0.000414s ]
INFO: [ app_begin ] --END-- [ RunTime:0.000476s ]
NOTIC: [2] Cannot use a scalar value as an array /home/wwwroot/www.wx-bang.com/PigCms/_Core/Lib/Core/View.class.php 第 69 行.
INFO: [ view_template ] --START--
INFO: Run LocationTemplate Behavior [ RunTime:-0.001534s ]
INFO: [ view_template ] --END-- [ RunTime:0.000377s ]
INFO: [ view_parse ] --START--
NOTIC: [8] Use of undefined constant uid - assumed 'uid' /home/wwwroot/www.wx-bang.com/PigData/logs/Cache/Home/921d53177c151344e729eca7c171fe97.php 第 31 行.
NOTIC: [8] Undefined index: uid /home/wwwroot/www.wx-bang.com/PigData/logs/Cache/Home/921d53177c151344e729eca7c171fe97.php 第 31 行.
INFO: Run ParseTemplate Behavior [ RunTime:-0.001979s ]
INFO: [ view_parse ] --END-- [ RunTime:0.042307s ]
INFO: [ view_filter ] --START--
INFO: Run ContentReplace Behavior [ RunTime:-0.044391s ]
INFO: Run TokenBuild Behavior [ RunTime:-0.045278s ]
INFO: Run WriteHtmlCache Behavior [ RunTime:-0.045983s ]
INFO: Run ShowRuntime Behavior [ RunTime:-0.046406s ]
INFO: [ view_filter ] --END-- [ RunTime:0.002434s ]
INFO: [ view_end ] --START--
INFO: Run ShowPageTrace Behavior [ RunTime:-0.046860s ]
INFO: [ view_end ] --END-- [ RunTime:0.000502s ]

[ 2014-04-22T23:43:51+08:00 ] 180.153.81.158 /
INFO: [ app_begin ] --START--
INFO: Run ReadHtmlCache Behavior [ RunTime:0.000639s ]
INFO: [ app_begin ] --END-- [ RunTime:0.000743s ]
NOTIC: [2] Cannot use a scalar value as an array /home/wwwroot/www.wx-bang.com/PigCms/_Core/Lib/Core/View.class.php 第 69 行.
INFO: [ view_template ] --START--
INFO: Run LocationTemplate Behavior [ RunTime:-0.002117s ]
INFO: [ view_template ] --END-- [ RunTime:0.000499s ]
INFO: [ view_parse ] --START--
NOTIC: [8] Use of undefined constant uid - assumed 'uid' /home/wwwroot/www.wx-bang.com/PigData/logs/Cache/Home/921d53177c151344e729eca7c171fe97.php 第 31 行.
NOTIC: [8] Undefined index: uid /home/wwwroot/www.wx-bang.com/PigData/logs/Cache/Home/921d53177c151344e729eca7c171fe97.php 第 31 行.
INFO: Run ParseTemplate Behavior [ RunTime:-0.002693s ]
INFO: [ view_parse ] --END-- [ RunTime:0.016745s ]
INFO: [ view_filter ] --START--
INFO: Run ContentReplace Behavior [ RunTime:-0.019473s ]
INFO: Run TokenBuild Behavior [ RunTime:-0.019858s ]
INFO: Run WriteHtmlCache Behavior [ RunTime:-0.020252s ]
INFO: Run ShowRuntime Behavior [ RunTime:-0.020520s ]
INFO: [ view_filter ] --END-- [ RunTime:0.001462s ]
INFO: [ view_end ] --START--
INFO: Run ShowPageTrace Behavior [ RunTime:-0.020989s ]
INFO: [ view_end ] --END-- [ RunTime:0.000523s ]

[ 2014-04-22T23:44:18+08:00 ] 180.153.212.27 /
INFO: [ app_begin ] --START--
INFO: Run ReadHtmlCache Behavior [ RunTime:0.000486s ]
INFO: [ app_begin ] --END-- [ RunTime:0.000556s ]
NOTIC: [2] Cannot use a scalar value as an array /home/wwwroot/www.wx-bang.com/PigCms/_Core/Lib/Core/View.class.php 第 69 行.
INFO: [ view_template ] --START--
INFO: Run LocationTemplate Behavior [ RunTime:-0.001691s ]
INFO: [ view_template ] --END-- [ RunTime:0.000569s ]
INFO: [ view_parse ] --START--
NOTIC: [8] Use of undefined constant uid - assumed 'uid' /home/wwwroot/www.wx-bang.com/PigData/logs/Cache/Home/921d53177c151344e729eca7c171fe97.php 第 31 行.
NOTIC: [8] Undefined index: uid /home/wwwroot/www.wx-bang.com/PigData/logs/Cache/Home/921d53177c151344e729eca7c171fe97.php 第 31 行.
INFO: Run ParseTemplate Behavior [ RunTime:-0.002382s ]
INFO: [ view_parse ] --END-- [ RunTime:0.030907s ]
INFO: [ view_filter ] --START--
INFO: Run ContentReplace Behavior [ RunTime:-0.033319s ]
INFO: Run TokenBuild Behavior [ RunTime:-0.033673s ]
INFO: Run WriteHtmlCache Behavior [ RunTime:-0.034076s ]
INFO: Run ShowRuntime Behavior [ RunTime:-0.034348s ]
INFO: [ view_filter ] --END-- [ RunTime:0.001476s ]
INFO: [ view_end ] --START--
INFO: Run ShowPageTrace Behavior [ RunTime:-0.034843s ]
INFO: [ view_end ] --END-- [ RunTime:0.000535s ]

[ 2014-04-22T23:45:35+08:00 ] 120.204.200.21 /
INFO: [ app_begin ] --START--
INFO: Run ReadHtmlCache Behavior [ RunTime:0.000518s ]
INFO: [ app_begin ] --END-- [ RunTime:0.000593s ]
NOTIC: [2] Cannot use a scalar value as an array /home/wwwroot/www.wx-bang.com/PigCms/_Core/Lib/Core/View.class.php 第 69 行.
INFO: [ view_template ] --START--
INFO: Run LocationTemplate Behavior [ RunTime:-0.001644s ]
INFO: [ view_template ] --END-- [ RunTime:0.000400s ]
INFO: [ view_parse ] --START--
NOTIC: [8] Use of undefined constant uid - assumed 'uid' /home/wwwroot/www.wx-bang.com/PigData/logs/Cache/Home/921d53177c151344e729eca7c171fe97.php 第 31 行.
NOTIC: [8] Undefined index: uid /home/wwwroot/www.wx-bang.com/PigData/logs/Cache/Home/921d53177c151344e729eca7c171fe97.php 第 31 行.
INFO: Run ParseTemplate Behavior [ RunTime:-0.002114s ]
INFO: [ view_parse ] --END-- [ RunTime:0.033878s ]
INFO: [ view_filter ] --START--
INFO: Run ContentReplace Behavior [ RunTime:-0.036058s ]
INFO: Run TokenBuild Behavior [ RunTime:-0.036638s ]
INFO: Run WriteHtmlCache Behavior [ RunTime:-0.037277s ]
INFO: Run ShowRuntime Behavior [ RunTime:-0.038217s ]
INFO: [ view_filter ] --END-- [ RunTime:0.002790s ]
INFO: [ view_end ] --START--
INFO: Run ShowPageTrace Behavior [ RunTime:-0.038930s ]
INFO: [ view_end ] --END-- [ RunTime:0.000752s ]

[ 2014-04-22T23:47:27+08:00 ] 112.90.82.164 /
INFO: [ app_begin ] --START--
INFO: Run ReadHtmlCache Behavior [ RunTime:0.000463s ]
INFO: [ app_begin ] --END-- [ RunTime:0.000536s ]
NOTIC: [2] Cannot use a scalar value as an array /home/wwwroot/www.wx-bang.com/PigCms/_Core/Lib/Core/View.class.php 第 69 行.
INFO: [ view_template ] --START--
INFO: Run LocationTemplate Behavior [ RunTime:-0.001686s ]
INFO: [ view_template ] --END-- [ RunTime:0.000428s ]
INFO: [ view_parse ] --START--
NOTIC: [8] Use of undefined constant uid - assumed 'uid' /home/wwwroot/www.wx-bang.com/PigData/logs/Cache/Home/921d53177c151344e729eca7c171fe97.php 第 31 行.
NOTIC: [8] Undefined index: uid /home/wwwroot/www.wx-bang.com/PigData/logs/Cache/Home/921d53177c151344e729eca7c171fe97.php 第 31 行.
INFO: Run ParseTemplate Behavior [ RunTime:-0.002200s ]
INFO: [ view_parse ] --END-- [ RunTime:0.013262s ]
INFO: [ view_filter ] --START--
INFO: Run ContentReplace Behavior [ RunTime:-0.015506s ]
INFO: Run TokenBuild Behavior [ RunTime:-0.015894s ]
INFO: Run WriteHtmlCache Behavior [ RunTime:-0.016327s ]
INFO: Run ShowRuntime Behavior [ RunTime:-0.016609s ]
INFO: [ view_filter ] --END-- [ RunTime:0.001559s ]
INFO: [ view_end ] --START--
INFO: Run ShowPageTrace Behavior [ RunTime:-0.017127s ]
INFO: [ view_end ] --END-- [ RunTime:0.000542s ]

[ 2014-04-22T23:47:51+08:00 ] 180.153.81.158 /
INFO: [ app_begin ] --START--
INFO: Run ReadHtmlCache Behavior [ RunTime:0.000500s ]
INFO: [ app_begin ] --END-- [ RunTime:0.000571s ]
NOTIC: [2] Cannot use a scalar value as an array /home/wwwroot/www.wx-bang.com/PigCms/_Core/Lib/Core/View.class.php 第 69 行.
INFO: [ view_template ] --START--
INFO: Run LocationTemplate Behavior [ RunTime:-0.001753s ]
INFO: [ view_template ] --END-- [ RunTime:0.000415s ]
INFO: [ view_parse ] --START--
NOTIC: [8] Use of undefined constant uid - assumed 'uid' /home/wwwroot/www.wx-bang.com/PigData/logs/Cache/Home/921d53177c151344e729eca7c171fe97.php 第 31 行.
NOTIC: [8] Undefined index: uid /home/wwwroot/www.wx-bang.com/PigData/logs/Cache/Home/921d53177c151344e729eca7c171fe97.php 第 31 行.
INFO: Run ParseTemplate Behavior [ RunTime:-0.002245s ]
INFO: [ view_parse ] --END-- [ RunTime:0.034185s ]
INFO: [ view_filter ] --START--
INFO: Run ContentReplace Behavior [ RunTime:-0.036478s ]
INFO: Run TokenBuild Behavior [ RunTime:-0.036945s ]
INFO: Run WriteHtmlCache Behavior [ RunTime:-0.037677s ]
INFO: Run ShowRuntime Behavior [ RunTime:-0.037957s ]
INFO: [ view_filter ] --END-- [ RunTime:0.001898s ]
INFO: [ view_end ] --START--
INFO: Run ShowPageTrace Behavior [ RunTime:-0.038445s ]
INFO: [ view_end ] --END-- [ RunTime:0.000747s ]

[ 2014-04-22T23:48:22+08:00 ] 180.153.212.27 /
INFO: [ app_begin ] --START--
INFO: Run ReadHtmlCache Behavior [ RunTime:0.000498s ]
INFO: [ app_begin ] --END-- [ RunTime:0.000568s ]
NOTIC: [2] Cannot use a scalar value as an array /home/wwwroot/www.wx-bang.com/PigCms/_Core/Lib/Core/View.class.php 第 69 行.
INFO: [ view_template ] --START--
INFO: Run LocationTemplate Behavior [ RunTime:-0.001684s ]
INFO: [ view_template ] --END-- [ RunTime:0.000422s ]
INFO: [ view_parse ] --START--
NOTIC: [8] Use of undefined constant uid - assumed 'uid' /home/wwwroot/www.wx-bang.com/PigData/logs/Cache/Home/921d53177c151344e729eca7c171fe97.php 第 31 行.
NOTIC: [8] Undefined index: uid /home/wwwroot/www.wx-bang.com/PigData/logs/Cache/Home/921d53177c151344e729eca7c171fe97.php 第 31 行.
INFO: Run ParseTemplate Behavior [ RunTime:-0.002224s ]
INFO: [ view_parse ] --END-- [ RunTime:0.034827s ]
INFO: [ view_filter ] --START--
INFO: Run ContentReplace Behavior [ RunTime:-0.037122s ]
INFO: Run TokenBuild Behavior [ RunTime:-0.037613s ]
INFO: Run WriteHtmlCache Behavior [ RunTime:-0.038021s ]
INFO: Run ShowRuntime Behavior [ RunTime:-0.038275s ]
INFO: [ view_filter ] --END-- [ RunTime:0.001592s ]
INFO: [ view_end ] --START--
INFO: Run ShowPageTrace Behavior [ RunTime:-0.038753s ]
INFO: [ view_end ] --END-- [ RunTime:0.000686s ]

[ 2014-04-22T23:49:38+08:00 ] 120.204.200.21 /
INFO: [ app_begin ] --START--
INFO: Run ReadHtmlCache Behavior [ RunTime:0.000436s ]
INFO: [ app_begin ] --END-- [ RunTime:0.000503s ]
NOTIC: [2] Cannot use a scalar value as an array /home/wwwroot/www.wx-bang.com/PigCms/_Core/Lib/Core/View.class.php 第 69 行.
INFO: [ view_template ] --START--
INFO: Run LocationTemplate Behavior [ RunTime:-0.001546s ]
INFO: [ view_template ] --END-- [ RunTime:0.000380s ]
INFO: [ view_parse ] --START--
NOTIC: [8] Use of undefined constant uid - assumed 'uid' /home/wwwroot/www.wx-bang.com/PigData/logs/Cache/Home/921d53177c151344e729eca7c171fe97.php 第 31 行.
NOTIC: [8] Undefined index: uid /home/wwwroot/www.wx-bang.com/PigData/logs/Cache/Home/921d53177c151344e729eca7c171fe97.php 第 31 行.
INFO: Run ParseTemplate Behavior [ RunTime:-0.001996s ]
INFO: [ view_parse ] --END-- [ RunTime:0.046357s ]
INFO: [ view_filter ] --START--
INFO: Run ContentReplace Behavior [ RunTime:-0.048394s ]
INFO: Run TokenBuild Behavior [ RunTime:-0.048824s ]
INFO: Run WriteHtmlCache Behavior [ RunTime:-0.049385s ]
INFO: Run ShowRuntime Behavior [ RunTime:-0.049673s ]
INFO: [ view_filter ] --END-- [ RunTime:0.002217s ]
INFO: [ view_end ] --START--
INFO: Run ShowPageTrace Behavior [ RunTime:-0.050671s ]
INFO: [ view_end ] --END-- [ RunTime:0.000616s ]

[ 2014-04-22T23:51:23+08:00 ] 112.90.82.164 /
INFO: [ app_begin ] --START--
INFO: Run ReadHtmlCache Behavior [ RunTime:0.000419s ]
INFO: [ app_begin ] --END-- [ RunTime:0.000492s ]
NOTIC: [2] Cannot use a scalar value as an array /home/wwwroot/www.wx-bang.com/PigCms/_Core/Lib/Core/View.class.php 第 69 行.
INFO: [ view_template ] --START--
INFO: Run LocationTemplate Behavior [ RunTime:-0.001529s ]
INFO: [ view_template ] --END-- [ RunTime:0.000380s ]
INFO: [ view_parse ] --START--
NOTIC: [8] Use of undefined constant uid - assumed 'uid' /home/wwwroot/www.wx-bang.com/PigData/logs/Cache/Home/921d53177c151344e729eca7c171fe97.php 第 31 行.
NOTIC: [8] Undefined index: uid /home/wwwroot/www.wx-bang.com/PigData/logs/Cache/Home/921d53177c151344e729eca7c171fe97.php 第 31 行.
INFO: Run ParseTemplate Behavior [ RunTime:-0.001972s ]
INFO: [ view_parse ] --END-- [ RunTime:0.036360s ]
INFO: [ view_filter ] --START--
INFO: Run ContentReplace Behavior [ RunTime:-0.038405s ]
INFO: Run TokenBuild Behavior [ RunTime:-0.038934s ]
INFO: Run WriteHtmlCache Behavior [ RunTime:-0.039492s ]
INFO: Run ShowRuntime Behavior [ RunTime:-0.039843s ]
INFO: [ view_filter ] --END-- [ RunTime:0.002078s ]
INFO: [ view_end ] --START--
INFO: Run ShowPageTrace Behavior [ RunTime:-0.040560s ]
INFO: [ view_end ] --END-- [ RunTime:0.000755s ]

[ 2014-04-22T23:51:54+08:00 ] 180.153.81.158 /
INFO: [ app_begin ] --START--
INFO: Run ReadHtmlCache Behavior [ RunTime:0.000471s ]
INFO: [ app_begin ] --END-- [ RunTime:0.000564s ]
NOTIC: [2] Cannot use a scalar value as an array /home/wwwroot/www.wx-bang.com/PigCms/_Core/Lib/Core/View.class.php 第 69 行.
INFO: [ view_template ] --START--
INFO: Run LocationTemplate Behavior [ RunTime:-0.001699s ]
INFO: [ view_template ] --END-- [ RunTime:0.000393s ]
INFO: [ view_parse ] --START--
NOTIC: [8] Use of undefined constant uid - assumed 'uid' /home/wwwroot/www.wx-bang.com/PigData/logs/Cache/Home/921d53177c151344e729eca7c171fe97.php 第 31 行.
NOTIC: [8] Undefined index: uid /home/wwwroot/www.wx-bang.com/PigData/logs/Cache/Home/921d53177c151344e729eca7c171fe97.php 第 31 行.
INFO: Run ParseTemplate Behavior [ RunTime:-0.002163s ]
INFO: [ view_parse ] --END-- [ RunTime:0.030931s ]
INFO: [ view_filter ] --START--
INFO: Run ContentReplace Behavior [ RunTime:-0.033132s ]
INFO: Run TokenBuild Behavior [ RunTime:-0.033806s ]
INFO: Run WriteHtmlCache Behavior [ RunTime:-0.034214s ]
INFO: Run ShowRuntime Behavior [ RunTime:-0.034536s ]
INFO: [ view_filter ] --END-- [ RunTime:0.001865s ]
INFO: [ view_end ] --START--
INFO: Run ShowPageTrace Behavior [ RunTime:-0.035139s ]
INFO: [ view_end ] --END-- [ RunTime:0.000574s ]

[ 2014-04-22T23:52:18+08:00 ] 180.153.212.27 /
INFO: [ app_begin ] --START--
INFO: Run ReadHtmlCache Behavior [ RunTime:0.000409s ]
INFO: [ app_begin ] --END-- [ RunTime:0.000469s ]
NOTIC: [2] Cannot use a scalar value as an array /home/wwwroot/www.wx-bang.com/PigCms/_Core/Lib/Core/View.class.php 第 69 行.
INFO: [ view_template ] --START--
INFO: Run LocationTemplate Behavior [ RunTime:-0.001452s ]
INFO: [ view_template ] --END-- [ RunTime:0.000372s ]
INFO: [ view_parse ] --START--
NOTIC: [8] Use of undefined constant uid - assumed 'uid' /home/wwwroot/www.wx-bang.com/PigData/logs/Cache/Home/921d53177c151344e729eca7c171fe97.php 第 31 行.
NOTIC: [8] Undefined index: uid /home/wwwroot/www.wx-bang.com/PigData/logs/Cache/Home/921d53177c151344e729eca7c171fe97.php 第 31 行.
INFO: Run ParseTemplate Behavior [ RunTime:-0.001916s ]
INFO: [ view_parse ] --END-- [ RunTime:0.025667s ]
INFO: [ view_filter ] --START--
INFO: Run ContentReplace Behavior [ RunTime:-0.027623s ]
INFO: Run TokenBuild Behavior [ RunTime:-0.027994s ]
INFO: Run WriteHtmlCache Behavior [ RunTime:-0.028380s ]
INFO: Run ShowRuntime Behavior [ RunTime:-0.028629s ]
INFO: [ view_filter ] --END-- [ RunTime:0.001403s ]
INFO: [ view_end ] --START--
INFO: Run ShowPageTrace Behavior [ RunTime:-0.029076s ]
INFO: [ view_end ] --END-- [ RunTime:0.000500s ]

[ 2014-04-22T23:53:34+08:00 ] 120.204.200.21 /
INFO: [ app_begin ] --START--
INFO: Run ReadHtmlCache Behavior [ RunTime:0.000453s ]
INFO: [ app_begin ] --END-- [ RunTime:0.000528s ]
NOTIC: [2] Cannot use a scalar value as an array /home/wwwroot/www.wx-bang.com/PigCms/_Core/Lib/Core/View.class.php 第 69 行.
INFO: [ view_template ] --START--
INFO: Run LocationTemplate Behavior [ RunTime:-0.001546s ]
INFO: [ view_template ] --END-- [ RunTime:0.000395s ]
INFO: [ view_parse ] --START--
NOTIC: [8] Use of undefined constant uid - assumed 'uid' /home/wwwroot/www.wx-bang.com/PigData/logs/Cache/Home/921d53177c151344e729eca7c171fe97.php 第 31 行.
NOTIC: [8] Undefined index: uid /home/wwwroot/www.wx-bang.com/PigData/logs/Cache/Home/921d53177c151344e729eca7c171fe97.php 第 31 行.
INFO: Run ParseTemplate Behavior [ RunTime:-0.002014s ]
INFO: [ view_parse ] --END-- [ RunTime:0.042169s ]
INFO: [ view_filter ] --START--
INFO: Run ContentReplace Behavior [ RunTime:-0.044222s ]
INFO: Run TokenBuild Behavior [ RunTime:-0.044620s ]
INFO: Run WriteHtmlCache Behavior [ RunTime:-0.045011s ]
INFO: Run ShowRuntime Behavior [ RunTime:-0.045329s ]
INFO: [ view_filter ] --END-- [ RunTime:0.001525s ]
INFO: [ view_end ] --START--
INFO: Run ShowPageTrace Behavior [ RunTime:-0.045827s ]
INFO: [ view_end ] --END-- [ RunTime:0.000525s ]

[ 2014-04-22T23:55:33+08:00 ] 112.90.82.164 /
INFO: [ app_begin ] --START--
INFO: Run ReadHtmlCache Behavior [ RunTime:0.000419s ]
INFO: [ app_begin ] --END-- [ RunTime:0.000479s ]
NOTIC: [2] Cannot use a scalar value as an array /home/wwwroot/www.wx-bang.com/PigCms/_Core/Lib/Core/View.class.php 第 69 行.
INFO: [ view_template ] --START--
INFO: Run LocationTemplate Behavior [ RunTime:-0.001480s ]
INFO: [ view_template ] --END-- [ RunTime:0.000379s ]
INFO: [ view_parse ] --START--
NOTIC: [8] Use of undefined constant uid - assumed 'uid' /home/wwwroot/www.wx-bang.com/PigData/logs/Cache/Home/921d53177c151344e729eca7c171fe97.php 第 31 行.
NOTIC: [8] Undefined index: uid /home/wwwroot/www.wx-bang.com/PigData/logs/Cache/Home/921d53177c151344e729eca7c171fe97.php 第 31 行.
INFO: Run ParseTemplate Behavior [ RunTime:-0.001925s ]
INFO: [ view_parse ] --END-- [ RunTime:0.125663s ]
INFO: [ view_filter ] --START--
INFO: Run ContentReplace Behavior [ RunTime:-0.127668s ]
INFO: Run TokenBuild Behavior [ RunTime:-0.128207s ]
INFO: Run WriteHtmlCache Behavior [ RunTime:-0.128773s ]
INFO: Run ShowRuntime Behavior [ RunTime:-0.129126s ]
INFO: [ view_filter ] --END-- [ RunTime:0.002103s ]
INFO: [ view_end ] --START--
INFO: Run ShowPageTrace Behavior [ RunTime:-0.129812s ]
INFO: [ view_end ] --END-- [ RunTime:0.000542s ]

[ 2014-04-22T23:55:50+08:00 ] 180.153.81.158 /
INFO: [ app_begin ] --START--
INFO: Run ReadHtmlCache Behavior [ RunTime:0.000466s ]
INFO: [ app_begin ] --END-- [ RunTime:0.000533s ]
NOTIC: [2] Cannot use a scalar value as an array /home/wwwroot/www.wx-bang.com/PigCms/_Core/Lib/Core/View.class.php 第 69 行.
INFO: [ view_template ] --START--
INFO: Run LocationTemplate Behavior [ RunTime:-0.001541s ]
INFO: [ view_template ] --END-- [ RunTime:0.000408s ]
INFO: [ view_parse ] --START--
NOTIC: [8] Use of undefined constant uid - assumed 'uid' /home/wwwroot/www.wx-bang.com/PigData/logs/Cache/Home/921d53177c151344e729eca7c171fe97.php 第 31 行.
NOTIC: [8] Undefined index: uid /home/wwwroot/www.wx-bang.com/PigData/logs/Cache/Home/921d53177c151344e729eca7c171fe97.php 第 31 行.
INFO: Run ParseTemplate Behavior [ RunTime:-0.002023s ]
INFO: [ view_parse ] --END-- [ RunTime:0.035514s ]
INFO: [ view_filter ] --START--
INFO: Run ContentReplace Behavior [ RunTime:-0.037576s ]
INFO: Run TokenBuild Behavior [ RunTime:-0.038035s ]
INFO: Run WriteHtmlCache Behavior [ RunTime:-0.038444s ]
INFO: Run ShowRuntime Behavior [ RunTime:-0.038712s ]
INFO: [ view_filter ] --END-- [ RunTime:0.001567s ]
INFO: [ view_end ] --START--
INFO: Run ShowPageTrace Behavior [ RunTime:-0.039198s ]
INFO: [ view_end ] --END-- [ RunTime:0.000540s ]

[ 2014-04-22T23:56:18+08:00 ] 180.153.212.27 /
INFO: [ app_begin ] --START--
INFO: Run ReadHtmlCache Behavior [ RunTime:0.000539s ]
INFO: [ app_begin ] --END-- [ RunTime:0.000608s ]
NOTIC: [2] Cannot use a scalar value as an array /home/wwwroot/www.wx-bang.com/PigCms/_Core/Lib/Core/View.class.php 第 69 行.
INFO: [ view_template ] --START--
INFO: Run LocationTemplate Behavior [ RunTime:-0.001561s ]
INFO: [ view_template ] --END-- [ RunTime:0.000462s ]
INFO: [ view_parse ] --START--
NOTIC: [8] Use of undefined constant uid - assumed 'uid' /home/wwwroot/www.wx-bang.com/PigData/logs/Cache/Home/921d53177c151344e729eca7c171fe97.php 第 31 行.
NOTIC: [8] Undefined index: uid /home/wwwroot/www.wx-bang.com/PigData/logs/Cache/Home/921d53177c151344e729eca7c171fe97.php 第 31 行.
INFO: Run ParseTemplate Behavior [ RunTime:-0.002093s ]
INFO: [ view_parse ] --END-- [ RunTime:0.013093s ]
INFO: [ view_filter ] --START--
INFO: Run ContentReplace Behavior [ RunTime:-0.015222s ]
INFO: Run TokenBuild Behavior [ RunTime:-0.015614s ]
INFO: Run WriteHtmlCache Behavior [ RunTime:-0.016001s ]
INFO: Run ShowRuntime Behavior [ RunTime:-0.016270s ]
INFO: [ view_filter ] --END-- [ RunTime:0.001460s ]
INFO: [ view_end ] --START--
INFO: Run ShowPageTrace Behavior [ RunTime:-0.016734s ]
INFO: [ view_end ] --END-- [ RunTime:0.000535s ]

[ 2014-04-22T23:57:34+08:00 ] 120.204.200.21 /
INFO: [ app_begin ] --START--
INFO: Run ReadHtmlCache Behavior [ RunTime:0.000441s ]
INFO: [ app_begin ] --END-- [ RunTime:0.000519s ]
NOTIC: [2] Cannot use a scalar value as an array /home/wwwroot/www.wx-bang.com/PigCms/_Core/Lib/Core/View.class.php 第 69 行.
INFO: [ view_template ] --START--
INFO: Run LocationTemplate Behavior [ RunTime:-0.001532s ]
INFO: [ view_template ] --END-- [ RunTime:0.000397s ]
INFO: [ view_parse ] --START--
NOTIC: [8] Use of undefined constant uid - assumed 'uid' /home/wwwroot/www.wx-bang.com/PigData/logs/Cache/Home/921d53177c151344e729eca7c171fe97.php 第 31 行.
NOTIC: [8] Undefined index: uid /home/wwwroot/www.wx-bang.com/PigData/logs/Cache/Home/921d53177c151344e729eca7c171fe97.php 第 31 行.
INFO: Run ParseTemplate Behavior [ RunTime:-0.002001s ]
INFO: [ view_parse ] --END-- [ RunTime:0.032187s ]
INFO: [ view_filter ] --START--
INFO: Run ContentReplace Behavior [ RunTime:-0.034239s ]
INFO: Run TokenBuild Behavior [ RunTime:-0.034659s ]
INFO: Run WriteHtmlCache Behavior [ RunTime:-0.035046s ]
INFO: Run ShowRuntime Behavior [ RunTime:-0.035313s ]
INFO: [ view_filter ] --END-- [ RunTime:0.001516s ]
INFO: [ view_end ] --START--
INFO: Run ShowPageTrace Behavior [ RunTime:-0.035809s ]
INFO: [ view_end ] --END-- [ RunTime:0.000515s ]

[ 2014-04-22T23:59:27+08:00 ] 112.90.82.164 /
INFO: [ app_begin ] --START--
INFO: Run ReadHtmlCache Behavior [ RunTime:0.000416s ]
INFO: [ app_begin ] --END-- [ RunTime:0.000477s ]
NOTIC: [2] Cannot use a scalar value as an array /home/wwwroot/www.wx-bang.com/PigCms/_Core/Lib/Core/View.class.php 第 69 行.
INFO: [ view_template ] --START--
INFO: Run LocationTemplate Behavior [ RunTime:-0.001489s ]
INFO: [ view_template ] --END-- [ RunTime:0.000382s ]
INFO: [ view_parse ] --START--
NOTIC: [8] Use of undefined constant uid - assumed 'uid' /home/wwwroot/www.wx-bang.com/PigData/logs/Cache/Home/921d53177c151344e729eca7c171fe97.php 第 31 行.
NOTIC: [8] Undefined index: uid /home/wwwroot/www.wx-bang.com/PigData/logs/Cache/Home/921d53177c151344e729eca7c171fe97.php 第 31 行.
INFO: Run ParseTemplate Behavior [ RunTime:-0.001939s ]
INFO: [ view_parse ] --END-- [ RunTime:0.040591s ]
INFO: [ view_filter ] --START--
INFO: Run ContentReplace Behavior [ RunTime:-0.042606s ]
INFO: Run TokenBuild Behavior [ RunTime:-0.043152s ]
INFO: Run WriteHtmlCache Behavior [ RunTime:-0.043721s ]
INFO: Run ShowRuntime Behavior [ RunTime:-0.044079s ]
INFO: [ view_filter ] --END-- [ RunTime:0.002072s ]
INFO: [ view_end ] --START--
INFO: Run ShowPageTrace Behavior [ RunTime:-0.044750s ]
INFO: [ view_end ] --END-- [ RunTime:0.000782s ]

[ 2014-04-22T23:59:50+08:00 ] 180.153.81.158 /
INFO: [ app_begin ] --START--
INFO: Run ReadHtmlCache Behavior [ RunTime:0.000623s ]
INFO: [ app_begin ] --END-- [ RunTime:0.000692s ]
NOTIC: [2] Cannot use a scalar value as an array /home/wwwroot/www.wx-bang.com/PigCms/_Core/Lib/Core/View.class.php 第 69 行.
INFO: [ view_template ] --START--
INFO: Run LocationTemplate Behavior [ RunTime:-0.001818s ]
INFO: [ view_template ] --END-- [ RunTime:0.000409s ]
INFO: [ view_parse ] --START--
NOTIC: [8] Use of undefined constant uid - assumed 'uid' /home/wwwroot/www.wx-bang.com/PigData/logs/Cache/Home/921d53177c151344e729eca7c171fe97.php 第 31 行.
NOTIC: [8] Undefined index: uid /home/wwwroot/www.wx-bang.com/PigData/logs/Cache/Home/921d53177c151344e729eca7c171fe97.php 第 31 行.
INFO: Run ParseTemplate Behavior [ RunTime:-0.002301s ]
INFO: [ view_parse ] --END-- [ RunTime:0.013698s ]
INFO: [ view_filter ] --START--
INFO: Run ContentReplace Behavior [ RunTime:-0.016054s ]
INFO: Run TokenBuild Behavior [ RunTime:-0.016432s ]
INFO: Run WriteHtmlCache Behavior [ RunTime:-0.016854s ]
INFO: Run ShowRuntime Behavior [ RunTime:-0.017166s ]
INFO: [ view_filter ] --END-- [ RunTime:0.001588s ]
INFO: [ view_end ] --START--
INFO: Run ShowPageTrace Behavior [ RunTime:-0.017693s ]
INFO: [ view_end ] --END-- [ RunTime:0.000599s ]

