[ 2014-05-18T23:46:11+08:00 ] 112.90.82.164 /
INFO: [ app_begin ] --START--
INFO: Run ReadHtmlCache Behavior [ RunTime:0.000465s ]
INFO: [ app_begin ] --END-- [ RunTime:0.000534s ]
NOTIC: [2] Cannot use a scalar value as an array /home/wwwroot/www.wx-bang.com/PigCms/_Core/Lib/Core/View.class.php 第 69 行.
INFO: [ view_template ] --START--
INFO: Run LocationTemplate Behavior [ RunTime:-0.001542s ]
INFO: [ view_template ] --END-- [ RunTime:0.000454s ]
INFO: [ view_parse ] --START--
NOTIC: [8] Use of undefined constant uid - assumed 'uid' /home/wwwroot/www.wx-bang.com/PigData/logs/Cache/Home/921d53177c151344e729eca7c171fe97.php 第 31 行.
NOTIC: [8] Undefined index: uid /home/wwwroot/www.wx-bang.com/PigData/logs/Cache/Home/921d53177c151344e729eca7c171fe97.php 第 31 行.
INFO: Run ParseTemplate Behavior [ RunTime:-0.002077s ]
INFO: [ view_parse ] --END-- [ RunTime:0.012521s ]
INFO: [ view_filter ] --START--
INFO: Run ContentReplace Behavior [ RunTime:-0.014632s ]
INFO: Run TokenBuild Behavior [ RunTime:-0.015028s ]
INFO: Run WriteHtmlCache Behavior [ RunTime:-0.015416s ]
INFO: Run ShowRuntime Behavior [ RunTime:-0.015669s ]
INFO: [ view_filter ] --END-- [ RunTime:0.001486s ]
INFO: [ view_end ] --START--
INFO: Run ShowPageTrace Behavior [ RunTime:-0.016174s ]
INFO: [ view_end ] --END-- [ RunTime:0.000503s ]

[ 2014-05-18T23:47:47+08:00 ] 120.204.200.21 /
INFO: [ app_begin ] --START--
INFO: Run ReadHtmlCache Behavior [ RunTime:0.000432s ]
INFO: [ app_begin ] --END-- [ RunTime:0.000502s ]
NOTIC: [2] Cannot use a scalar value as an array /home/wwwroot/www.wx-bang.com/PigCms/_Core/Lib/Core/View.class.php 第 69 行.
INFO: [ view_template ] --START--
INFO: Run LocationTemplate Behavior [ RunTime:-0.001570s ]
INFO: [ view_template ] --END-- [ RunTime:0.000377s ]
INFO: [ view_parse ] --START--
NOTIC: [8] Use of undefined constant uid - assumed 'uid' /home/wwwroot/www.wx-bang.com/PigData/logs/Cache/Home/921d53177c151344e729eca7c171fe97.php 第 31 行.
NOTIC: [8] Undefined index: uid /home/wwwroot/www.wx-bang.com/PigData/logs/Cache/Home/921d53177c151344e729eca7c171fe97.php 第 31 行.
INFO: Run ParseTemplate Behavior [ RunTime:-0.002014s ]
INFO: [ view_parse ] --END-- [ RunTime:0.034092s ]
INFO: [ view_filter ] --START--
INFO: Run ContentReplace Behavior [ RunTime:-0.036159s ]
INFO: Run TokenBuild Behavior [ RunTime:-0.036502s ]
INFO: Run WriteHtmlCache Behavior [ RunTime:-0.036878s ]
INFO: Run ShowRuntime Behavior [ RunTime:-0.037144s ]
INFO: [ view_filter ] --END-- [ RunTime:0.001381s ]
INFO: [ view_end ] --START--
INFO: Run ShowPageTrace Behavior [ RunTime:-0.037585s ]
INFO: [ view_end ] --END-- [ RunTime:0.000482s ]

[ 2014-05-18T23:47:53+08:00 ] 180.153.81.158 /
INFO: [ app_begin ] --START--
INFO: Run ReadHtmlCache Behavior [ RunTime:0.000450s ]
INFO: [ app_begin ] --END-- [ RunTime:0.000517s ]
NOTIC: [2] Cannot use a scalar value as an array /home/wwwroot/www.wx-bang.com/PigCms/_Core/Lib/Core/View.class.php 第 69 行.
INFO: [ view_template ] --START--
INFO: Run LocationTemplate Behavior [ RunTime:-0.001505s ]
INFO: [ view_template ] --END-- [ RunTime:0.000407s ]
INFO: [ view_parse ] --START--
NOTIC: [8] Use of undefined constant uid - assumed 'uid' /home/wwwroot/www.wx-bang.com/PigData/logs/Cache/Home/921d53177c151344e729eca7c171fe97.php 第 31 行.
NOTIC: [8] Undefined index: uid /home/wwwroot/www.wx-bang.com/PigData/logs/Cache/Home/921d53177c151344e729eca7c171fe97.php 第 31 行.
INFO: Run ParseTemplate Behavior [ RunTime:-0.001984s ]
INFO: [ view_parse ] --END-- [ RunTime:0.030159s ]
INFO: [ view_filter ] --START--
INFO: Run ContentReplace Behavior [ RunTime:-0.032175s ]
INFO: Run TokenBuild Behavior [ RunTime:-0.032529s ]
INFO: Run WriteHtmlCache Behavior [ RunTime:-0.032929s ]
INFO: Run ShowRuntime Behavior [ RunTime:-0.033182s ]
INFO: [ view_filter ] --END-- [ RunTime:0.001418s ]
INFO: [ view_end ] --START--
INFO: Run ShowPageTrace Behavior [ RunTime:-0.033657s ]
INFO: [ view_end ] --END-- [ RunTime:0.000505s ]

[ 2014-05-18T23:48:17+08:00 ] 27.115.124.47 /
INFO: [ app_begin ] --START--
INFO: Run ReadHtmlCache Behavior [ RunTime:0.000418s ]
INFO: [ app_begin ] --END-- [ RunTime:0.000478s ]
NOTIC: [2] Cannot use a scalar value as an array /home/wwwroot/www.wx-bang.com/PigCms/_Core/Lib/Core/View.class.php 第 69 行.
INFO: [ view_template ] --START--
INFO: Run LocationTemplate Behavior [ RunTime:-0.001798s ]
INFO: [ view_template ] --END-- [ RunTime:0.000377s ]
INFO: [ view_parse ] --START--
NOTIC: [8] Use of undefined constant uid - assumed 'uid' /home/wwwroot/www.wx-bang.com/PigData/logs/Cache/Home/921d53177c151344e729eca7c171fe97.php 第 31 行.
NOTIC: [8] Undefined index: uid /home/wwwroot/www.wx-bang.com/PigData/logs/Cache/Home/921d53177c151344e729eca7c171fe97.php 第 31 行.
INFO: Run ParseTemplate Behavior [ RunTime:-0.002242s ]
INFO: [ view_parse ] --END-- [ RunTime:0.011642s ]
INFO: [ view_filter ] --START--
INFO: Run ContentReplace Behavior [ RunTime:-0.013916s ]
INFO: Run TokenBuild Behavior [ RunTime:-0.014249s ]
INFO: Run WriteHtmlCache Behavior [ RunTime:-0.014617s ]
INFO: Run ShowRuntime Behavior [ RunTime:-0.014872s ]
INFO: [ view_filter ] --END-- [ RunTime:0.001347s ]
INFO: [ view_end ] --START--
INFO: Run ShowPageTrace Behavior [ RunTime:-0.015320s ]
INFO: [ view_end ] --END-- [ RunTime:0.001802s ]

[ 2014-05-18T23:50:08+08:00 ] 112.90.82.164 /
INFO: [ app_begin ] --START--
INFO: Run ReadHtmlCache Behavior [ RunTime:0.000492s ]
INFO: [ app_begin ] --END-- [ RunTime:0.000566s ]
NOTIC: [2] Cannot use a scalar value as an array /home/wwwroot/www.wx-bang.com/PigCms/_Core/Lib/Core/View.class.php 第 69 行.
INFO: [ view_template ] --START--
INFO: Run LocationTemplate Behavior [ RunTime:-0.001582s ]
INFO: [ view_template ] --END-- [ RunTime:0.000401s ]
INFO: [ view_parse ] --START--
NOTIC: [8] Use of undefined constant uid - assumed 'uid' /home/wwwroot/www.wx-bang.com/PigData/logs/Cache/Home/921d53177c151344e729eca7c171fe97.php 第 31 行.
NOTIC: [8] Undefined index: uid /home/wwwroot/www.wx-bang.com/PigData/logs/Cache/Home/921d53177c151344e729eca7c171fe97.php 第 31 行.
INFO: Run ParseTemplate Behavior [ RunTime:-0.002056s ]
INFO: [ view_parse ] --END-- [ RunTime:0.016637s ]
INFO: [ view_filter ] --START--
INFO: Run ContentReplace Behavior [ RunTime:-0.018730s ]
INFO: Run TokenBuild Behavior [ RunTime:-0.019135s ]
INFO: Run WriteHtmlCache Behavior [ RunTime:-0.019530s ]
INFO: Run ShowRuntime Behavior [ RunTime:-0.019783s ]
INFO: [ view_filter ] --END-- [ RunTime:0.001590s ]
INFO: [ view_end ] --START--
INFO: Run ShowPageTrace Behavior [ RunTime:-0.020376s ]
INFO: [ view_end ] --END-- [ RunTime:0.000533s ]

[ 2014-05-18T23:51:43+08:00 ] 120.204.200.21 /
INFO: [ app_begin ] --START--
INFO: Run ReadHtmlCache Behavior [ RunTime:0.000423s ]
INFO: [ app_begin ] --END-- [ RunTime:0.000483s ]
NOTIC: [2] Cannot use a scalar value as an array /home/wwwroot/www.wx-bang.com/PigCms/_Core/Lib/Core/View.class.php 第 69 行.
INFO: [ view_template ] --START--
INFO: Run LocationTemplate Behavior [ RunTime:-0.001460s ]
INFO: [ view_template ] --END-- [ RunTime:0.000371s ]
INFO: [ view_parse ] --START--
NOTIC: [8] Use of undefined constant uid - assumed 'uid' /home/wwwroot/www.wx-bang.com/PigData/logs/Cache/Home/921d53177c151344e729eca7c171fe97.php 第 31 行.
NOTIC: [8] Undefined index: uid /home/wwwroot/www.wx-bang.com/PigData/logs/Cache/Home/921d53177c151344e729eca7c171fe97.php 第 31 行.
INFO: Run ParseTemplate Behavior [ RunTime:-0.001898s ]
INFO: [ view_parse ] --END-- [ RunTime:0.038257s ]
INFO: [ view_filter ] --START--
INFO: Run ContentReplace Behavior [ RunTime:-0.040204s ]
INFO: Run TokenBuild Behavior [ RunTime:-0.040640s ]
INFO: Run WriteHtmlCache Behavior [ RunTime:-0.041031s ]
INFO: Run ShowRuntime Behavior [ RunTime:-0.041300s ]
INFO: [ view_filter ] --END-- [ RunTime:0.001507s ]
INFO: [ view_end ] --START--
INFO: Run ShowPageTrace Behavior [ RunTime:-0.041755s ]
INFO: [ view_end ] --END-- [ RunTime:0.000523s ]

[ 2014-05-18T23:51:53+08:00 ] 180.153.81.158 /
INFO: [ app_begin ] --START--
INFO: Run ReadHtmlCache Behavior [ RunTime:0.000486s ]
INFO: [ app_begin ] --END-- [ RunTime:0.000564s ]
NOTIC: [2] Cannot use a scalar value as an array /home/wwwroot/www.wx-bang.com/PigCms/_Core/Lib/Core/View.class.php 第 69 行.
INFO: [ view_template ] --START--
INFO: Run LocationTemplate Behavior [ RunTime:-0.001689s ]
INFO: [ view_template ] --END-- [ RunTime:0.000436s ]
INFO: [ view_parse ] --START--
NOTIC: [8] Use of undefined constant uid - assumed 'uid' /home/wwwroot/www.wx-bang.com/PigData/logs/Cache/Home/921d53177c151344e729eca7c171fe97.php 第 31 行.
NOTIC: [8] Undefined index: uid /home/wwwroot/www.wx-bang.com/PigData/logs/Cache/Home/921d53177c151344e729eca7c171fe97.php 第 31 行.
INFO: Run ParseTemplate Behavior [ RunTime:-0.002198s ]
INFO: [ view_parse ] --END-- [ RunTime:0.031867s ]
INFO: [ view_filter ] --START--
INFO: Run ContentReplace Behavior [ RunTime:-0.034102s ]
INFO: Run TokenBuild Behavior [ RunTime:-0.034496s ]
INFO: Run WriteHtmlCache Behavior [ RunTime:-0.034905s ]
INFO: Run ShowRuntime Behavior [ RunTime:-0.035178s ]
INFO: [ view_filter ] --END-- [ RunTime:0.001509s ]
INFO: [ view_end ] --START--
INFO: Run ShowPageTrace Behavior [ RunTime:-0.035668s ]
INFO: [ view_end ] --END-- [ RunTime:0.000549s ]

[ 2014-05-18T23:52:03+08:00 ] 180.153.212.28 /
INFO: [ app_begin ] --START--
INFO: Run ReadHtmlCache Behavior [ RunTime:0.000627s ]
INFO: [ app_begin ] --END-- [ RunTime:0.000691s ]
NOTIC: [2] Cannot use a scalar value as an array /home/wwwroot/www.wx-bang.com/PigCms/_Core/Lib/Core/View.class.php 第 69 行.
INFO: [ view_template ] --START--
INFO: Run LocationTemplate Behavior [ RunTime:-0.001697s ]
INFO: [ view_template ] --END-- [ RunTime:0.000468s ]
INFO: [ view_parse ] --START--
NOTIC: [8] Use of undefined constant uid - assumed 'uid' /home/wwwroot/www.wx-bang.com/PigData/logs/Cache/Home/921d53177c151344e729eca7c171fe97.php 第 31 行.
NOTIC: [8] Undefined index: uid /home/wwwroot/www.wx-bang.com/PigData/logs/Cache/Home/921d53177c151344e729eca7c171fe97.php 第 31 行.
INFO: Run ParseTemplate Behavior [ RunTime:-0.002209s ]
INFO: [ view_parse ] --END-- [ RunTime:0.012018s ]
INFO: [ view_filter ] --START--
INFO: Run ContentReplace Behavior [ RunTime:-0.014261s ]
INFO: Run TokenBuild Behavior [ RunTime:-0.014601s ]
INFO: Run WriteHtmlCache Behavior [ RunTime:-0.015005s ]
INFO: Run ShowRuntime Behavior [ RunTime:-0.015256s ]
INFO: [ view_filter ] --END-- [ RunTime:0.001402s ]
INFO: [ view_end ] --START--
INFO: Run ShowPageTrace Behavior [ RunTime:-0.015718s ]
INFO: [ view_end ] --END-- [ RunTime:0.000506s ]

[ 2014-05-18T23:54:12+08:00 ] 112.90.82.164 /
INFO: [ app_begin ] --START--
INFO: Run ReadHtmlCache Behavior [ RunTime:0.000466s ]
INFO: [ app_begin ] --END-- [ RunTime:0.000534s ]
NOTIC: [2] Cannot use a scalar value as an array /home/wwwroot/www.wx-bang.com/PigCms/_Core/Lib/Core/View.class.php 第 69 行.
INFO: [ view_template ] --START--
INFO: Run LocationTemplate Behavior [ RunTime:-0.001561s ]
INFO: [ view_template ] --END-- [ RunTime:0.000386s ]
INFO: [ view_parse ] --START--
NOTIC: [8] Use of undefined constant uid - assumed 'uid' /home/wwwroot/www.wx-bang.com/PigData/logs/Cache/Home/921d53177c151344e729eca7c171fe97.php 第 31 行.
NOTIC: [8] Undefined index: uid /home/wwwroot/www.wx-bang.com/PigData/logs/Cache/Home/921d53177c151344e729eca7c171fe97.php 第 31 行.
INFO: Run ParseTemplate Behavior [ RunTime:-0.002018s ]
INFO: [ view_parse ] --END-- [ RunTime:0.067548s ]
INFO: [ view_filter ] --START--
INFO: Run ContentReplace Behavior [ RunTime:-0.069644s ]
INFO: Run TokenBuild Behavior [ RunTime:-0.070247s ]
INFO: Run WriteHtmlCache Behavior [ RunTime:-0.070889s ]
INFO: Run ShowRuntime Behavior [ RunTime:-0.071282s ]
INFO: [ view_filter ] --END-- [ RunTime:0.002294s ]
INFO: [ view_end ] --START--
INFO: Run ShowPageTrace Behavior [ RunTime:-0.072019s ]
INFO: [ view_end ] --END-- [ RunTime:0.000779s ]

[ 2014-05-18T23:54:16+08:00 ] 27.115.124.47 /
INFO: [ app_begin ] --START--
INFO: Run ReadHtmlCache Behavior [ RunTime:0.000502s ]
INFO: [ app_begin ] --END-- [ RunTime:0.000571s ]
NOTIC: [2] Cannot use a scalar value as an array /home/wwwroot/www.wx-bang.com/PigCms/_Core/Lib/Core/View.class.php 第 69 行.
INFO: [ view_template ] --START--
INFO: Run LocationTemplate Behavior [ RunTime:-0.001739s ]
INFO: [ view_template ] --END-- [ RunTime:0.000432s ]
INFO: [ view_parse ] --START--
NOTIC: [8] Use of undefined constant uid - assumed 'uid' /home/wwwroot/www.wx-bang.com/PigData/logs/Cache/Home/921d53177c151344e729eca7c171fe97.php 第 31 行.
NOTIC: [8] Undefined index: uid /home/wwwroot/www.wx-bang.com/PigData/logs/Cache/Home/921d53177c151344e729eca7c171fe97.php 第 31 行.
INFO: Run ParseTemplate Behavior [ RunTime:-0.002264s ]
INFO: [ view_parse ] --END-- [ RunTime:0.057973s ]
INFO: [ view_filter ] --START--
INFO: Run ContentReplace Behavior [ RunTime:-0.060279s ]
INFO: Run TokenBuild Behavior [ RunTime:-0.060690s ]
INFO: Run WriteHtmlCache Behavior [ RunTime:-0.061079s ]
INFO: Run ShowRuntime Behavior [ RunTime:-0.061387s ]
INFO: [ view_filter ] --END-- [ RunTime:0.001658s ]
INFO: [ view_end ] --START--
INFO: Run ShowPageTrace Behavior [ RunTime:-0.062020s ]
INFO: [ view_end ] --END-- [ RunTime:0.000746s ]

[ 2014-05-18T23:55:43+08:00 ] 120.204.200.21 /
INFO: [ app_begin ] --START--
INFO: Run ReadHtmlCache Behavior [ RunTime:0.000720s ]
INFO: [ app_begin ] --END-- [ RunTime:0.000876s ]
NOTIC: [2] Cannot use a scalar value as an array /home/wwwroot/www.wx-bang.com/PigCms/_Core/Lib/Core/View.class.php 第 69 行.
INFO: [ view_template ] --START--
INFO: Run LocationTemplate Behavior [ RunTime:-0.002332s ]
INFO: [ view_template ] --END-- [ RunTime:0.000636s ]
INFO: [ view_parse ] --START--
NOTIC: [8] Use of undefined constant uid - assumed 'uid' /home/wwwroot/www.wx-bang.com/PigData/logs/Cache/Home/921d53177c151344e729eca7c171fe97.php 第 31 行.
NOTIC: [8] Undefined index: uid /home/wwwroot/www.wx-bang.com/PigData/logs/Cache/Home/921d53177c151344e729eca7c171fe97.php 第 31 行.
INFO: Run ParseTemplate Behavior [ RunTime:-0.003084s ]
INFO: [ view_parse ] --END-- [ RunTime:0.034242s ]
INFO: [ view_filter ] --START--
INFO: Run ContentReplace Behavior [ RunTime:-0.037402s ]
INFO: Run TokenBuild Behavior [ RunTime:-0.038033s ]
INFO: Run WriteHtmlCache Behavior [ RunTime:-0.038685s ]
INFO: Run ShowRuntime Behavior [ RunTime:-0.039049s ]
INFO: [ view_filter ] --END-- [ RunTime:0.002346s ]
INFO: [ view_end ] --START--
INFO: Run ShowPageTrace Behavior [ RunTime:-0.039792s ]
INFO: [ view_end ] --END-- [ RunTime:0.000518s ]

[ 2014-05-18T23:55:57+08:00 ] 180.153.81.158 /
INFO: [ app_begin ] --START--
INFO: Run ReadHtmlCache Behavior [ RunTime:0.000461s ]
INFO: [ app_begin ] --END-- [ RunTime:0.000541s ]
NOTIC: [2] Cannot use a scalar value as an array /home/wwwroot/www.wx-bang.com/PigCms/_Core/Lib/Core/View.class.php 第 69 行.
INFO: [ view_template ] --START--
INFO: Run LocationTemplate Behavior [ RunTime:-0.001676s ]
INFO: [ view_template ] --END-- [ RunTime:0.000489s ]
INFO: [ view_parse ] --START--
NOTIC: [8] Use of undefined constant uid - assumed 'uid' /home/wwwroot/www.wx-bang.com/PigData/logs/Cache/Home/921d53177c151344e729eca7c171fe97.php 第 31 行.
NOTIC: [8] Undefined index: uid /home/wwwroot/www.wx-bang.com/PigData/logs/Cache/Home/921d53177c151344e729eca7c171fe97.php 第 31 行.
INFO: Run ParseTemplate Behavior [ RunTime:-0.002290s ]
INFO: [ view_parse ] --END-- [ RunTime:0.013802s ]
INFO: [ view_filter ] --START--
INFO: Run ContentReplace Behavior [ RunTime:-0.016153s ]
INFO: Run TokenBuild Behavior [ RunTime:-0.016744s ]
INFO: Run WriteHtmlCache Behavior [ RunTime:-0.017391s ]
INFO: Run ShowRuntime Behavior [ RunTime:-0.017796s ]
INFO: [ view_filter ] --END-- [ RunTime:0.002299s ]
INFO: [ view_end ] --START--
INFO: Run ShowPageTrace Behavior [ RunTime:-0.018491s ]
INFO: [ view_end ] --END-- [ RunTime:0.000546s ]

[ 2014-05-18T23:58:03+08:00 ] 180.153.212.28 /
INFO: [ app_begin ] --START--
INFO: Run ReadHtmlCache Behavior [ RunTime:0.000750s ]
INFO: [ app_begin ] --END-- [ RunTime:0.000855s ]
NOTIC: [2] Cannot use a scalar value as an array /home/wwwroot/www.wx-bang.com/PigCms/_Core/Lib/Core/View.class.php 第 69 行.
INFO: [ view_template ] --START--
INFO: Run LocationTemplate Behavior [ RunTime:-0.002296s ]
INFO: [ view_template ] --END-- [ RunTime:0.000397s ]
INFO: [ view_parse ] --START--
NOTIC: [8] Use of undefined constant uid - assumed 'uid' /home/wwwroot/www.wx-bang.com/PigData/logs/Cache/Home/921d53177c151344e729eca7c171fe97.php 第 31 行.
NOTIC: [8] Undefined index: uid /home/wwwroot/www.wx-bang.com/PigData/logs/Cache/Home/921d53177c151344e729eca7c171fe97.php 第 31 行.
INFO: Run ParseTemplate Behavior [ RunTime:-0.002767s ]
INFO: [ view_parse ] --END-- [ RunTime:0.014247s ]
INFO: [ view_filter ] --START--
INFO: Run ContentReplace Behavior [ RunTime:-0.017065s ]
INFO: Run TokenBuild Behavior [ RunTime:-0.017450s ]
INFO: Run WriteHtmlCache Behavior [ RunTime:-0.017831s ]
INFO: Run ShowRuntime Behavior [ RunTime:-0.018089s ]
INFO: [ view_filter ] --END-- [ RunTime:0.001439s ]
INFO: [ view_end ] --START--
INFO: Run ShowPageTrace Behavior [ RunTime:-0.018539s ]
INFO: [ view_end ] --END-- [ RunTime:0.000491s ]

[ 2014-05-18T23:58:08+08:00 ] 112.90.82.164 /
INFO: [ app_begin ] --START--
INFO: Run ReadHtmlCache Behavior [ RunTime:0.000418s ]
INFO: [ app_begin ] --END-- [ RunTime:0.000479s ]
NOTIC: [2] Cannot use a scalar value as an array /home/wwwroot/www.wx-bang.com/PigCms/_Core/Lib/Core/View.class.php 第 69 行.
INFO: [ view_template ] --START--
INFO: Run LocationTemplate Behavior [ RunTime:-0.001634s ]
INFO: [ view_template ] --END-- [ RunTime:0.000496s ]
INFO: [ view_parse ] --START--
NOTIC: [8] Use of undefined constant uid - assumed 'uid' /home/wwwroot/www.wx-bang.com/PigData/logs/Cache/Home/921d53177c151344e729eca7c171fe97.php 第 31 行.
NOTIC: [8] Undefined index: uid /home/wwwroot/www.wx-bang.com/PigData/logs/Cache/Home/921d53177c151344e729eca7c171fe97.php 第 31 行.
INFO: Run ParseTemplate Behavior [ RunTime:-0.002229s ]
INFO: [ view_parse ] --END-- [ RunTime:0.012847s ]
INFO: [ view_filter ] --START--
INFO: Run ContentReplace Behavior [ RunTime:-0.015104s ]
INFO: Run TokenBuild Behavior [ RunTime:-0.015482s ]
INFO: Run WriteHtmlCache Behavior [ RunTime:-0.015858s ]
INFO: Run ShowRuntime Behavior [ RunTime:-0.016106s ]
INFO: [ view_filter ] --END-- [ RunTime:0.001424s ]
INFO: [ view_end ] --START--
INFO: Run ShowPageTrace Behavior [ RunTime:-0.016573s ]
INFO: [ view_end ] --END-- [ RunTime:0.000495s ]

[ 2014-05-18T23:59:47+08:00 ] 120.204.200.21 /
INFO: [ app_begin ] --START--
INFO: Run ReadHtmlCache Behavior [ RunTime:0.000528s ]
INFO: [ app_begin ] --END-- [ RunTime:0.000611s ]
NOTIC: [2] Cannot use a scalar value as an array /home/wwwroot/www.wx-bang.com/PigCms/_Core/Lib/Core/View.class.php 第 69 行.
INFO: [ view_template ] --START--
INFO: Run LocationTemplate Behavior [ RunTime:-0.001895s ]
INFO: [ view_template ] --END-- [ RunTime:0.000538s ]
INFO: [ view_parse ] --START--
NOTIC: [8] Use of undefined constant uid - assumed 'uid' /home/wwwroot/www.wx-bang.com/PigData/logs/Cache/Home/921d53177c151344e729eca7c171fe97.php 第 31 行.
NOTIC: [8] Undefined index: uid /home/wwwroot/www.wx-bang.com/PigData/logs/Cache/Home/921d53177c151344e729eca7c171fe97.php 第 31 行.
INFO: Run ParseTemplate Behavior [ RunTime:-0.002582s ]
INFO: [ view_parse ] --END-- [ RunTime:0.051663s ]
INFO: [ view_filter ] --START--
INFO: Run ContentReplace Behavior [ RunTime:-0.054274s ]
INFO: Run TokenBuild Behavior [ RunTime:-0.054651s ]
INFO: Run WriteHtmlCache Behavior [ RunTime:-0.055040s ]
INFO: Run ShowRuntime Behavior [ RunTime:-0.055291s ]
INFO: [ view_filter ] --END-- [ RunTime:0.001420s ]
INFO: [ view_end ] --START--
INFO: Run ShowPageTrace Behavior [ RunTime:-0.055754s ]
INFO: [ view_end ] --END-- [ RunTime:0.000507s ]

[ 2014-05-18T23:59:53+08:00 ] 180.153.81.158 /
INFO: [ app_begin ] --START--
INFO: Run ReadHtmlCache Behavior [ RunTime:0.000490s ]
INFO: [ app_begin ] --END-- [ RunTime:0.000562s ]
NOTIC: [2] Cannot use a scalar value as an array /home/wwwroot/www.wx-bang.com/PigCms/_Core/Lib/Core/View.class.php 第 69 行.
INFO: [ view_template ] --START--
INFO: Run LocationTemplate Behavior [ RunTime:-0.001480s ]
INFO: [ view_template ] --END-- [ RunTime:0.000373s ]
INFO: [ view_parse ] --START--
NOTIC: [8] Use of undefined constant uid - assumed 'uid' /home/wwwroot/www.wx-bang.com/PigData/logs/Cache/Home/921d53177c151344e729eca7c171fe97.php 第 31 行.
NOTIC: [8] Undefined index: uid /home/wwwroot/www.wx-bang.com/PigData/logs/Cache/Home/921d53177c151344e729eca7c171fe97.php 第 31 行.
INFO: Run ParseTemplate Behavior [ RunTime:-0.001921s ]
INFO: [ view_parse ] --END-- [ RunTime:0.068674s ]
INFO: [ view_filter ] --START--
INFO: Run ContentReplace Behavior [ RunTime:-0.070637s ]
INFO: Run TokenBuild Behavior [ RunTime:-0.071013s ]
INFO: Run WriteHtmlCache Behavior [ RunTime:-0.071401s ]
INFO: Run ShowRuntime Behavior [ RunTime:-0.071651s ]
INFO: [ view_filter ] --END-- [ RunTime:0.001410s ]
INFO: [ view_end ] --START--
INFO: Run ShowPageTrace Behavior [ RunTime:-0.072104s ]
INFO: [ view_end ] --END-- [ RunTime:0.000499s ]

