[ 2014-05-25T23:26:10+08:00 ] 112.90.82.164 /
INFO: [ app_begin ] --START--
INFO: Run ReadHtmlCache Behavior [ RunTime:0.000419s ]
INFO: [ app_begin ] --END-- [ RunTime:0.000483s ]
NOTIC: [2] Cannot use a scalar value as an array /home/wwwroot/www.wx-bang.com/PigCms/_Core/Lib/Core/View.class.php 第 69 行.
INFO: [ view_template ] --START--
INFO: Run LocationTemplate Behavior [ RunTime:-0.001467s ]
INFO: [ view_template ] --END-- [ RunTime:0.000373s ]
INFO: [ view_parse ] --START--
NOTIC: [8] Use of undefined constant uid - assumed 'uid' /home/wwwroot/www.wx-bang.com/PigData/logs/Cache/Home/921d53177c151344e729eca7c171fe97.php 第 31 行.
NOTIC: [8] Undefined index: uid /home/wwwroot/www.wx-bang.com/PigData/logs/Cache/Home/921d53177c151344e729eca7c171fe97.php 第 31 行.
INFO: Run ParseTemplate Behavior [ RunTime:-0.001908s ]
INFO: [ view_parse ] --END-- [ RunTime:0.011795s ]
INFO: [ view_filter ] --START--
INFO: Run ContentReplace Behavior [ RunTime:-0.013739s ]
INFO: Run TokenBuild Behavior [ RunTime:-0.014094s ]
INFO: Run WriteHtmlCache Behavior [ RunTime:-0.014466s ]
INFO: Run ShowRuntime Behavior [ RunTime:-0.014713s ]
INFO: [ view_filter ] --END-- [ RunTime:0.001375s ]
INFO: [ view_end ] --START--
INFO: Run ShowPageTrace Behavior [ RunTime:-0.015163s ]
INFO: [ view_end ] --END-- [ RunTime:0.000484s ]

[ 2014-05-25T23:26:16+08:00 ] 180.153.212.27 /
INFO: [ app_begin ] --START--
INFO: Run ReadHtmlCache Behavior [ RunTime:0.000445s ]
INFO: [ app_begin ] --END-- [ RunTime:0.000524s ]
NOTIC: [2] Cannot use a scalar value as an array /home/wwwroot/www.wx-bang.com/PigCms/_Core/Lib/Core/View.class.php 第 69 行.
INFO: [ view_template ] --START--
INFO: Run LocationTemplate Behavior [ RunTime:-0.001522s ]
INFO: [ view_template ] --END-- [ RunTime:0.000423s ]
INFO: [ view_parse ] --START--
NOTIC: [8] Use of undefined constant uid - assumed 'uid' /home/wwwroot/www.wx-bang.com/PigData/logs/Cache/Home/921d53177c151344e729eca7c171fe97.php 第 31 行.
NOTIC: [8] Undefined index: uid /home/wwwroot/www.wx-bang.com/PigData/logs/Cache/Home/921d53177c151344e729eca7c171fe97.php 第 31 行.
INFO: Run ParseTemplate Behavior [ RunTime:-0.002017s ]
INFO: [ view_parse ] --END-- [ RunTime:0.031922s ]
INFO: [ view_filter ] --START--
INFO: Run ContentReplace Behavior [ RunTime:-0.033979s ]
INFO: Run TokenBuild Behavior [ RunTime:-0.034384s ]
INFO: Run WriteHtmlCache Behavior [ RunTime:-0.034774s ]
INFO: Run ShowRuntime Behavior [ RunTime:-0.035027s ]
INFO: [ view_filter ] --END-- [ RunTime:0.001490s ]
INFO: [ view_end ] --START--
INFO: Run ShowPageTrace Behavior [ RunTime:-0.035522s ]
INFO: [ view_end ] --END-- [ RunTime:0.000505s ]

[ 2014-05-25T23:26:16+08:00 ] 27.115.124.47 /
INFO: [ app_begin ] --START--
INFO: Run ReadHtmlCache Behavior [ RunTime:0.000425s ]
INFO: [ app_begin ] --END-- [ RunTime:0.000488s ]
NOTIC: [2] Cannot use a scalar value as an array /home/wwwroot/www.wx-bang.com/PigCms/_Core/Lib/Core/View.class.php 第 69 行.
INFO: [ view_template ] --START--
INFO: Run LocationTemplate Behavior [ RunTime:-0.001470s ]
INFO: [ view_template ] --END-- [ RunTime:0.000382s ]
INFO: [ view_parse ] --START--
NOTIC: [8] Use of undefined constant uid - assumed 'uid' /home/wwwroot/www.wx-bang.com/PigData/logs/Cache/Home/921d53177c151344e729eca7c171fe97.php 第 31 行.
NOTIC: [8] Undefined index: uid /home/wwwroot/www.wx-bang.com/PigData/logs/Cache/Home/921d53177c151344e729eca7c171fe97.php 第 31 行.
INFO: Run ParseTemplate Behavior [ RunTime:-0.001919s ]
INFO: [ view_parse ] --END-- [ RunTime:0.011711s ]
INFO: [ view_filter ] --START--
INFO: Run ContentReplace Behavior [ RunTime:-0.013666s ]
INFO: Run TokenBuild Behavior [ RunTime:-0.014073s ]
INFO: Run WriteHtmlCache Behavior [ RunTime:-0.014449s ]
INFO: Run ShowRuntime Behavior [ RunTime:-0.014699s ]
INFO: [ view_filter ] --END-- [ RunTime:0.001435s ]
INFO: [ view_end ] --START--
INFO: Run ShowPageTrace Behavior [ RunTime:-0.015149s ]
INFO: [ view_end ] --END-- [ RunTime:0.000493s ]

[ 2014-05-25T23:27:28+08:00 ] 180.153.81.158 /
INFO: [ app_begin ] --START--
INFO: Run ReadHtmlCache Behavior [ RunTime:0.000420s ]
INFO: [ app_begin ] --END-- [ RunTime:0.000480s ]
NOTIC: [2] Cannot use a scalar value as an array /home/wwwroot/www.wx-bang.com/PigCms/_Core/Lib/Core/View.class.php 第 69 行.
INFO: [ view_template ] --START--
INFO: Run LocationTemplate Behavior [ RunTime:-0.001447s ]
INFO: [ view_template ] --END-- [ RunTime:0.000379s ]
INFO: [ view_parse ] --START--
NOTIC: [8] Use of undefined constant uid - assumed 'uid' /home/wwwroot/www.wx-bang.com/PigData/logs/Cache/Home/921d53177c151344e729eca7c171fe97.php 第 31 行.
NOTIC: [8] Undefined index: uid /home/wwwroot/www.wx-bang.com/PigData/logs/Cache/Home/921d53177c151344e729eca7c171fe97.php 第 31 行.
INFO: Run ParseTemplate Behavior [ RunTime:-0.001895s ]
INFO: [ view_parse ] --END-- [ RunTime:0.032832s ]
INFO: [ view_filter ] --START--
INFO: Run ContentReplace Behavior [ RunTime:-0.034769s ]
INFO: Run TokenBuild Behavior [ RunTime:-0.035155s ]
INFO: Run WriteHtmlCache Behavior [ RunTime:-0.035534s ]
INFO: Run ShowRuntime Behavior [ RunTime:-0.035806s ]
INFO: [ view_filter ] --END-- [ RunTime:0.001439s ]
INFO: [ view_end ] --START--
INFO: Run ShowPageTrace Behavior [ RunTime:-0.036256s ]
INFO: [ view_end ] --END-- [ RunTime:0.000490s ]

[ 2014-05-25T23:28:23+08:00 ] 120.204.200.21 /
INFO: [ app_begin ] --START--
INFO: Run ReadHtmlCache Behavior [ RunTime:0.000442s ]
INFO: [ app_begin ] --END-- [ RunTime:0.000510s ]
NOTIC: [2] Cannot use a scalar value as an array /home/wwwroot/www.wx-bang.com/PigCms/_Core/Lib/Core/View.class.php 第 69 行.
INFO: [ view_template ] --START--
INFO: Run LocationTemplate Behavior [ RunTime:-0.001615s ]
INFO: [ view_template ] --END-- [ RunTime:0.000488s ]
INFO: [ view_parse ] --START--
NOTIC: [8] Use of undefined constant uid - assumed 'uid' /home/wwwroot/www.wx-bang.com/PigData/logs/Cache/Home/921d53177c151344e729eca7c171fe97.php 第 31 行.
NOTIC: [8] Undefined index: uid /home/wwwroot/www.wx-bang.com/PigData/logs/Cache/Home/921d53177c151344e729eca7c171fe97.php 第 31 行.
INFO: Run ParseTemplate Behavior [ RunTime:-0.002214s ]
INFO: [ view_parse ] --END-- [ RunTime:0.084671s ]
INFO: [ view_filter ] --START--
INFO: Run ContentReplace Behavior [ RunTime:-0.086923s ]
INFO: Run TokenBuild Behavior [ RunTime:-0.087322s ]
INFO: Run WriteHtmlCache Behavior [ RunTime:-0.087730s ]
INFO: Run ShowRuntime Behavior [ RunTime:-0.088026s ]
INFO: [ view_filter ] --END-- [ RunTime:0.001545s ]
INFO: [ view_end ] --START--
INFO: Run ShowPageTrace Behavior [ RunTime:-0.088525s ]
INFO: [ view_end ] --END-- [ RunTime:0.000522s ]

[ 2014-05-25T23:30:13+08:00 ] 112.90.82.164 /
INFO: [ app_begin ] --START--
INFO: Run ReadHtmlCache Behavior [ RunTime:0.000434s ]
INFO: [ app_begin ] --END-- [ RunTime:0.000501s ]
NOTIC: [2] Cannot use a scalar value as an array /home/wwwroot/www.wx-bang.com/PigCms/_Core/Lib/Core/View.class.php 第 69 行.
INFO: [ view_template ] --START--
INFO: Run LocationTemplate Behavior [ RunTime:-0.001599s ]
INFO: [ view_template ] --END-- [ RunTime:0.000392s ]
INFO: [ view_parse ] --START--
NOTIC: [8] Use of undefined constant uid - assumed 'uid' /home/wwwroot/www.wx-bang.com/PigData/logs/Cache/Home/921d53177c151344e729eca7c171fe97.php 第 31 行.
NOTIC: [8] Undefined index: uid /home/wwwroot/www.wx-bang.com/PigData/logs/Cache/Home/921d53177c151344e729eca7c171fe97.php 第 31 行.
INFO: Run ParseTemplate Behavior [ RunTime:-0.002077s ]
INFO: [ view_parse ] --END-- [ RunTime:0.042358s ]
INFO: [ view_filter ] --START--
INFO: Run ContentReplace Behavior [ RunTime:-0.044481s ]
INFO: Run TokenBuild Behavior [ RunTime:-0.044999s ]
INFO: Run WriteHtmlCache Behavior [ RunTime:-0.045435s ]
INFO: Run ShowRuntime Behavior [ RunTime:-0.045702s ]
INFO: [ view_filter ] --END-- [ RunTime:0.001641s ]
INFO: [ view_end ] --START--
INFO: Run ShowPageTrace Behavior [ RunTime:-0.046215s ]
INFO: [ view_end ] --END-- [ RunTime:0.000535s ]

[ 2014-05-25T23:31:28+08:00 ] 180.153.81.158 /
INFO: [ app_begin ] --START--
INFO: Run ReadHtmlCache Behavior [ RunTime:0.000537s ]
INFO: [ app_begin ] --END-- [ RunTime:0.000611s ]
NOTIC: [2] Cannot use a scalar value as an array /home/wwwroot/www.wx-bang.com/PigCms/_Core/Lib/Core/View.class.php 第 69 行.
INFO: [ view_template ] --START--
INFO: Run LocationTemplate Behavior [ RunTime:-0.001625s ]
INFO: [ view_template ] --END-- [ RunTime:0.000471s ]
INFO: [ view_parse ] --START--
NOTIC: [8] Use of undefined constant uid - assumed 'uid' /home/wwwroot/www.wx-bang.com/PigData/logs/Cache/Home/921d53177c151344e729eca7c171fe97.php 第 31 行.
NOTIC: [8] Undefined index: uid /home/wwwroot/www.wx-bang.com/PigData/logs/Cache/Home/921d53177c151344e729eca7c171fe97.php 第 31 行.
INFO: Run ParseTemplate Behavior [ RunTime:-0.002167s ]
INFO: [ view_parse ] --END-- [ RunTime:0.041735s ]
INFO: [ view_filter ] --START--
INFO: Run ContentReplace Behavior [ RunTime:-0.043951s ]
INFO: Run TokenBuild Behavior [ RunTime:-0.044368s ]
INFO: Run WriteHtmlCache Behavior [ RunTime:-0.044763s ]
INFO: Run ShowRuntime Behavior [ RunTime:-0.045186s ]
INFO: [ view_filter ] --END-- [ RunTime:0.001838s ]
INFO: [ view_end ] --START--
INFO: Run ShowPageTrace Behavior [ RunTime:-0.045874s ]
INFO: [ view_end ] --END-- [ RunTime:0.000758s ]

[ 2014-05-25T23:32:16+08:00 ] 180.153.212.27 /
INFO: [ app_begin ] --START--
INFO: Run ReadHtmlCache Behavior [ RunTime:0.000439s ]
INFO: [ app_begin ] --END-- [ RunTime:0.000514s ]
NOTIC: [2] Cannot use a scalar value as an array /home/wwwroot/www.wx-bang.com/PigCms/_Core/Lib/Core/View.class.php 第 69 行.
INFO: [ view_template ] --START--
INFO: Run LocationTemplate Behavior [ RunTime:-0.001560s ]
INFO: [ view_template ] --END-- [ RunTime:0.000391s ]
INFO: [ view_parse ] --START--
NOTIC: [8] Use of undefined constant uid - assumed 'uid' /home/wwwroot/www.wx-bang.com/PigData/logs/Cache/Home/921d53177c151344e729eca7c171fe97.php 第 31 行.
NOTIC: [8] Undefined index: uid /home/wwwroot/www.wx-bang.com/PigData/logs/Cache/Home/921d53177c151344e729eca7c171fe97.php 第 31 行.
INFO: Run ParseTemplate Behavior [ RunTime:-0.002024s ]
INFO: [ view_parse ] --END-- [ RunTime:0.016867s ]
INFO: [ view_filter ] --START--
INFO: Run ContentReplace Behavior [ RunTime:-0.018966s ]
INFO: Run TokenBuild Behavior [ RunTime:-0.019536s ]
INFO: Run WriteHtmlCache Behavior [ RunTime:-0.020124s ]
INFO: Run ShowRuntime Behavior [ RunTime:-0.020511s ]
INFO: [ view_filter ] --END-- [ RunTime:0.002174s ]
INFO: [ view_end ] --START--
INFO: Run ShowPageTrace Behavior [ RunTime:-0.021222s ]
INFO: [ view_end ] --END-- [ RunTime:0.000738s ]

[ 2014-05-25T23:32:17+08:00 ] 27.115.124.47 /
INFO: [ app_begin ] --START--
INFO: Run ReadHtmlCache Behavior [ RunTime:0.000419s ]
INFO: [ app_begin ] --END-- [ RunTime:0.000479s ]
NOTIC: [2] Cannot use a scalar value as an array /home/wwwroot/www.wx-bang.com/PigCms/_Core/Lib/Core/View.class.php 第 69 行.
INFO: [ view_template ] --START--
INFO: Run LocationTemplate Behavior [ RunTime:-0.001482s ]
INFO: [ view_template ] --END-- [ RunTime:0.000420s ]
INFO: [ view_parse ] --START--
NOTIC: [8] Use of undefined constant uid - assumed 'uid' /home/wwwroot/www.wx-bang.com/PigData/logs/Cache/Home/921d53177c151344e729eca7c171fe97.php 第 31 行.
NOTIC: [8] Undefined index: uid /home/wwwroot/www.wx-bang.com/PigData/logs/Cache/Home/921d53177c151344e729eca7c171fe97.php 第 31 行.
INFO: Run ParseTemplate Behavior [ RunTime:-0.001970s ]
INFO: [ view_parse ] --END-- [ RunTime:0.012082s ]
INFO: [ view_filter ] --START--
INFO: Run ContentReplace Behavior [ RunTime:-0.014083s ]
INFO: Run TokenBuild Behavior [ RunTime:-0.014422s ]
INFO: Run WriteHtmlCache Behavior [ RunTime:-0.014819s ]
INFO: Run ShowRuntime Behavior [ RunTime:-0.015070s ]
INFO: [ view_filter ] --END-- [ RunTime:0.001381s ]
INFO: [ view_end ] --START--
INFO: Run ShowPageTrace Behavior [ RunTime:-0.015512s ]
INFO: [ view_end ] --END-- [ RunTime:0.000501s ]

[ 2014-05-25T23:32:27+08:00 ] 120.204.200.21 /
INFO: [ app_begin ] --START--
INFO: Run ReadHtmlCache Behavior [ RunTime:0.000655s ]
INFO: [ app_begin ] --END-- [ RunTime:0.000758s ]
NOTIC: [2] Cannot use a scalar value as an array /home/wwwroot/www.wx-bang.com/PigCms/_Core/Lib/Core/View.class.php 第 69 行.
INFO: [ view_template ] --START--
INFO: Run LocationTemplate Behavior [ RunTime:-0.002266s ]
INFO: [ view_template ] --END-- [ RunTime:0.000586s ]
INFO: [ view_parse ] --START--
NOTIC: [8] Use of undefined constant uid - assumed 'uid' /home/wwwroot/www.wx-bang.com/PigData/logs/Cache/Home/921d53177c151344e729eca7c171fe97.php 第 31 行.
NOTIC: [8] Undefined index: uid /home/wwwroot/www.wx-bang.com/PigData/logs/Cache/Home/921d53177c151344e729eca7c171fe97.php 第 31 行.
INFO: Run ParseTemplate Behavior [ RunTime:-0.002965s ]
INFO: [ view_parse ] --END-- [ RunTime:0.031060s ]
INFO: [ view_filter ] --START--
INFO: Run ContentReplace Behavior [ RunTime:-0.034067s ]
INFO: Run TokenBuild Behavior [ RunTime:-0.034451s ]
INFO: Run WriteHtmlCache Behavior [ RunTime:-0.034833s ]
INFO: Run ShowRuntime Behavior [ RunTime:-0.035092s ]
INFO: [ view_filter ] --END-- [ RunTime:0.001428s ]
INFO: [ view_end ] --START--
INFO: Run ShowPageTrace Behavior [ RunTime:-0.035543s ]
INFO: [ view_end ] --END-- [ RunTime:0.000503s ]

[ 2014-05-25T23:34:10+08:00 ] 112.90.82.164 /
INFO: [ app_begin ] --START--
INFO: Run ReadHtmlCache Behavior [ RunTime:0.000430s ]
INFO: [ app_begin ] --END-- [ RunTime:0.000526s ]
NOTIC: [2] Cannot use a scalar value as an array /home/wwwroot/www.wx-bang.com/PigCms/_Core/Lib/Core/View.class.php 第 69 行.
INFO: [ view_template ] --START--
INFO: Run LocationTemplate Behavior [ RunTime:-0.001782s ]
INFO: [ view_template ] --END-- [ RunTime:0.000383s ]
INFO: [ view_parse ] --START--
NOTIC: [8] Use of undefined constant uid - assumed 'uid' /home/wwwroot/www.wx-bang.com/PigData/logs/Cache/Home/921d53177c151344e729eca7c171fe97.php 第 31 行.
NOTIC: [8] Undefined index: uid /home/wwwroot/www.wx-bang.com/PigData/logs/Cache/Home/921d53177c151344e729eca7c171fe97.php 第 31 行.
INFO: Run ParseTemplate Behavior [ RunTime:-0.002237s ]
INFO: [ view_parse ] --END-- [ RunTime:0.037372s ]
INFO: [ view_filter ] --START--
INFO: Run ContentReplace Behavior [ RunTime:-0.039650s ]
INFO: Run TokenBuild Behavior [ RunTime:-0.040079s ]
INFO: Run WriteHtmlCache Behavior [ RunTime:-0.040551s ]
INFO: Run ShowRuntime Behavior [ RunTime:-0.040858s ]
INFO: [ view_filter ] --END-- [ RunTime:0.001632s ]
INFO: [ view_end ] --START--
INFO: Run ShowPageTrace Behavior [ RunTime:-0.041348s ]
INFO: [ view_end ] --END-- [ RunTime:0.000523s ]

[ 2014-05-25T23:35:32+08:00 ] 180.153.81.158 /
INFO: [ app_begin ] --START--
INFO: Run ReadHtmlCache Behavior [ RunTime:0.000423s ]
INFO: [ app_begin ] --END-- [ RunTime:0.000486s ]
NOTIC: [2] Cannot use a scalar value as an array /home/wwwroot/www.wx-bang.com/PigCms/_Core/Lib/Core/View.class.php 第 69 行.
INFO: [ view_template ] --START--
INFO: Run LocationTemplate Behavior [ RunTime:-0.001486s ]
INFO: [ view_template ] --END-- [ RunTime:0.000383s ]
INFO: [ view_parse ] --START--
NOTIC: [8] Use of undefined constant uid - assumed 'uid' /home/wwwroot/www.wx-bang.com/PigData/logs/Cache/Home/921d53177c151344e729eca7c171fe97.php 第 31 行.
NOTIC: [8] Undefined index: uid /home/wwwroot/www.wx-bang.com/PigData/logs/Cache/Home/921d53177c151344e729eca7c171fe97.php 第 31 行.
INFO: Run ParseTemplate Behavior [ RunTime:-0.001937s ]
INFO: [ view_parse ] --END-- [ RunTime:0.041894s ]
INFO: [ view_filter ] --START--
INFO: Run ContentReplace Behavior [ RunTime:-0.043872s ]
INFO: Run TokenBuild Behavior [ RunTime:-0.044250s ]
INFO: Run WriteHtmlCache Behavior [ RunTime:-0.044633s ]
INFO: Run ShowRuntime Behavior [ RunTime:-0.044893s ]
INFO: [ view_filter ] --END-- [ RunTime:0.001424s ]
INFO: [ view_end ] --START--
INFO: Run ShowPageTrace Behavior [ RunTime:-0.045367s ]
INFO: [ view_end ] --END-- [ RunTime:0.000525s ]

[ 2014-05-25T23:36:23+08:00 ] 120.204.200.21 /
INFO: [ app_begin ] --START--
INFO: Run ReadHtmlCache Behavior [ RunTime:0.000451s ]
INFO: [ app_begin ] --END-- [ RunTime:0.000518s ]
NOTIC: [2] Cannot use a scalar value as an array /home/wwwroot/www.wx-bang.com/PigCms/_Core/Lib/Core/View.class.php 第 69 行.
INFO: [ view_template ] --START--
INFO: Run LocationTemplate Behavior [ RunTime:-0.001503s ]
INFO: [ view_template ] --END-- [ RunTime:0.000400s ]
INFO: [ view_parse ] --START--
NOTIC: [8] Use of undefined constant uid - assumed 'uid' /home/wwwroot/www.wx-bang.com/PigData/logs/Cache/Home/921d53177c151344e729eca7c171fe97.php 第 31 行.
NOTIC: [8] Undefined index: uid /home/wwwroot/www.wx-bang.com/PigData/logs/Cache/Home/921d53177c151344e729eca7c171fe97.php 第 31 行.
INFO: Run ParseTemplate Behavior [ RunTime:-0.001972s ]
INFO: [ view_parse ] --END-- [ RunTime:0.035494s ]
INFO: [ view_filter ] --START--
INFO: Run ContentReplace Behavior [ RunTime:-0.037502s ]
INFO: Run TokenBuild Behavior [ RunTime:-0.037872s ]
INFO: Run WriteHtmlCache Behavior [ RunTime:-0.038247s ]
INFO: Run ShowRuntime Behavior [ RunTime:-0.038497s ]
INFO: [ view_filter ] --END-- [ RunTime:0.001410s ]
INFO: [ view_end ] --START--
INFO: Run ShowPageTrace Behavior [ RunTime:-0.038958s ]
INFO: [ view_end ] --END-- [ RunTime:0.000484s ]

[ 2014-05-25T23:38:09+08:00 ] 112.90.82.164 /
INFO: [ app_begin ] --START--
INFO: Run ReadHtmlCache Behavior [ RunTime:0.000463s ]
INFO: [ app_begin ] --END-- [ RunTime:0.000531s ]
NOTIC: [2] Cannot use a scalar value as an array /home/wwwroot/www.wx-bang.com/PigCms/_Core/Lib/Core/View.class.php 第 69 行.
INFO: [ view_template ] --START--
INFO: Run LocationTemplate Behavior [ RunTime:-0.001546s ]
INFO: [ view_template ] --END-- [ RunTime:0.000408s ]
INFO: [ view_parse ] --START--
NOTIC: [8] Use of undefined constant uid - assumed 'uid' /home/wwwroot/www.wx-bang.com/PigData/logs/Cache/Home/921d53177c151344e729eca7c171fe97.php 第 31 行.
NOTIC: [8] Undefined index: uid /home/wwwroot/www.wx-bang.com/PigData/logs/Cache/Home/921d53177c151344e729eca7c171fe97.php 第 31 行.
INFO: Run ParseTemplate Behavior [ RunTime:-0.002036s ]
INFO: [ view_parse ] --END-- [ RunTime:0.012206s ]
INFO: [ view_filter ] --START--
INFO: Run ContentReplace Behavior [ RunTime:-0.014268s ]
INFO: Run TokenBuild Behavior [ RunTime:-0.014633s ]
INFO: Run WriteHtmlCache Behavior [ RunTime:-0.015028s ]
INFO: Run ShowRuntime Behavior [ RunTime:-0.015288s ]
INFO: [ view_filter ] --END-- [ RunTime:0.001420s ]
INFO: [ view_end ] --START--
INFO: Run ShowPageTrace Behavior [ RunTime:-0.015759s ]
INFO: [ view_end ] --END-- [ RunTime:0.000534s ]

[ 2014-05-25T23:38:18+08:00 ] 180.153.212.28 /
INFO: [ app_begin ] --START--
INFO: Run ReadHtmlCache Behavior [ RunTime:0.000496s ]
INFO: [ app_begin ] --END-- [ RunTime:0.000569s ]
NOTIC: [2] Cannot use a scalar value as an array /home/wwwroot/www.wx-bang.com/PigCms/_Core/Lib/Core/View.class.php 第 69 行.
INFO: [ view_template ] --START--
INFO: Run LocationTemplate Behavior [ RunTime:-0.001548s ]
INFO: [ view_template ] --END-- [ RunTime:0.000385s ]
INFO: [ view_parse ] --START--
NOTIC: [8] Use of undefined constant uid - assumed 'uid' /home/wwwroot/www.wx-bang.com/PigData/logs/Cache/Home/921d53177c151344e729eca7c171fe97.php 第 31 行.
NOTIC: [8] Undefined index: uid /home/wwwroot/www.wx-bang.com/PigData/logs/Cache/Home/921d53177c151344e729eca7c171fe97.php 第 31 行.
INFO: Run ParseTemplate Behavior [ RunTime:-0.002001s ]
INFO: [ view_parse ] --END-- [ RunTime:0.032952s ]
INFO: [ view_filter ] --START--
INFO: Run ContentReplace Behavior [ RunTime:-0.035004s ]
INFO: Run TokenBuild Behavior [ RunTime:-0.035391s ]
INFO: Run WriteHtmlCache Behavior [ RunTime:-0.035775s ]
INFO: Run ShowRuntime Behavior [ RunTime:-0.036036s ]
INFO: [ view_filter ] --END-- [ RunTime:0.001448s ]
INFO: [ view_end ] --START--
INFO: Run ShowPageTrace Behavior [ RunTime:-0.036499s ]
INFO: [ view_end ] --END-- [ RunTime:0.000518s ]

[ 2014-05-25T23:38:19+08:00 ] 27.115.124.47 /
INFO: [ app_begin ] --START--
INFO: Run ReadHtmlCache Behavior [ RunTime:0.000746s ]
INFO: [ app_begin ] --END-- [ RunTime:0.000849s ]
NOTIC: [2] Cannot use a scalar value as an array /home/wwwroot/www.wx-bang.com/PigCms/_Core/Lib/Core/View.class.php 第 69 行.
INFO: [ view_template ] --START--
INFO: Run LocationTemplate Behavior [ RunTime:-0.002367s ]
INFO: [ view_template ] --END-- [ RunTime:0.000626s ]
INFO: [ view_parse ] --START--
NOTIC: [8] Use of undefined constant uid - assumed 'uid' /home/wwwroot/www.wx-bang.com/PigData/logs/Cache/Home/921d53177c151344e729eca7c171fe97.php 第 31 行.
NOTIC: [8] Undefined index: uid /home/wwwroot/www.wx-bang.com/PigData/logs/Cache/Home/921d53177c151344e729eca7c171fe97.php 第 31 行.
INFO: Run ParseTemplate Behavior [ RunTime:-0.003110s ]
INFO: [ view_parse ] --END-- [ RunTime:0.032034s ]
INFO: [ view_filter ] --START--
INFO: Run ContentReplace Behavior [ RunTime:-0.035168s ]
INFO: Run TokenBuild Behavior [ RunTime:-0.035533s ]
INFO: Run WriteHtmlCache Behavior [ RunTime:-0.035922s ]
INFO: Run ShowRuntime Behavior [ RunTime:-0.036171s ]
INFO: [ view_filter ] --END-- [ RunTime:0.001405s ]
INFO: [ view_end ] --START--
INFO: Run ShowPageTrace Behavior [ RunTime:-0.036625s ]
INFO: [ view_end ] --END-- [ RunTime:0.000516s ]

[ 2014-05-25T23:39:28+08:00 ] 180.153.81.158 /
INFO: [ app_begin ] --START--
INFO: Run ReadHtmlCache Behavior [ RunTime:0.000437s ]
INFO: [ app_begin ] --END-- [ RunTime:0.000506s ]
NOTIC: [2] Cannot use a scalar value as an array /home/wwwroot/www.wx-bang.com/PigCms/_Core/Lib/Core/View.class.php 第 69 行.
INFO: [ view_template ] --START--
INFO: Run LocationTemplate Behavior [ RunTime:-0.001520s ]
INFO: [ view_template ] --END-- [ RunTime:0.000399s ]
INFO: [ view_parse ] --START--
NOTIC: [8] Use of undefined constant uid - assumed 'uid' /home/wwwroot/www.wx-bang.com/PigData/logs/Cache/Home/921d53177c151344e729eca7c171fe97.php 第 31 行.
NOTIC: [8] Undefined index: uid /home/wwwroot/www.wx-bang.com/PigData/logs/Cache/Home/921d53177c151344e729eca7c171fe97.php 第 31 行.
INFO: Run ParseTemplate Behavior [ RunTime:-0.001991s ]
INFO: [ view_parse ] --END-- [ RunTime:0.012081s ]
INFO: [ view_filter ] --START--
INFO: Run ContentReplace Behavior [ RunTime:-0.014105s ]
INFO: Run TokenBuild Behavior [ RunTime:-0.014473s ]
INFO: Run WriteHtmlCache Behavior [ RunTime:-0.014851s ]
INFO: Run ShowRuntime Behavior [ RunTime:-0.015103s ]
INFO: [ view_filter ] --END-- [ RunTime:0.001429s ]
INFO: [ view_end ] --START--
INFO: Run ShowPageTrace Behavior [ RunTime:-0.015589s ]
INFO: [ view_end ] --END-- [ RunTime:0.000503s ]

[ 2014-05-25T23:40:25+08:00 ] 120.204.200.21 /
INFO: [ app_begin ] --START--
INFO: Run ReadHtmlCache Behavior [ RunTime:0.000416s ]
INFO: [ app_begin ] --END-- [ RunTime:0.000478s ]
NOTIC: [2] Cannot use a scalar value as an array /home/wwwroot/www.wx-bang.com/PigCms/_Core/Lib/Core/View.class.php 第 69 行.
INFO: [ view_template ] --START--
INFO: Run LocationTemplate Behavior [ RunTime:-0.001751s ]
INFO: [ view_template ] --END-- [ RunTime:0.000384s ]
INFO: [ view_parse ] --START--
NOTIC: [8] Use of undefined constant uid - assumed 'uid' /home/wwwroot/www.wx-bang.com/PigData/logs/Cache/Home/921d53177c151344e729eca7c171fe97.php 第 31 行.
NOTIC: [8] Undefined index: uid /home/wwwroot/www.wx-bang.com/PigData/logs/Cache/Home/921d53177c151344e729eca7c171fe97.php 第 31 行.
INFO: Run ParseTemplate Behavior [ RunTime:-0.002202s ]
INFO: [ view_parse ] --END-- [ RunTime:0.035200s ]
INFO: [ view_filter ] --START--
INFO: Run ContentReplace Behavior [ RunTime:-0.037443s ]
INFO: Run TokenBuild Behavior [ RunTime:-0.037838s ]
INFO: Run WriteHtmlCache Behavior [ RunTime:-0.038270s ]
INFO: Run ShowRuntime Behavior [ RunTime:-0.038535s ]
INFO: [ view_filter ] --END-- [ RunTime:0.001496s ]
INFO: [ view_end ] --START--
INFO: Run ShowPageTrace Behavior [ RunTime:-0.038988s ]
INFO: [ view_end ] --END-- [ RunTime:0.000513s ]

[ 2014-05-25T23:42:13+08:00 ] 112.90.82.164 /
INFO: [ app_begin ] --START--
INFO: Run ReadHtmlCache Behavior [ RunTime:0.000660s ]
INFO: [ app_begin ] --END-- [ RunTime:0.000752s ]
NOTIC: [2] Cannot use a scalar value as an array /home/wwwroot/www.wx-bang.com/PigCms/_Core/Lib/Core/View.class.php 第 69 行.
INFO: [ view_template ] --START--
INFO: Run LocationTemplate Behavior [ RunTime:-0.002247s ]
INFO: [ view_template ] --END-- [ RunTime:0.000575s ]
INFO: [ view_parse ] --START--
NOTIC: [8] Use of undefined constant uid - assumed 'uid' /home/wwwroot/www.wx-bang.com/PigData/logs/Cache/Home/921d53177c151344e729eca7c171fe97.php 第 31 行.
NOTIC: [8] Undefined index: uid /home/wwwroot/www.wx-bang.com/PigData/logs/Cache/Home/921d53177c151344e729eca7c171fe97.php 第 31 行.
INFO: Run ParseTemplate Behavior [ RunTime:-0.002950s ]
INFO: [ view_parse ] --END-- [ RunTime:0.013626s ]
INFO: [ view_filter ] --START--
INFO: Run ContentReplace Behavior [ RunTime:-0.016595s ]
INFO: Run TokenBuild Behavior [ RunTime:-0.016947s ]
INFO: Run WriteHtmlCache Behavior [ RunTime:-0.017355s ]
INFO: Run ShowRuntime Behavior [ RunTime:-0.017609s ]
INFO: [ view_filter ] --END-- [ RunTime:0.001593s ]
INFO: [ view_end ] --START--
INFO: Run ShowPageTrace Behavior [ RunTime:-0.018238s ]
INFO: [ view_end ] --END-- [ RunTime:0.000496s ]

[ 2014-05-25T23:43:31+08:00 ] 180.153.81.158 /
INFO: [ app_begin ] --START--
INFO: Run ReadHtmlCache Behavior [ RunTime:0.000539s ]
INFO: [ app_begin ] --END-- [ RunTime:0.000608s ]
NOTIC: [2] Cannot use a scalar value as an array /home/wwwroot/www.wx-bang.com/PigCms/_Core/Lib/Core/View.class.php 第 69 行.
INFO: [ view_template ] --START--
INFO: Run LocationTemplate Behavior [ RunTime:-0.001766s ]
INFO: [ view_template ] --END-- [ RunTime:0.000426s ]
INFO: [ view_parse ] --START--
NOTIC: [8] Use of undefined constant uid - assumed 'uid' /home/wwwroot/www.wx-bang.com/PigData/logs/Cache/Home/921d53177c151344e729eca7c171fe97.php 第 31 行.
NOTIC: [8] Undefined index: uid /home/wwwroot/www.wx-bang.com/PigData/logs/Cache/Home/921d53177c151344e729eca7c171fe97.php 第 31 行.
INFO: Run ParseTemplate Behavior [ RunTime:-0.002296s ]
INFO: [ view_parse ] --END-- [ RunTime:0.063587s ]
INFO: [ view_filter ] --START--
INFO: Run ContentReplace Behavior [ RunTime:-0.065920s ]
INFO: Run TokenBuild Behavior [ RunTime:-0.066355s ]
INFO: Run WriteHtmlCache Behavior [ RunTime:-0.066761s ]
INFO: Run ShowRuntime Behavior [ RunTime:-0.067217s ]
INFO: [ view_filter ] --END-- [ RunTime:0.001931s ]
INFO: [ view_end ] --START--
INFO: Run ShowPageTrace Behavior [ RunTime:-0.067950s ]
INFO: [ view_end ] --END-- [ RunTime:0.000538s ]

[ 2014-05-25T23:44:18+08:00 ] 180.153.212.28 /
INFO: [ app_begin ] --START--
INFO: Run ReadHtmlCache Behavior [ RunTime:0.000440s ]
INFO: [ app_begin ] --END-- [ RunTime:0.000503s ]
NOTIC: [2] Cannot use a scalar value as an array /home/wwwroot/www.wx-bang.com/PigCms/_Core/Lib/Core/View.class.php 第 69 行.
INFO: [ view_template ] --START--
INFO: Run LocationTemplate Behavior [ RunTime:-0.001596s ]
INFO: [ view_template ] --END-- [ RunTime:0.000392s ]
INFO: [ view_parse ] --START--
NOTIC: [8] Use of undefined constant uid - assumed 'uid' /home/wwwroot/www.wx-bang.com/PigData/logs/Cache/Home/921d53177c151344e729eca7c171fe97.php 第 31 行.
NOTIC: [8] Undefined index: uid /home/wwwroot/www.wx-bang.com/PigData/logs/Cache/Home/921d53177c151344e729eca7c171fe97.php 第 31 行.
INFO: Run ParseTemplate Behavior [ RunTime:-0.002056s ]
INFO: [ view_parse ] --END-- [ RunTime:0.043980s ]
INFO: [ view_filter ] --START--
INFO: Run ContentReplace Behavior [ RunTime:-0.046075s ]
INFO: Run TokenBuild Behavior [ RunTime:-0.046469s ]
INFO: Run WriteHtmlCache Behavior [ RunTime:-0.046857s ]
INFO: Run ShowRuntime Behavior [ RunTime:-0.047145s ]
INFO: [ view_filter ] --END-- [ RunTime:0.001487s ]
INFO: [ view_end ] --START--
INFO: Run ShowPageTrace Behavior [ RunTime:-0.047611s ]
INFO: [ view_end ] --END-- [ RunTime:0.000534s ]

[ 2014-05-25T23:44:18+08:00 ] 27.115.124.47 /
INFO: [ app_begin ] --START--
INFO: Run ReadHtmlCache Behavior [ RunTime:0.000431s ]
INFO: [ app_begin ] --END-- [ RunTime:0.000497s ]
NOTIC: [2] Cannot use a scalar value as an array /home/wwwroot/www.wx-bang.com/PigCms/_Core/Lib/Core/View.class.php 第 69 行.
INFO: [ view_template ] --START--
INFO: Run LocationTemplate Behavior [ RunTime:-0.001547s ]
INFO: [ view_template ] --END-- [ RunTime:0.000444s ]
INFO: [ view_parse ] --START--
NOTIC: [8] Use of undefined constant uid - assumed 'uid' /home/wwwroot/www.wx-bang.com/PigData/logs/Cache/Home/921d53177c151344e729eca7c171fe97.php 第 31 行.
NOTIC: [8] Undefined index: uid /home/wwwroot/www.wx-bang.com/PigData/logs/Cache/Home/921d53177c151344e729eca7c171fe97.php 第 31 行.
INFO: Run ParseTemplate Behavior [ RunTime:-0.002071s ]
INFO: [ view_parse ] --END-- [ RunTime:0.020758s ]
INFO: [ view_filter ] --START--
INFO: Run ContentReplace Behavior [ RunTime:-0.022869s ]
INFO: Run TokenBuild Behavior [ RunTime:-0.023246s ]
INFO: Run WriteHtmlCache Behavior [ RunTime:-0.023634s ]
INFO: Run ShowRuntime Behavior [ RunTime:-0.023900s ]
INFO: [ view_filter ] --END-- [ RunTime:0.001437s ]
INFO: [ view_end ] --START--
INFO: Run ShowPageTrace Behavior [ RunTime:-0.024354s ]
INFO: [ view_end ] --END-- [ RunTime:0.000507s ]

[ 2014-05-25T23:44:27+08:00 ] 120.204.200.21 /
INFO: [ app_begin ] --START--
INFO: Run ReadHtmlCache Behavior [ RunTime:0.000452s ]
INFO: [ app_begin ] --END-- [ RunTime:0.000519s ]
NOTIC: [2] Cannot use a scalar value as an array /home/wwwroot/www.wx-bang.com/PigCms/_Core/Lib/Core/View.class.php 第 69 行.
INFO: [ view_template ] --START--
INFO: Run LocationTemplate Behavior [ RunTime:-0.001666s ]
INFO: [ view_template ] --END-- [ RunTime:0.000393s ]
INFO: [ view_parse ] --START--
NOTIC: [8] Use of undefined constant uid - assumed 'uid' /home/wwwroot/www.wx-bang.com/PigData/logs/Cache/Home/921d53177c151344e729eca7c171fe97.php 第 31 行.
NOTIC: [8] Undefined index: uid /home/wwwroot/www.wx-bang.com/PigData/logs/Cache/Home/921d53177c151344e729eca7c171fe97.php 第 31 行.
INFO: Run ParseTemplate Behavior [ RunTime:-0.002129s ]
INFO: [ view_parse ] --END-- [ RunTime:0.036220s ]
INFO: [ view_filter ] --START--
INFO: Run ContentReplace Behavior [ RunTime:-0.038383s ]
INFO: Run TokenBuild Behavior [ RunTime:-0.038781s ]
INFO: Run WriteHtmlCache Behavior [ RunTime:-0.039211s ]
INFO: Run ShowRuntime Behavior [ RunTime:-0.039462s ]
INFO: [ view_filter ] --END-- [ RunTime:0.001646s ]
INFO: [ view_end ] --START--
INFO: Run ShowPageTrace Behavior [ RunTime:-0.040083s ]
INFO: [ view_end ] --END-- [ RunTime:0.000505s ]

[ 2014-05-25T23:46:09+08:00 ] 112.90.82.164 /
INFO: [ app_begin ] --START--
INFO: Run ReadHtmlCache Behavior [ RunTime:0.000418s ]
INFO: [ app_begin ] --END-- [ RunTime:0.000481s ]
NOTIC: [2] Cannot use a scalar value as an array /home/wwwroot/www.wx-bang.com/PigCms/_Core/Lib/Core/View.class.php 第 69 行.
INFO: [ view_template ] --START--
INFO: Run LocationTemplate Behavior [ RunTime:-0.001469s ]
INFO: [ view_template ] --END-- [ RunTime:0.000374s ]
INFO: [ view_parse ] --START--
NOTIC: [8] Use of undefined constant uid - assumed 'uid' /home/wwwroot/www.wx-bang.com/PigData/logs/Cache/Home/921d53177c151344e729eca7c171fe97.php 第 31 行.
NOTIC: [8] Undefined index: uid /home/wwwroot/www.wx-bang.com/PigData/logs/Cache/Home/921d53177c151344e729eca7c171fe97.php 第 31 行.
INFO: Run ParseTemplate Behavior [ RunTime:-0.001910s ]
INFO: [ view_parse ] --END-- [ RunTime:0.011655s ]
INFO: [ view_filter ] --START--
INFO: Run ContentReplace Behavior [ RunTime:-0.013596s ]
INFO: Run TokenBuild Behavior [ RunTime:-0.013929s ]
INFO: Run WriteHtmlCache Behavior [ RunTime:-0.014310s ]
INFO: Run ShowRuntime Behavior [ RunTime:-0.014558s ]
INFO: [ view_filter ] --END-- [ RunTime:0.001351s ]
INFO: [ view_end ] --START--
INFO: Run ShowPageTrace Behavior [ RunTime:-0.014992s ]
INFO: [ view_end ] --END-- [ RunTime:0.000496s ]

[ 2014-05-25T23:47:32+08:00 ] 180.153.81.158 /
INFO: [ app_begin ] --START--
INFO: Run ReadHtmlCache Behavior [ RunTime:0.000505s ]
INFO: [ app_begin ] --END-- [ RunTime:0.000567s ]
NOTIC: [2] Cannot use a scalar value as an array /home/wwwroot/www.wx-bang.com/PigCms/_Core/Lib/Core/View.class.php 第 69 行.
INFO: [ view_template ] --START--
INFO: Run LocationTemplate Behavior [ RunTime:-0.001491s ]
INFO: [ view_template ] --END-- [ RunTime:0.000384s ]
INFO: [ view_parse ] --START--
NOTIC: [8] Use of undefined constant uid - assumed 'uid' /home/wwwroot/www.wx-bang.com/PigData/logs/Cache/Home/921d53177c151344e729eca7c171fe97.php 第 31 行.
NOTIC: [8] Undefined index: uid /home/wwwroot/www.wx-bang.com/PigData/logs/Cache/Home/921d53177c151344e729eca7c171fe97.php 第 31 行.
INFO: Run ParseTemplate Behavior [ RunTime:-0.001944s ]
INFO: [ view_parse ] --END-- [ RunTime:0.128888s ]
INFO: [ view_filter ] --START--
INFO: Run ContentReplace Behavior [ RunTime:-0.130878s ]
INFO: Run TokenBuild Behavior [ RunTime:-0.131266s ]
INFO: Run WriteHtmlCache Behavior [ RunTime:-0.131773s ]
INFO: Run ShowRuntime Behavior [ RunTime:-0.132032s ]
INFO: [ view_filter ] --END-- [ RunTime:0.001555s ]
INFO: [ view_end ] --START--
INFO: Run ShowPageTrace Behavior [ RunTime:-0.132482s ]
INFO: [ view_end ] --END-- [ RunTime:0.000614s ]

[ 2014-05-25T23:48:23+08:00 ] 120.204.200.21 /
INFO: [ app_begin ] --START--
INFO: Run ReadHtmlCache Behavior [ RunTime:0.000430s ]
INFO: [ app_begin ] --END-- [ RunTime:0.000500s ]
NOTIC: [2] Cannot use a scalar value as an array /home/wwwroot/www.wx-bang.com/PigCms/_Core/Lib/Core/View.class.php 第 69 行.
INFO: [ view_template ] --START--
INFO: Run LocationTemplate Behavior [ RunTime:-0.002343s ]
INFO: [ view_template ] --END-- [ RunTime:0.000674s ]
INFO: [ view_parse ] --START--
NOTIC: [8] Use of undefined constant uid - assumed 'uid' /home/wwwroot/www.wx-bang.com/PigData/logs/Cache/Home/921d53177c151344e729eca7c171fe97.php 第 31 行.
NOTIC: [8] Undefined index: uid /home/wwwroot/www.wx-bang.com/PigData/logs/Cache/Home/921d53177c151344e729eca7c171fe97.php 第 31 行.
INFO: Run ParseTemplate Behavior [ RunTime:-0.003142s ]
INFO: [ view_parse ] --END-- [ RunTime:0.084161s ]
INFO: [ view_filter ] --START--
INFO: Run ContentReplace Behavior [ RunTime:-0.087320s ]
INFO: Run TokenBuild Behavior [ RunTime:-0.087739s ]
INFO: Run WriteHtmlCache Behavior [ RunTime:-0.088129s ]
INFO: Run ShowRuntime Behavior [ RunTime:-0.088443s ]
INFO: [ view_filter ] --END-- [ RunTime:0.001695s ]
INFO: [ view_end ] --START--
INFO: Run ShowPageTrace Behavior [ RunTime:-0.089071s ]
INFO: [ view_end ] --END-- [ RunTime:0.000689s ]

[ 2014-05-25T23:50:10+08:00 ] 112.90.82.164 /
INFO: [ app_begin ] --START--
INFO: Run ReadHtmlCache Behavior [ RunTime:0.000424s ]
INFO: [ app_begin ] --END-- [ RunTime:0.000485s ]
NOTIC: [2] Cannot use a scalar value as an array /home/wwwroot/www.wx-bang.com/PigCms/_Core/Lib/Core/View.class.php 第 69 行.
INFO: [ view_template ] --START--
INFO: Run LocationTemplate Behavior [ RunTime:-0.001629s ]
INFO: [ view_template ] --END-- [ RunTime:0.000591s ]
INFO: [ view_parse ] --START--
NOTIC: [8] Use of undefined constant uid - assumed 'uid' /home/wwwroot/www.wx-bang.com/PigData/logs/Cache/Home/921d53177c151344e729eca7c171fe97.php 第 31 行.
NOTIC: [8] Undefined index: uid /home/wwwroot/www.wx-bang.com/PigData/logs/Cache/Home/921d53177c151344e729eca7c171fe97.php 第 31 行.
INFO: Run ParseTemplate Behavior [ RunTime:-0.002324s ]
INFO: [ view_parse ] --END-- [ RunTime:0.018107s ]
INFO: [ view_filter ] --START--
INFO: Run ContentReplace Behavior [ RunTime:-0.020459s ]
INFO: Run TokenBuild Behavior [ RunTime:-0.020840s ]
INFO: Run WriteHtmlCache Behavior [ RunTime:-0.021219s ]
INFO: Run ShowRuntime Behavior [ RunTime:-0.021470s ]
INFO: [ view_filter ] --END-- [ RunTime:0.001430s ]
INFO: [ view_end ] --START--
INFO: Run ShowPageTrace Behavior [ RunTime:-0.021939s ]
INFO: [ view_end ] --END-- [ RunTime:0.000498s ]

[ 2014-05-25T23:50:19+08:00 ] 180.153.212.27 /
INFO: [ app_begin ] --START--
INFO: Run ReadHtmlCache Behavior [ RunTime:0.000416s ]
INFO: [ app_begin ] --END-- [ RunTime:0.000476s ]
NOTIC: [2] Cannot use a scalar value as an array /home/wwwroot/www.wx-bang.com/PigCms/_Core/Lib/Core/View.class.php 第 69 行.
INFO: [ view_template ] --START--
INFO: Run LocationTemplate Behavior [ RunTime:-0.001535s ]
INFO: [ view_template ] --END-- [ RunTime:0.000381s ]
INFO: [ view_parse ] --START--
NOTIC: [8] Use of undefined constant uid - assumed 'uid' /home/wwwroot/www.wx-bang.com/PigData/logs/Cache/Home/921d53177c151344e729eca7c171fe97.php 第 31 行.
NOTIC: [8] Undefined index: uid /home/wwwroot/www.wx-bang.com/PigData/logs/Cache/Home/921d53177c151344e729eca7c171fe97.php 第 31 行.
INFO: Run ParseTemplate Behavior [ RunTime:-0.001985s ]
INFO: [ view_parse ] --END-- [ RunTime:0.012086s ]
INFO: [ view_filter ] --START--
INFO: Run ContentReplace Behavior [ RunTime:-0.014106s ]
INFO: Run TokenBuild Behavior [ RunTime:-0.014489s ]
INFO: Run WriteHtmlCache Behavior [ RunTime:-0.014866s ]
INFO: Run ShowRuntime Behavior [ RunTime:-0.015118s ]
INFO: [ view_filter ] --END-- [ RunTime:0.001438s ]
INFO: [ view_end ] --START--
INFO: Run ShowPageTrace Behavior [ RunTime:-0.015593s ]
INFO: [ view_end ] --END-- [ RunTime:0.000486s ]

[ 2014-05-25T23:50:19+08:00 ] 27.115.124.47 /
INFO: [ app_begin ] --START--
INFO: Run ReadHtmlCache Behavior [ RunTime:0.000431s ]
INFO: [ app_begin ] --END-- [ RunTime:0.000514s ]
NOTIC: [2] Cannot use a scalar value as an array /home/wwwroot/www.wx-bang.com/PigCms/_Core/Lib/Core/View.class.php 第 69 行.
INFO: [ view_template ] --START--
INFO: Run LocationTemplate Behavior [ RunTime:-0.001555s ]
INFO: [ view_template ] --END-- [ RunTime:0.000396s ]
INFO: [ view_parse ] --START--
NOTIC: [8] Use of undefined constant uid - assumed 'uid' /home/wwwroot/www.wx-bang.com/PigData/logs/Cache/Home/921d53177c151344e729eca7c171fe97.php 第 31 行.
NOTIC: [8] Undefined index: uid /home/wwwroot/www.wx-bang.com/PigData/logs/Cache/Home/921d53177c151344e729eca7c171fe97.php 第 31 行.
INFO: Run ParseTemplate Behavior [ RunTime:-0.002039s ]
INFO: [ view_parse ] --END-- [ RunTime:0.012632s ]
INFO: [ view_filter ] --START--
INFO: Run ContentReplace Behavior [ RunTime:-0.014683s ]
INFO: Run TokenBuild Behavior [ RunTime:-0.015054s ]
INFO: Run WriteHtmlCache Behavior [ RunTime:-0.015495s ]
INFO: Run ShowRuntime Behavior [ RunTime:-0.015749s ]
INFO: [ view_filter ] --END-- [ RunTime:0.001484s ]
INFO: [ view_end ] --START--
INFO: Run ShowPageTrace Behavior [ RunTime:-0.016220s ]
INFO: [ view_end ] --END-- [ RunTime:0.000639s ]

[ 2014-05-25T23:51:28+08:00 ] 180.153.81.158 /
INFO: [ app_begin ] --START--
INFO: Run ReadHtmlCache Behavior [ RunTime:0.000418s ]
INFO: [ app_begin ] --END-- [ RunTime:0.000479s ]
NOTIC: [2] Cannot use a scalar value as an array /home/wwwroot/www.wx-bang.com/PigCms/_Core/Lib/Core/View.class.php 第 69 行.
INFO: [ view_template ] --START--
INFO: Run LocationTemplate Behavior [ RunTime:-0.001497s ]
INFO: [ view_template ] --END-- [ RunTime:0.000377s ]
INFO: [ view_parse ] --START--
NOTIC: [8] Use of undefined constant uid - assumed 'uid' /home/wwwroot/www.wx-bang.com/PigData/logs/Cache/Home/921d53177c151344e729eca7c171fe97.php 第 31 行.
NOTIC: [8] Undefined index: uid /home/wwwroot/www.wx-bang.com/PigData/logs/Cache/Home/921d53177c151344e729eca7c171fe97.php 第 31 行.
INFO: Run ParseTemplate Behavior [ RunTime:-0.001945s ]
INFO: [ view_parse ] --END-- [ RunTime:0.032304s ]
INFO: [ view_filter ] --START--
INFO: Run ContentReplace Behavior [ RunTime:-0.034301s ]
INFO: Run TokenBuild Behavior [ RunTime:-0.034689s ]
INFO: Run WriteHtmlCache Behavior [ RunTime:-0.035102s ]
INFO: Run ShowRuntime Behavior [ RunTime:-0.035379s ]
INFO: [ view_filter ] --END-- [ RunTime:0.001511s ]
INFO: [ view_end ] --START--
INFO: Run ShowPageTrace Behavior [ RunTime:-0.035871s ]
INFO: [ view_end ] --END-- [ RunTime:0.000546s ]

[ 2014-05-25T23:52:24+08:00 ] 220.181.108.120 /
INFO: [ app_begin ] --START--
INFO: Run ReadHtmlCache Behavior [ RunTime:0.000412s ]
INFO: [ app_begin ] --END-- [ RunTime:0.000473s ]
NOTIC: [2] Cannot use a scalar value as an array /home/wwwroot/www.wx-bang.com/PigCms/_Core/Lib/Core/View.class.php 第 69 行.
INFO: [ view_template ] --START--
INFO: Run LocationTemplate Behavior [ RunTime:-0.001490s ]
INFO: [ view_template ] --END-- [ RunTime:0.000373s ]
INFO: [ view_parse ] --START--
NOTIC: [8] Use of undefined constant uid - assumed 'uid' /home/wwwroot/www.wx-bang.com/PigData/logs/Cache/Home/921d53177c151344e729eca7c171fe97.php 第 31 行.
NOTIC: [8] Undefined index: uid /home/wwwroot/www.wx-bang.com/PigData/logs/Cache/Home/921d53177c151344e729eca7c171fe97.php 第 31 行.
INFO: Run ParseTemplate Behavior [ RunTime:-0.001930s ]
INFO: [ view_parse ] --END-- [ RunTime:0.032858s ]
INFO: [ view_filter ] --START--
INFO: Run ContentReplace Behavior [ RunTime:-0.034841s ]
INFO: Run TokenBuild Behavior [ RunTime:-0.035395s ]
INFO: Run WriteHtmlCache Behavior [ RunTime:-0.035799s ]
INFO: Run ShowRuntime Behavior [ RunTime:-0.036052s ]
INFO: [ view_filter ] --END-- [ RunTime:0.001640s ]
INFO: [ view_end ] --START--
INFO: Run ShowPageTrace Behavior [ RunTime:-0.036526s ]
INFO: [ view_end ] --END-- [ RunTime:0.000490s ]

[ 2014-05-25T23:52:27+08:00 ] 120.204.200.21 /
INFO: [ app_begin ] --START--
INFO: Run ReadHtmlCache Behavior [ RunTime:0.000428s ]
INFO: [ app_begin ] --END-- [ RunTime:0.000497s ]
NOTIC: [2] Cannot use a scalar value as an array /home/wwwroot/www.wx-bang.com/PigCms/_Core/Lib/Core/View.class.php 第 69 行.
INFO: [ view_template ] --START--
INFO: Run LocationTemplate Behavior [ RunTime:-0.001547s ]
INFO: [ view_template ] --END-- [ RunTime:0.000383s ]
INFO: [ view_parse ] --START--
NOTIC: [8] Use of undefined constant uid - assumed 'uid' /home/wwwroot/www.wx-bang.com/PigData/logs/Cache/Home/921d53177c151344e729eca7c171fe97.php 第 31 行.
NOTIC: [8] Undefined index: uid /home/wwwroot/www.wx-bang.com/PigData/logs/Cache/Home/921d53177c151344e729eca7c171fe97.php 第 31 行.
INFO: Run ParseTemplate Behavior [ RunTime:-0.002002s ]
INFO: [ view_parse ] --END-- [ RunTime:0.037145s ]
INFO: [ view_filter ] --START--
INFO: Run ContentReplace Behavior [ RunTime:-0.039218s ]
INFO: Run TokenBuild Behavior [ RunTime:-0.039739s ]
INFO: Run WriteHtmlCache Behavior [ RunTime:-0.040151s ]
INFO: Run ShowRuntime Behavior [ RunTime:-0.040411s ]
INFO: [ view_filter ] --END-- [ RunTime:0.001612s ]
INFO: [ view_end ] --START--
INFO: Run ShowPageTrace Behavior [ RunTime:-0.040873s ]
INFO: [ view_end ] --END-- [ RunTime:0.000597s ]

[ 2014-05-25T23:54:13+08:00 ] 112.90.82.164 /
INFO: [ app_begin ] --START--
INFO: Run ReadHtmlCache Behavior [ RunTime:0.000420s ]
INFO: [ app_begin ] --END-- [ RunTime:0.000485s ]
NOTIC: [2] Cannot use a scalar value as an array /home/wwwroot/www.wx-bang.com/PigCms/_Core/Lib/Core/View.class.php 第 69 行.
INFO: [ view_template ] --START--
INFO: Run LocationTemplate Behavior [ RunTime:-0.001494s ]
INFO: [ view_template ] --END-- [ RunTime:0.000372s ]
INFO: [ view_parse ] --START--
NOTIC: [8] Use of undefined constant uid - assumed 'uid' /home/wwwroot/www.wx-bang.com/PigData/logs/Cache/Home/921d53177c151344e729eca7c171fe97.php 第 31 行.
NOTIC: [8] Undefined index: uid /home/wwwroot/www.wx-bang.com/PigData/logs/Cache/Home/921d53177c151344e729eca7c171fe97.php 第 31 行.
INFO: Run ParseTemplate Behavior [ RunTime:-0.001932s ]
INFO: [ view_parse ] --END-- [ RunTime:0.025488s ]
INFO: [ view_filter ] --START--
INFO: Run ContentReplace Behavior [ RunTime:-0.027472s ]
INFO: Run TokenBuild Behavior [ RunTime:-0.027838s ]
INFO: Run WriteHtmlCache Behavior [ RunTime:-0.028215s ]
INFO: Run ShowRuntime Behavior [ RunTime:-0.028471s ]
INFO: [ view_filter ] --END-- [ RunTime:0.001406s ]
INFO: [ view_end ] --START--
INFO: Run ShowPageTrace Behavior [ RunTime:-0.028915s ]
INFO: [ view_end ] --END-- [ RunTime:0.000509s ]

[ 2014-05-25T23:55:32+08:00 ] 180.153.81.158 /
INFO: [ app_begin ] --START--
INFO: Run ReadHtmlCache Behavior [ RunTime:0.000423s ]
INFO: [ app_begin ] --END-- [ RunTime:0.000485s ]
NOTIC: [2] Cannot use a scalar value as an array /home/wwwroot/www.wx-bang.com/PigCms/_Core/Lib/Core/View.class.php 第 69 行.
INFO: [ view_template ] --START--
INFO: Run LocationTemplate Behavior [ RunTime:-0.001485s ]
INFO: [ view_template ] --END-- [ RunTime:0.000379s ]
INFO: [ view_parse ] --START--
NOTIC: [8] Use of undefined constant uid - assumed 'uid' /home/wwwroot/www.wx-bang.com/PigData/logs/Cache/Home/921d53177c151344e729eca7c171fe97.php 第 31 行.
NOTIC: [8] Undefined index: uid /home/wwwroot/www.wx-bang.com/PigData/logs/Cache/Home/921d53177c151344e729eca7c171fe97.php 第 31 行.
INFO: Run ParseTemplate Behavior [ RunTime:-0.001936s ]
INFO: [ view_parse ] --END-- [ RunTime:0.090131s ]
INFO: [ view_filter ] --START--
INFO: Run ContentReplace Behavior [ RunTime:-0.092143s ]
INFO: Run TokenBuild Behavior [ RunTime:-0.092718s ]
INFO: Run WriteHtmlCache Behavior [ RunTime:-0.093158s ]
INFO: Run ShowRuntime Behavior [ RunTime:-0.093420s ]
INFO: [ view_filter ] --END-- [ RunTime:0.001703s ]
INFO: [ view_end ] --START--
INFO: Run ShowPageTrace Behavior [ RunTime:-0.093913s ]
INFO: [ view_end ] --END-- [ RunTime:0.000614s ]

[ 2014-05-25T23:56:19+08:00 ] 180.153.212.27 /
INFO: [ app_begin ] --START--
INFO: Run ReadHtmlCache Behavior [ RunTime:0.000478s ]
INFO: [ app_begin ] --END-- [ RunTime:0.000554s ]
NOTIC: [2] Cannot use a scalar value as an array /home/wwwroot/www.wx-bang.com/PigCms/_Core/Lib/Core/View.class.php 第 69 行.
INFO: [ view_template ] --START--
INFO: Run LocationTemplate Behavior [ RunTime:-0.001631s ]
INFO: [ view_template ] --END-- [ RunTime:0.000451s ]
INFO: [ view_parse ] --START--
NOTIC: [8] Use of undefined constant uid - assumed 'uid' /home/wwwroot/www.wx-bang.com/PigData/logs/Cache/Home/921d53177c151344e729eca7c171fe97.php 第 31 行.
NOTIC: [8] Undefined index: uid /home/wwwroot/www.wx-bang.com/PigData/logs/Cache/Home/921d53177c151344e729eca7c171fe97.php 第 31 行.
INFO: Run ParseTemplate Behavior [ RunTime:-0.002155s ]
INFO: [ view_parse ] --END-- [ RunTime:0.013098s ]
INFO: [ view_filter ] --START--
INFO: Run ContentReplace Behavior [ RunTime:-0.015290s ]
INFO: Run TokenBuild Behavior [ RunTime:-0.015718s ]
INFO: Run WriteHtmlCache Behavior [ RunTime:-0.016154s ]
INFO: Run ShowRuntime Behavior [ RunTime:-0.016471s ]
INFO: [ view_filter ] --END-- [ RunTime:0.001614s ]
INFO: [ view_end ] --START--
INFO: Run ShowPageTrace Behavior [ RunTime:-0.016985s ]
INFO: [ view_end ] --END-- [ RunTime:0.000582s ]

[ 2014-05-25T23:56:21+08:00 ] 27.115.124.47 /
INFO: [ app_begin ] --START--
INFO: Run ReadHtmlCache Behavior [ RunTime:0.000511s ]
INFO: [ app_begin ] --END-- [ RunTime:0.000574s ]
NOTIC: [2] Cannot use a scalar value as an array /home/wwwroot/www.wx-bang.com/PigCms/_Core/Lib/Core/View.class.php 第 69 行.
INFO: [ view_template ] --START--
INFO: Run LocationTemplate Behavior [ RunTime:-0.001587s ]
INFO: [ view_template ] --END-- [ RunTime:0.000405s ]
INFO: [ view_parse ] --START--
NOTIC: [8] Use of undefined constant uid - assumed 'uid' /home/wwwroot/www.wx-bang.com/PigData/logs/Cache/Home/921d53177c151344e729eca7c171fe97.php 第 31 行.
NOTIC: [8] Undefined index: uid /home/wwwroot/www.wx-bang.com/PigData/logs/Cache/Home/921d53177c151344e729eca7c171fe97.php 第 31 行.
INFO: Run ParseTemplate Behavior [ RunTime:-0.002073s ]
INFO: [ view_parse ] --END-- [ RunTime:0.044262s ]
INFO: [ view_filter ] --START--
INFO: Run ContentReplace Behavior [ RunTime:-0.046375s ]
INFO: Run TokenBuild Behavior [ RunTime:-0.046776s ]
INFO: Run WriteHtmlCache Behavior [ RunTime:-0.047170s ]
INFO: Run ShowRuntime Behavior [ RunTime:-0.047423s ]
INFO: [ view_filter ] --END-- [ RunTime:0.001451s ]
INFO: [ view_end ] --START--
INFO: Run ShowPageTrace Behavior [ RunTime:-0.047887s ]
INFO: [ view_end ] --END-- [ RunTime:0.000516s ]

[ 2014-05-25T23:56:23+08:00 ] 120.204.200.21 /
INFO: [ app_begin ] --START--
INFO: Run ReadHtmlCache Behavior [ RunTime:0.000419s ]
INFO: [ app_begin ] --END-- [ RunTime:0.000480s ]
NOTIC: [2] Cannot use a scalar value as an array /home/wwwroot/www.wx-bang.com/PigCms/_Core/Lib/Core/View.class.php 第 69 行.
INFO: [ view_template ] --START--
INFO: Run LocationTemplate Behavior [ RunTime:-0.001468s ]
INFO: [ view_template ] --END-- [ RunTime:0.000374s ]
INFO: [ view_parse ] --START--
NOTIC: [8] Use of undefined constant uid - assumed 'uid' /home/wwwroot/www.wx-bang.com/PigData/logs/Cache/Home/921d53177c151344e729eca7c171fe97.php 第 31 行.
NOTIC: [8] Undefined index: uid /home/wwwroot/www.wx-bang.com/PigData/logs/Cache/Home/921d53177c151344e729eca7c171fe97.php 第 31 行.
INFO: Run ParseTemplate Behavior [ RunTime:-0.001910s ]
INFO: [ view_parse ] --END-- [ RunTime:0.011644s ]
INFO: [ view_filter ] --START--
INFO: Run ContentReplace Behavior [ RunTime:-0.013588s ]
INFO: Run TokenBuild Behavior [ RunTime:-0.013933s ]
INFO: Run WriteHtmlCache Behavior [ RunTime:-0.014312s ]
INFO: Run ShowRuntime Behavior [ RunTime:-0.014560s ]
INFO: [ view_filter ] --END-- [ RunTime:0.001363s ]
INFO: [ view_end ] --START--
INFO: Run ShowPageTrace Behavior [ RunTime:-0.015010s ]
INFO: [ view_end ] --END-- [ RunTime:0.000480s ]

[ 2014-05-25T23:58:08+08:00 ] 112.90.82.164 /
INFO: [ app_begin ] --START--
INFO: Run ReadHtmlCache Behavior [ RunTime:0.000483s ]
INFO: [ app_begin ] --END-- [ RunTime:0.000574s ]
NOTIC: [2] Cannot use a scalar value as an array /home/wwwroot/www.wx-bang.com/PigCms/_Core/Lib/Core/View.class.php 第 69 行.
INFO: [ view_template ] --START--
INFO: Run LocationTemplate Behavior [ RunTime:-0.001605s ]
INFO: [ view_template ] --END-- [ RunTime:0.000400s ]
INFO: [ view_parse ] --START--
NOTIC: [8] Use of undefined constant uid - assumed 'uid' /home/wwwroot/www.wx-bang.com/PigData/logs/Cache/Home/921d53177c151344e729eca7c171fe97.php 第 31 行.
NOTIC: [8] Undefined index: uid /home/wwwroot/www.wx-bang.com/PigData/logs/Cache/Home/921d53177c151344e729eca7c171fe97.php 第 31 行.
INFO: Run ParseTemplate Behavior [ RunTime:-0.002115s ]
INFO: [ view_parse ] --END-- [ RunTime:0.035418s ]
INFO: [ view_filter ] --START--
INFO: Run ContentReplace Behavior [ RunTime:-0.037602s ]
INFO: Run TokenBuild Behavior [ RunTime:-0.038241s ]
INFO: Run WriteHtmlCache Behavior [ RunTime:-0.038817s ]
INFO: Run ShowRuntime Behavior [ RunTime:-0.039188s ]
INFO: [ view_filter ] --END-- [ RunTime:0.002194s ]
INFO: [ view_end ] --START--
INFO: Run ShowPageTrace Behavior [ RunTime:-0.040113s ]
INFO: [ view_end ] --END-- [ RunTime:0.001117s ]

[ 2014-05-25T23:59:29+08:00 ] 180.153.81.158 /
INFO: [ app_begin ] --START--
INFO: Run ReadHtmlCache Behavior [ RunTime:0.000417s ]
INFO: [ app_begin ] --END-- [ RunTime:0.000477s ]
NOTIC: [2] Cannot use a scalar value as an array /home/wwwroot/www.wx-bang.com/PigCms/_Core/Lib/Core/View.class.php 第 69 行.
INFO: [ view_template ] --START--
INFO: Run LocationTemplate Behavior [ RunTime:-0.001540s ]
INFO: [ view_template ] --END-- [ RunTime:0.000379s ]
INFO: [ view_parse ] --START--
NOTIC: [8] Use of undefined constant uid - assumed 'uid' /home/wwwroot/www.wx-bang.com/PigData/logs/Cache/Home/921d53177c151344e729eca7c171fe97.php 第 31 行.
NOTIC: [8] Undefined index: uid /home/wwwroot/www.wx-bang.com/PigData/logs/Cache/Home/921d53177c151344e729eca7c171fe97.php 第 31 行.
INFO: Run ParseTemplate Behavior [ RunTime:-0.001986s ]
INFO: [ view_parse ] --END-- [ RunTime:0.083819s ]
INFO: [ view_filter ] --START--
INFO: Run ContentReplace Behavior [ RunTime:-0.085847s ]
INFO: Run TokenBuild Behavior [ RunTime:-0.086245s ]
INFO: Run WriteHtmlCache Behavior [ RunTime:-0.086646s ]
INFO: Run ShowRuntime Behavior [ RunTime:-0.086924s ]
INFO: [ view_filter ] --END-- [ RunTime:0.001542s ]
INFO: [ view_end ] --START--
INFO: Run ShowPageTrace Behavior [ RunTime:-0.087438s ]
INFO: [ view_end ] --END-- [ RunTime:0.000506s ]

